3A6yxWhQ+XEJ6VPGi3PaHh9GJHh2F5kmV8k8R6ClqaxTYTUbZwMXW5VqKDtrx8hMXLka0SVraQ/0AseVito+cds1fvkxXHf/UcJOpsheQiYtDjBASiZhntC24/7HPy8o41GcJPfNPRK2sd3D9p+xXiLVdDM8meU+uIkWhAW9JYxBjxGfu7NTgkloYUUKF2ZL642ltN4=
bVJ365yJtVNs1nYMCxe3Z2ywosA5spTupLWepvyLBrVFr/jzHIGNCwwFXIFlf2QzFpoik8aJ0N84p8Z5SczPH7kSBuaAbmrGNT4oQFIWeX74hqu+j+/HyFvB5KRPXcWyHuGVgz5vWX46pWwzJGn9HtD5XkTNbY0sOR+pH0Mj6+IhOKmFwidOK/O9vbTG
MPBMA2GabWoLhgpHy51AVHz2i6wX3pP5OBPeACfmhs6+Q+gNPC6vZESQjOrQO8M/R2tMUz+5hJGEJMKddRaQ0rJDRoFRaW7TRgOi/bPzsnnjQlkDWsuo5hxj+PVuJ4bb+Jn3sHHnh244Fj4SVD4LQpbA7GpHhsb6FU6xk/kw5b1aRHEhe0qgnatzABPnhgTZUvOaFUPm7oXgtHMRs9QHYxf/fV/VGp9EF3X8W/DTTcGDtPg=
cB7D/SUWhuzA+akgd6z46PqWmuTT9mkpU7qcfoHrixGDigcd87ikQFU7R1/EYVsbeycDmQFdCTxWQJsgnPV+LczNqkRoY4CX3Iaq0biI1vL90PRaxx+0Wmfq1mePxrvzrZ6y6xPHU0EDYqpZZ93MUN86sFh58q/2+SQm+Paa3a9FKQfCq7a0ww==
tWgkMXrxR5E2a8DOOrhIKJjw07PMFvHARb/JKCwcAJbS56n5q0OgU4mfqy1bTtexWy0k3O2ft5MMVTtnYyMTdemJSWAuJCusFAHekZSJ+mhAd4CL5KLanfA8Ng5lVGQ2r0t0hp8O5muHspvPdVpiR7tT0927xlqVr+msLMc+oLSRJu+qgUCWdH5ufRMdbVfug6K03w==
DlG6FYQ3HxXorhuav3xT45jw07PMFvHARb/JKCwcAJbS9qH3rUyhAYmfqy1bTtexWyIk3O2ft5MMVTtnYyMTdemJSWAuJCusFAHekZSJ+mhAd4CL5KLanfA8Ng5lVGQ2r0t0hp8O5muHspvPdVpiR7tT0927xlqVr+msLMc+oLSRJu+qgUCWdH5ufRMdbVfug6K03w==
fk43xS17HhXfjnC60LjAXUpsm8k0MnPJcaIVEOoT2BPEWFZyRVMAKt+951Oy3wXi6a/rKRNU86kU6RbrUmOWJc8jHhF2xM/r9ptUviiD7M1yV6rzjFlD2J1XG5astspKaO5naoLA+EIrVvqi4e4la2WACdXuhAUJVzq8pb+TNEsb1qgxxnMOfe82kl3U1GcpryQrS+O/ybe5qgM8g9WIg8yDoemXtOw=
bxxvbsPnGDJv5vgiM60qPj95bBOHbXvHNGeljpyd+xJWXydBmJmqE2YDgj3Tc1K5i0W7QzpLSKY8Y9i1zqcmm9iZl/CRZ+eu2BZe0vS+q4K2wMyq5wZmOnVOUVOZsAX9OkRRYdvKAN2LcyBTBwZkmbLz+tWjZo5FwLRT0RNUp6M3/52ftZp/BHd1HBtQU+2Bo7TY
3rKd5/PQXjwxgHehIrPRA1DrbALY6WoIYT47RLVNoxwTN/psbS4dfN7a/bS7+RLjvkP6bQuTeqmCRbNTEisQdsSjgMV2R84rUBkfADnHnx4A1maCrJ5Dkr7AxLoPJj5qTY6J4+EQrQ2yxNnRMyq4rdOz2INfZkyJuvPyxYuGVhW49IshqzTPE79/Fe8dOoe0LzUky4hzhZGrtNA=
sZuq+knCrXg9F2JwWHVx9OTgigXp/llP7ywEFCsoNoCE1tMnDd+9zfsbh7Qf/x9q5RohVe/tWOfLsd95e9tNa+nGQk6TMuCTTucIM3LmxPUADWgoQiNkToaYmc7MWMvplGAzpJ41M2BLeSkgKol/kZOb94yCa3vb3Hr75EiatUTPjG2qrmoKfG3lAVdf4IegtNk=
ZtczAfixwSK48w99CEQ15F9VLmJvGJh1TcA9R7Swo5ZTP3p0AW1+QZx/MDNU8eUrFPVOhX0PfBP+aurTjtl4f8A3fvkxXHf/UcJOpsheQiYtDjBASiZhntC24/7HPy8o41GcJPfNPRK2sd3D9p+xXiLVdDM8meU+uIkWhAW9JYxBjxGfu7NTgkloYUUKF2ZL642ltN4=
YTrNc/k9GqLK6YPVROW/mraxfxARuJ6E5dGShGdro0Muw0rN+1NKyZpHo7Mia2DWdCMQZSYHngugGS9gaYdP/pBWFuIcXrOyrsDUmv/mjgo9DhkDMVD9bYLEKfFjaugNQzNoIy8mfGmq8+Klu0amtQh0G4F79B8zz38lD83619S/tdQrODP1sbu0wA==
PcG96VnwjAyHrgn435qgVD9jYB6FLDKPK3D8g9DCpEBURmZBmJmqE2YDgj3Tc1K5ikS7QzpLSKY8Y9i1zqcmm9iZl/CRZ+eu2BZe0vS+q4K2wMyq5wZmOnVOUVOZsAX9OkRRYdvKAN2LcyBTBwZkmbLz+tWjZo5FwLRT0RNUp6M3/52ftZp/BHd1HBtQU+2Bo7TY
k5YXGYfIbbscpQf6mgPzDDrYiZjU2JM5P43TyykYda+hG8u5SgF9geJvs558MI1c/ekntgosx1PFUd/ZGW/ZmtPvuhPqKo944nLez1M+OSpTns8zmHoYgwtVPPlSqumSbgduDXWTJuMi4HJryC7gwRMQqilx80u5k3JnFUPhpSeFA+eXtPkbM+tf4xExhYnUBvi7aGztvoXcNcpM2DuA/wy+ChnIEJbabagU0vfHNLI3UvYvf957W71m0uOjn1Mp01oKkRdFjHhPQlDQSSovHqmcBrAGgh0HVdFnyhvutKs=
/K2LQWp4a/9wDZ9fpJkUsyHb59MvV2iTwRoq4AbqoLVNgyRBt6IQ4w1BR27aZIer9Tn/wQln2aKjx1pLuuJPAFKaflfDtrmSozav60gyWHs7PRzhQqLpqh4vjlUlW+abkgjS81imYHnjuMrxobsLQaMaRw1T7qMf9SsHz+Qx20tbt0OJoQ0JbPZQ27C8pf597F3qVMgzgMd8lupBmNhWot1AtEpnT7QKx/qW96+WO6ONDvL7s5dTEaNy6slHjUwA/6rwSNmir6ZZNGZo1spd/2W5R9IL5rST
zNjsZ1Hl6mO9ZMcQ3A1Ix6csX9Ti+wWnX/QmLwr+hW/0d5Rt55Grlc+U+1hHI8pIbKAOGwqvwPhAaycuYrutlbvDFzx/N+9S4y3RnY9lyD+L6c9xW5P9k2m+8oazOvBLjr+Yu5KutM0ANRhgoqv0FkZAicbskHuRFJiD7L49IzgLobmoSkGPqZOjB0Ti4+sDnCLr7GjSBbxP9N1ijmIapK29kd+/qPeYtOE=
kRGwch4rGlXO+GP13Q+qksWA0RUuxCNoNb3HbgMp7lvayu2L1BN8Wfdlo5HPkPOsVxciLExEZi/a2wg8AK/vWrIPxXEbp/+I78Nn1mOpWWkf0SBbKw2nxYvnNVcpejryYw6Yr67bcI+CWrzJADEQlLKfHHJmpOHyPOSzVVRcS5huiUvcq8VRHNq1By0TJ4+wclcDZzzGg1i4ps14DzAVFl5WckCN2Xnrr1z/nLTl
8siAVa1qhNUjqjlMTg/bQ/5ZMixjm1pW5aEHPfa11nzsTrdzMEya9tZ74CUSTxFxK9OarKfE/fxQRm6ez5A+Hc0Gkrvqo84VJ0MmAXXDyPvOezyO8MNUHRr3MoME2ctoBTezRtR2EjpAzh96isDwUlN20tI5Ll27zeCRZWYEjXnPmtR1B9Pse3M2kCHOcwZt11Z6bYwU33lHhLO7az9BByFKq2x7ldBz5KNZ+Z+05A==
wlCf4N7gDdR8OFdUqrqm/2N72lqrxwSi0ngDda5EKVjyYcI8+bnEHXBT/2Onk8+Oz7YvARY+vGpKxbL9LF7gkbOg6jkRA8tps0KnhaOUo3cls6eH1Amb48tvI4HR9YmEpkj7eAwdPlX8BQrcOEuAr6wOSgmo4BYKTZjUQhe3NOKX4rY/Hy77i51WEnND71N5c+pKgXe1DKhvcpBAqVovTgksRqBmcp3XdeGnWvuetPs=
gXD16sxp8JghZWQSuqrzmj95bBOHbXvPNnG32pGU5UBWWW4V1szYE2YDgj3Tc1K5iE+0QzpLSKY8Y9i1zqcmm9iZl/CRZ+eu2BZe0vS+q4K2wMyq5wZmOnVOUVOZsAX9OkRRYdvKAN2LcyBTBwZkmbLz+tWjZo5FwLRT0RNUp6M3/52ftZp/BHd1HBtQU+2Bo7TY
UARr9F3aSg+y3bAd5X70Krb6gAu7lBxS8yxXHhcocsXQlZZzSLu9zfsbh7Qf/x9t4hQhVe/tWOfLsd95e9tNa+nGQk6TMuCTTucIM3LmxPUADWgoQiNkToaYmc7MWMvplGAzpJ41M2BLeSkgKol/kZOb94yCa3vb3Hr75EiatUTPjG2qrmoKfG3lAVdf4IegtNk=
8IFh5ghtu89rjq1aZ/g2OeaMhJGU248DHdu12dtPz/BPW7f6YoCJ8b+pELPrpdd9a/9lP6mS6uoDtmgH7rNAdyLC7OEAGUAMEmcsGiYMEUpc/GO91DQbgI4xO3RrLWFkei3XBRMPXyjSLzOP/G7z4Fi+nRCP2MUOPu6C6M2xSRMPxK+0tM0=
CF+kPmuzvC8C3ekEOZtU5AMWESd+Ja6BTN+gsyRRVevkFVqCY28MU07KGlMeeSg/kBdO+cG8p78Bot4meL6y5h0uIEBaBlFeIFZTfldff2gzsWwkx+1tUuYRTUMGPwEeUrVkMyx5Ff4IKWYElR31TJGvIZ/L0wNCmYjxxbp3FgvbrbW0zg==
p+fqn1aDZpfLZaz1BW0PFOSMhICWzYsDHdu12dtPz/BPW7f0YoCJ8b+pELPrpdd9a/9lP6mS6uoDtmgH7rNAdyLC7OEAGUAMEmcsGiYMEUpc/GO91DQbgI4xO3RrLWFkei3XBRMPXyjSLzOP/G7z4Fi+nRCP2MUOPu6C6M2xSRMPxK+0tM0=
T6qcPkRLOshFpF1v86meaAMWFzFiOK6BTN+gsyRRVevkFVSCY28MU07KGlMeeSg/kBdO+cG8p78Bot4meL6y5h0uIEBaBlFeIFZTfldff2gzsWwkx+1tUuYRTUMGPwEeUrVkMyx5Ff4IKWYElR31TJGvIZ/L0wNCmYjxxbp3FgvbrbW0zg==
Cb6ZDgnyuY+BivfSRYmamwMWFidwPa6BTN+gsyRRVevkFV2DY28MU07KGlMeeSg/kBdO+cG8p78Bot4meL6y5h0uIEBaBlFeIFZTfldff2gzsWwkx+1tUuYRTUMGPwEeUrVkMyx5Ff4IKWYElR31TJGvIZ/L0wNCmYjxxbp3FgvbrbW0zg==
UwFaDq+Os79pOIKtV79rKun7Hr3Frqz7iWyTg7PJ6wIv7/KTgO80ajWx1Q1ieFmvJ+d9Eoj5+RUNWFgCJfLfhfV3Q8khTQksdhDbcDxl/r1sneoUSHOAh/zW6oEYGFZiXYC0CucPtEpHupY3L1Y7Yw3O8rsz11NRIzLqCcdNTMB/avAIWeOv5tl0ZqhWCl0/5XlHkoumtNM=
aeCfplCTBsQW+bQSKXMy1+r3UKzBuOXljXOVj66A5lABy5ypyaN2O2jr1V0sdmSIK900XsimplZ1awcPZPHbi9t3Q8khTQksdhDbcDxl/r1sneoUSHOAh/zW6oEYGFZiXYC0CucPtEpHupY3L1Y7Yw3O8rsz11NRIzLqCcdNTMB/avAIWeOv5tl0ZqhWCl0/5XlHkoumtNM=
SyvQ5/42bQ+aakGJbHokVy9dtPHYjB7nAyv3tbw/wZaY1vjQ/11weqjSRc2RbgxRfNuw0l6JxlEkYkRU85lk8ioSJuqNz3dDrCW7l8NzU6UJuUlQzvRr/LTxXuE0WTo4IEeAu4TyGk1QTLb+xQQk5k97dLZ/3qY7J0Ibv9WKohfbY9Pt25aaRQ+ZLNxnbuBkcRfvmmGQ1iTenv1jvb2XvuOStO8=
1e5wm8zGSxQ9QQptmPV8M41ZJSxj31pC5NoHNLGFyF/ZbZxRNnLU8uc07CJbfE5jJ9jVpOneuaNHWm6+z9l7N/4oiaHusLRgQXpsS2mGlZD9JBzw14VQHlz5KYEE2ctoBTezRtR2EjpAzh96isDwUlN20tI5Ll27zeCRZWYEjXnPmtR1B9Pse3M2kCHOcwZt11Z6bYwU33lHhLO7bT9BByFKq2x7ldBz5KNZ+Z+05A==
1e5wm8zGSxQ9QQptmPV8M41ZJSxj31pC5NoHNLGFyF/ZbZxRNnLU8uc07CJbfE5jJ9jVpOneuaNHWm6+z9l7N/4oiaHusLRgQXpsS2mGlZD9JBzw14VQHlz5KYEE2ctoBTezRtR2EjpAzh96isDwUlN20tI5Ll27zeCRZWYEjXnPmtR1B9Pse3M2kCHOcwZt11Z6bYwU33lHhLO7bT9BByFKq2x7ldBz5KNZ+Z+05A==
H7HIMQF46qm0MkO4NclX6TI1PeJlXyNlbwD8RQYuGm78hFtKTlg4/ZmcZHgomuH8IVF2qLN8wQT3l8hjasIWc9KxzK8UjzK5/aSjryXqkkb0NlYW2RY8QEY+la7E3t8eGxdbeDepUGS7denCAtmBYwo3JS6WTfizsAFRziwhaiTZVZHcFTfZX/fLB1K9QD0lNv9ye5+VqbTS
r92g5xMMcY52RARI34G0Xljgju6s7oV3+ZW8r5ZbIjrulbKFjcZSnbRr2KQ09mcH/JiN7WSYqSF/WbADa9W3zasvhS+pgoq6QwaI924D4AdikszxAAlgXFIXjKqm/PH6HKwDrdQk+1BOgVsE653BlLr99xUTH3/4Et+TP3wek1CYbn0Ej8ilXn5eYhhNAeljT5SPpLTd
+8E2db41egQdIrN5MvBSKN/4242Yog+Y1FQMv6lj2N23iAxpRuYQl1yK23QIqlWQz9wNmm76Kgzt1eHHH5AncLQJ
Bi5DIAAgHnEDRYY85HOtItqVjmQcPReX3h5wo93qrJy8fFN/x5sv7enwNDJaLaqBm0ShSpzqG98nH30sxfH4NllD/sZ5pF13aFntSrPFiZSGuLso7K2+xVx1ygxYe4C/jP4KWUhQlprt6BSSd4c08rcS9m//nnsbPSbSoyPfU2lTGgrRlwWMOM8CUJDJbi9eKdwG8IbCHUfVkWeKm6606w==
I5SYiZNrI/esXfaD+KNuIu9G837/Zok4M5eOMbM5DmC2n3mD1RfQOQ+axhnDtZmDuI8L3sfbYYM0McE1SyEObSmzbJBRTX5O5JgyNuaGBC0fSGieO2FYgEqvD6sW2YXfLCL8c0tJxtFqN2KjNNk7CNV3A+ZE9mLaEA4vWprA4HJjtoIySa7NG32gQQWWBL1Zn1qklZdTXNujdmBB3nMWjaeWKs08lE8Zt8Rjm18/MedxihvM6xUgEzTjadmPtPQ=
10NwUTJY6Nu6/izARGhToB5hpJUnE6jvXt87ajVlP4YeKiey9ikh7+/oJFluRv0NpHTbATv037MLf2WPDfoXVP+1FKv4M7Uxe7QA
TblenAa3/OOPwJoeIm5BWzfV4vL36NM2V8nVOpp5U2epHx8aHX/Ntemwg0BOVRSlRuRRb28l1JRBTSVcOzqu3ahyWBdPYmB6teI6BHXdVcwx70Wf6xPjwnlI0cXaN3aLe21VtC4=
3tz6dv2deRkggH9xWVMFivaEJ1eNrSoBhh6IHc/VDwesVF1eWt65kPkuSkoYFZvhkQm2gJ9cU/lIlmdcdNDki7mXkHk3LESdVtL4E/xOs0DY3t00j/gF7r5OQsjN0Qlzj2RvVLQt
TlXat94w8W9DBGSAAfRiPBd+YCxRRiViWuLBrAkSMvb4qeNdYbXOPF9gK8W4qh9glOycN0kr6MW3kDwhpm6ALxxyy3wo4qUIT0R9Uk7yOnQtbXFPf1gXaLQR
EUHuL+BUsA3GNO/hAEecbippy9cvmVEZQ08tZlrmybgZBhoS2M3LiTHhBvgfpOOR6H63BDQINKPZv2BBNxS0tTb6KMu8FmOoeLZtzA+AtQYeJhIQDYlZW29MH2y0FQ==
1hFm2FE9vxSK9XWKR1VdyQNa5PIeq3ADdE8tZlrmybgZBhoS2M3LiTHhBvgfpOOR6H63BDQINKPZv2BBNxS0tTb6KMu8FmOoeLZtzA+AtQYeJhIQDYlZW29MH2y0FQ==
BTE1TXX3CofGpAn4wA1ZRXM1mRjFp93noeDaZE02kZyGhEg/f/eJC6qevwaHPwDEy7LEWmB9AfUsh/dWcHt+oPQd7CSXlgCcgetvYpFoNtwuZj2bTUV3RhNqtBc=
hYDtj31ftPVA1F3b5s55441ZJSxj31pC5NoHNLGFyF/ZbZxRNnLU8uc07CJbfE5jJ9jVpOneuaNHWm6+z9l7N/4oiaHusLRgQXpsS2mGlZD9JBzw14VQHlz5KYEE2ctoBTezRtR2EjpAzh96isDwUlN20tI5Ll27zeCRZWYEjXnPmtR1B9Pse3M2kCHOcwZt11Z6bYwU33lHhLO7bj9BByFKq2x7ldBz5KNZ+Z+05A==
BwiJKAjhyUarRO/ItP9R0B5hpJQnE6jvXt87ajVlP4YeKiey9ikh7+/oJFluRv0NpHTbATv037MKf2WPDfoXVP+1FKv4M7Uxe7QA
Kj7WUfDCdOCL4Z+Mm6EGZDT2+FW7pmre2fVRTaACL1wk9Cthy7Qv0xl+da89uqf0TzWEC6jz5dELtHA=
pajnCUnjC7DcFl8Tn5sZRoYgOMJxdxrhIlhu8h+NTGC/inBoGUSuRpkU5kiWql2fJZnH8ssGtHM=
Kj7WUfDCdOCL4Z+Mm6EGZDT2+FW7pmre2fVRTaACL1wk9Cthy7Qv0xl+da89uqf0TzWEC6jz5dELtHA=
pajnCUnjC7DcFl8Tn5sZRoYgOMJxdxrhIlhu8h+NTGC/inBoGUSuRpkU5kiWql2fJZnH8ssGtHM=
XAl7nSFkmdBNvVuWsqAkxFFGMdc+5mDc+eRQFIbhfjcMhdtOU70ePEZFLHynjmBEMXDu+iGwVsQePv3D/d0XniNytA8=
+ZIMHq6av36QIjmYXEX6Zx+uc/tIdCC7oi1e1YGxc7/9P09szyysZLHlSTydZ6PezxuPcuUwFeXe78oblyVxtAo=
Kj7WUfDCdOCL4Z+Mm6EGZDT2+FW7pmre2fVRTaACL1wk9Cthy7Qv0xl+da89uqf0TzWEC6jz5dELtHA=
pajnCUnjC7DcFl8Tn5sZRoYgOMJxdxrhIlhu8h+NTGC/inBoGUSuRpkU5kiWql2fJZnH8ssGtHM=
Xxft07UDaFONAxUKnTPq+lqx+kifPJNZyHKlMnTwpCs591BZNwyE/dZyuDP8LnOgWH4dW44YRU4+LgIozfHJ0w+EL3S0DQ==
XBid3pEltODJ2xaa5km2a7X8rfSWZVDxZAJEtDM55JJlOSfJza/342zFu/eD09NFyZlJcA4U61z0kV4B9Pm6WGBngJvEkprtkKy2noWkpAaPW3SWvz4mm2ciG18VKiJ3m0PTzZv2GuXPeSy8J85ghLE97rqhcFaEnv79g30dF96jsrTP
Xdmy0wW0QwDdpUBdpdVvNnM1mRjFp93noeDaZE02kZyGhEg/f/eJC6qevwaHPwDAybzEWmB9AfUsh/dWcHt+oPQd7CSXlgCcgeVuYpFoNtwuZj2bTUV3RhNqtBc=
J1Bv4ZSfzfXyWh+AQiSHmANa5PIeq3ADdE8tZlrmybgZBhoS2M3LiTHhBvgfpOOR6Hq1CjQINKPZv2BBNxS0tTb6KMu8FmOoeLZtww6AtQYeJhIQDYlZW29MH2y0FQ==
W2/yI4651Zw/s+07/GDVuippy9cvmVEZQ08tZlrmybgZBhoS2M3LiTHhBvgfpOOR6Hq1CjQINKPZv2BBNxS0tTb6KMu8FmOoeLZtww6AtQYeJhIQDYlZW29MH2y0FQ==
l1hNBKz0unE3XyMa/SQ65Bd+YCxRRiViWuLBrAkSMvb4qeNdYbXOPF9gK8W4rh1ulOycN0kr6MW3kDwhpm6ALxxyy3wo4qUHTkR9Uk7yOnQtbXFPf1gXaLQR
k/az7gDMFZ3gIACag/XcPfaEJ1eNrSoBhh6IHc/VDwesVF1eWt65kPkuSkoYFZvhkQm2gJ9cU/lIkmVSdNDki7mXkHk3LESdVtL4E/xOs0DY3t07jvgF7r5OQsjN0Qlzj2RvVLQt
L3ubYKuToxLbHxjzDo766jfV4vL36NM2V8nVOpp5U2epHx8aHX/Ntemwg0BOVRSlRuRRb28l1JRFTytcOzqu3ahyWBdPYmB6teI6BHXdVcwx70qe6xPjwnlI0cXaN3aLe21VtC4=
lkAFp3+dUPKJzv/1PKdYzMLF+4FWTZC1LVMqZWAW9RSvG2IaX1VwKW+d873ET5PVRMJFHIUp2jgv+0CHcB9U88Y6shN2aSAfaMf2ebnsn18JsvZmEA46BsUeOEBCNom+qOY7Pn9Pd4gL4RSkfz2Vcu4BJQOuz4m+CsV8MzSJzV6AWc7EfQ39bOn/kh4zAzsikZjZBVLHnmuDna201g==
yfpMuRG9t28LMUN7/K1sme3Gqw31jDM+uon+BXMQWs7wtWUvJQdpky/bDlCkP+wtk6yVAxsnDAn68zVKXpu4hRL0S6FrNI+T9H5Vb106xzRvNWRLSHNFEWu0EA==
zOk7pLkA53uGLJ3TEhVpri/O4PUwNKDVFRghuAix0xWynNv7vPYjCPjWreMOoPXmnobScA2pGbvv7N8MtHU=
zOk7pLkA53uGLJ3TEhVpri/O4PUwNKDVFRghuAix0xWynNv7vPYjCPjWreMOoPXmnobScA2pGbvv7N8MtHU=
acDcQ+cygWIuiY2p/mSgaLM3oMTIMbe/ACmJ2j+mtobjgkOljdqks5gLgJ5kKUtE4QmP5zxwso/MFgVqFtCO0tCs3r7c6o/i81DxKUqKqipjv1p1eU8EOXBng10lWS9AvEl7i/d++g3nV2PzUDQk+IsYAGNSO5bw4wkXCuZJ
