v8rAxDAJV+ZuSD6mbrE0fR9GJHh2F5kmV8k8R6ClqaxTYTUbZwMXW5VqKDtrx8hMXLka0SVraQ/0AseVito+cds1fvkxXHf/UcJOpsheQiYtDjBASiZhntC24/7HPy8o41GcJPfNPRK2sd3D9p+xXiLVdDM8meU+uIkWhAW9JYxBjxWau75UgkloYUUKF2ZL642ltN4=
lw/NirXuCqnkzzIN+nYUAGywosA5spTupLWepvyLBrVFr/jzHIGNCwwFXIFlf2QzFpoik8aJ0N84p8Z5SczPH7kSBuaAbmrGNT4oQFIWeX74hqu+j+/HyFvB5KRPXcWyHuGVgz5vWX46pWwzJGn9HtD5XkTNbY0sOR+tGkMu7OIhOKmFwidOK/O9vbTG
WKjNRn1ZEokqECWaRwYOjHz2i6wX3pP5OBPeACfmhs6+Q+gNPC6vZESQjOrQO8M/R2tMUz+5hJGEJMKddRaQ0rJDRoFRaW7TRgOi/bPzsnnjQlkDWsuo5hxj+PVuJ4bb+Jn3sHHnh244Fj4SVD4LQpbA7GpHhsb6FU6xk/kw5b1aRHEhe0qgnatzABPnhgTZUvOaFUPm7oXgtHMRs9QHYxP6fVLSGp9EF3X8W/DTTcGDtPg=
a4poXlyHnfjiYJ4MLDWVEvqWmuTT9mkpU7qcfoHrixGDigcd87ikQFU7R1/EYVsbeycDmQFdCTxWQJsgnPV+LczNqkRoY4CX3Iaq0biI1vL90PRaxx+0Wmfq1mePxrvzrZ6y6xPHU0EDYqpZZ93MUN86sFh59qr29CMm+Paa3a9FKQfCq7a0ww==
3czqev9ZY89NkBh4zOPXb5jw07PMFvHARb/JKCwcAJbS56n5q0OgU4mfqy1bTtexWy0k3O2ft5MMVTtnYyMTdemJSWAuJCusFAHekZSJ+mhAd4CL5KLanfA8Ng5lVGQ2r0t0hp8O5muHspvPdVpiR7tT0927xlqVr+msLMc+oLSRIuqqjEeWdH5ufRMdbVfug6K03w==
0d4l/s99oVE1OJpsNkKr8pjw07PMFvHARb/JKCwcAJbS9qH3rUyhAYmfqy1bTtexWyIk3O2ft5MMVTtnYyMTdemJSWAuJCusFAHekZSJ+mhAd4CL5KLanfA8Ng5lVGQ2r0t0hp8O5muHspvPdVpiR7tT0927xlqVr+msLMc+oLSRIuqqjEeWdH5ufRMdbVfug6K03w==
PaTNLLqvZnZ2vgshaTpAREpsm8k0MnPJcaIVEOoT2BPEWFZyRVMAKt+951Oy3wXi6a/rKRNU86kU6RbrUmOWJc8jHhF2xM/r9ptUviiD7M1yV6rzjFlD2J1XG5astspKaO5naoLA+EIrVvqi4e4la2WACdXuhAUJVzq8pb+TNEsb1qgxxnMOfe82kl3U1GcpryQrS+e6ybq+qgM8g9WIg8yDoemXtOw=
e8Erp1G6eeo5zyZu3hftAj95bBOHbXvHNGeljpyd+xJWXydBmJmqE2YDgj3Tc1K5i0W7QzpLSKY8Y9i1zqcmm9iZl/CRZ+eu2BZe0vS+q4K2wMyq5wZmOnVOUVOZsAX9OkRRYdvKAN2LcyBTBwZkmbLz+tWjZo5FwLRT0RNUp6Mz+p2Sspp/BHd1HBtQU+2Bo7TY
TqvdIM4GxI+zIhwBVyAiZVDrbALY6WoIYT47RLVNoxwTN/psbS4dfN7a/bS7+RLjvkP6bQuTeqmCRbNTEisQdsSjgMV2R84rUBkfADnHnx4A1maCrJ5Dkr7AxLoPJj5qTY6J4+EQrQ2yxNnRMyq4rdOz2INfZkyJuvPyxYuGVhW49IshqzTPE7t6FeIaOoe0LzUky4hzhZGrtNA=
8jzHc4uBLSqH8zBwqzD9M+TgigXp/llP7ywEFCsoNoCE1tMnDd+9zfsbh7Qf/x9q5RohVe/tWOfLsd95e9tNa+nGQk6TMuCTTucIM3LmxPUADWgoQiNkToaYmc7MWMvplGAzpJ41M2BLeSkgKol/kZOb94yCa3vb3Hr75EiatUDKjGCtrmoKfG3lAVdf4IegtNk=
Ly1hO4Cqsn6PKc+pt1WpXl9VLmJvGJh1TcA9R7Swo5ZTP3p0AW1+QZx/MDNU8eUrFPVOhX0PfBP+aurTjtl4f8A3fvkxXHf/UcJOpsheQiYtDjBASiZhntC24/7HPy8o41GcJPfNPRK2sd3D9p+xXiLVdDM8meU+uIkWhAW9JYxBjxWau75UgkloYUUKF2ZL642ltN4=
o4hbp8hlYBNPXguj8lTNJbaxfxARuJ6E5dGShGdro0Muw0rN+1NKyZpHo7Mia2DWdCMQZSYHngugGS9gaYdP/pBWFuIcXrOyrsDUmv/mjgo9DhkDMVD9bYLEKfFjaugNQzNoIy8mfGmq8+Klu0amtQh0G4F79B8zy3olAsr619S/tdQrODP1sbu0wA==
4wGHByaT134i/BG4WNfBmj9jYB6FLDKPK3D8g9DCpEBURmZBmJmqE2YDgj3Tc1K5ikS7QzpLSKY8Y9i1zqcmm9iZl/CRZ+eu2BZe0vS+q4K2wMyq5wZmOnVOUVOZsAX9OkRRYdvKAN2LcyBTBwZkmbLz+tWjZo5FwLRT0RNUp6Mz+p2Sspp/BHd1HBtQU+2Bo7TY
aVA0/6cNXVCr4Wj2yRbMATrYiZjU2JM5P43TyykYda+hG8u5SgF9geJvs558MI1c/ekntgosx1PFUd/ZGW/Zk63Etm/bKo944nLez1M+OSpTns8zmHoYgwtVPPlSqumSbgduDXWTJuMi4HJryC7gwRMQqilx80u5k3JnFUPhpSeFA+eXtPkbM+tf4xExhYnUBvi7aGztvoXcNcpM2DuA/wy+ChnIEJbabagU0vfHNLI3UvYvf957W71m0uOjn1Mp01oKkRdFjHhPQlDQSS4qHqSbBrAGgh0HVdFnyhvutKs=
9csjF242nXildJ2OmtTo3iHb59MvV2iTwRoq4AbqoLVNgyRBt6IQ4w1BR27aZIer9Tn/wQln2avd7FY3i+JPAFKaflfDtrmSozav60gyWHs7PRzhQqLpqh4vjlUlW+abkgjS81imYHnjuMrxobsLQaMaRw1T7qMf9SsHz+Qx20tbt0OJoQ0JbPZQ27C8pf597F3qVMgzgMd8lupBmNhWot1AtEpnT7QKx/qW96+WO6ONDvL7s5dTEaNy6slHjUwA/6rwSNmmqqZUM2Zo1spd/2W5R9IL5rST
JzLb+ExztQ/l6ZY+aaTkK6csX9Ti+wWnX/QmLwr+hW/0d5Rt55Grlc+U+1hHI8pIbKAOGwqvwPhAaycuYrutlbvDFzx/N+9S4y3RnY9lyD+L6c9xW5P9k2m+8oazOvBLjr+Yu5KutM0ANRhgoqv0FkZAicbskHuRFJiD7L49IzgLobmoSkGPqZOjB0Ti4+sDnCLr7GjSBbhK9NBljmIapK29kd+/qPeYtOE=
EiS/VGfcecRjWNstfBnptcWA0RUuxCNoNb3HbgMp7lvayu2L1BN8Wfdlo5HPkPOsVxciLExEZi/a2wg8AK/vWrIPxXEbp/+I78Nn1mOpWWkf0SBbKw2nxYvnNVcpejryYw6Yr67bcI+CWrzJADEQlLKfHHJmpOHyPOSzVVRcS5huiUvcq8VRHNq1By0TJ4+wclcDZzzGg1i4ps18CjAYEV5WckCN2Xnrr1z/nLTl
CS7M4CSpcpac/dmTINlYbf5ZMixjm1pW5aEHPfa11nzsTrdzMEya9tZ74CUSTxFxK9OarKfE/fxQRm6ez5A+Hc0Gkrvqo84VJ0MmAXXDyPvOezyO8MNUHRr3MoME2ctoBTezRtR2EjpAzh96isDwUlN20tI5Ll27zeCRZWYEjXnPmtR1B9Pse3M2kCHOcwZt11Z6bYwU33lHhLO7bzpBCiZKq2x7ldBz5KNZ+Z+05A==
7NjAAXO9oPBGfoEvqD7reWN72lqrxwSi0ngDda5EKVjyYcI8+bnEHXBT/2Onk8+Oz7YvARY+vGpKxbL9LF7gkbOg6jkRA8tps0KnhaOUo3cls6eH1Amb48tvI4HR9YmEpkj7eAwdPlX8BQrcOEuAr6wOSgmo4BYKTZjUQhe3NOKX4rY/Hy77i51WEnND71N5c+pKgXe1DKhvcpBAqV4qTgQrRqBmcp3XdeGnWvuetPs=
VYC6GAoRemhdGvtSeohCcj95bBOHbXvPNnG32pGU5UBWWW4V1szYE2YDgj3Tc1K5iE+0QzpLSKY8Y9i1zqcmm9iZl/CRZ+eu2BZe0vS+q4K2wMyq5wZmOnVOUVOZsAX9OkRRYdvKAN2LcyBTBwZkmbLz+tWjZo5FwLRT0RNUp6Mz+p2Sspp/BHd1HBtQU+2Bo7TY
pHn4MC0e986Vot9lnanGmLb6gAu7lBxS8yxXHhcocsXQlZZzSLu9zfsbh7Qf/x9t4hQhVe/tWOfLsd95e9tNa+nGQk6TMuCTTucIM3LmxPUADWgoQiNkToaYmc7MWMvplGAzpJ41M2BLeSkgKol/kZOb94yCa3vb3Hr75EiatUDKjGCtrmoKfG3lAVdf4IegtNk=
AZJH4fuvfuO+z7TGZf+PyeaMhJGU248DHdu12dtPz/BPW7f6YoCJ8b+pELPrpdd9a/9lP6mS6uoDtmgH7rNAdyLC7OEAGUAMEmcsGiYMEUpc/GO91DQbgI4xO3RrLWFkei3XBRMPXyjSLzOP/G7z4Fi+nRSK2MgJPu6C6M2xSRMPxK+0tM0=
HKjVhu7aj0fSQaVozeSu4QMWESd+Ja6BTN+gsyRRVevkFVqCY28MU07KGlMeeSg/kBdO+cG8p78Bot4meL6y5h0uIEBaBlFeIFZTfldff2gzsWwkx+1tUuYRTUMGPwEeUrVkMyx5Ff4IKWYElR31TJGvJZrL3gRCmYjxxbp3FgvbrbW0zg==
7cNxQRTWFemEscQv66Cz5+SMhICWzYsDHdu12dtPz/BPW7f0YoCJ8b+pELPrpdd9a/9lP6mS6uoDtmgH7rNAdyLC7OEAGUAMEmcsGiYMEUpc/GO91DQbgI4xO3RrLWFkei3XBRMPXyjSLzOP/G7z4Fi+nRSK2MgJPu6C6M2xSRMPxK+0tM0=
EX8ylv+YkDoxKQbK2PNrCwMWFzFiOK6BTN+gsyRRVevkFVSCY28MU07KGlMeeSg/kBdO+cG8p78Bot4meL6y5h0uIEBaBlFeIFZTfldff2gzsWwkx+1tUuYRTUMGPwEeUrVkMyx5Ff4IKWYElR31TJGvJZrL3gRCmYjxxbp3FgvbrbW0zg==
bn827F5fLVs5/xja976k0wMWFidwPa6BTN+gsyRRVevkFV2DY28MU07KGlMeeSg/kBdO+cG8p78Bot4meL6y5h0uIEBaBlFeIFZTfldff2gzsWwkx+1tUuYRTUMGPwEeUrVkMyx5Ff4IKWYElR31TJGvJZrL3gRCmYjxxbp3FgvbrbW0zg==
62QltDa9V6Fbwl958wMq++n7Hr3Frqz7iWyTg7PJ6wIv7/KTgO80ajWx1Q1ieFmvJ+d9Eoj5+RUNWFgCJfLfhfV3Q8khTQksdhDbcDxl/r1sneoUSHOAh/zW6oEYGFZiXYC0CucPtEpHupY3L1Y7Yw3O8rsz11NRIzLqCcdNTMB/avAIWeeq5tRzZqhWCl0/5XlHkoumtNM=
AO6VLVTzOjyh13e2aw7mmer3UKzBuOXljXOVj66A5lABy5ypyaN2O2jr1V0sdmSIK900XsimplZ1awcPZPHbi9t3Q8khTQksdhDbcDxl/r1sneoUSHOAh/zW6oEYGFZiXYC0CucPtEpHupY3L1Y7Yw3O8rsz11NRIzLqCcdNTMB/avAIWeeq5tRzZqhWCl0/5XlHkoumtNM=
2CuMBgqY84W5z8gQO1w4aC9dtPHYjB7nAyv3tbw/wZaY1vjQ/11weqjSRc2RbgxRfNuw0l6JxlEkYkRU85lk8ioSJuqNz3dDrCW7l8NzU6UJuUlQzvRr/LTxXuE0WTo4IEeAu4TyGk1QTLb+xQQk5k97dLZ/3qY7J0Ibv9WKohfbY9Pt25aaRQ+ZLNxnbuBkcRPqmmyX1iTenv1jvb2XvuOStO8=
u/wa+kS3kQGrd25D0hqy/I1ZJSxj31pC5NoHNLGFyF/ZbZxRNnLU8uc07CJbfE5jJ9jVpOneuaNHWm6+z9l7N/4oiaHusLRgQXpsS2mGlZD9JBzw14VQHlz5KYEE2ctoBTezRtR2EjpAzh96isDwUlN20tI5Ll27zeCRZWYEjXnPmtR1B9Pse3M2kCHOcwZt11Z6bYwU33lHhLO7YTpBCiZKq2x7ldBz5KNZ+Z+05A==
u/wa+kS3kQGrd25D0hqy/I1ZJSxj31pC5NoHNLGFyF/ZbZxRNnLU8uc07CJbfE5jJ9jVpOneuaNHWm6+z9l7N/4oiaHusLRgQXpsS2mGlZD9JBzw14VQHlz5KYEE2ctoBTezRtR2EjpAzh96isDwUlN20tI5Ll27zeCRZWYEjXnPmtR1B9Pse3M2kCHOcwZt11Z6bYwU33lHhLO7YTpBCiZKq2x7ldBz5KNZ+Z+05A==
7RuNP0T2QIJyNxkzrf76/TI1PeJlXyNlbwD8RQYuGm78hFtKTlg4/ZmcZHgomuH8IVF2qLN8wQT3l8hjasIWc9KxzK8UjzK5/aSjryXqkkb0NlYW2RY8QEY+la7E3t8eGxdbeDepUGS7denCAtmBYwo3JS6WTfizsAFRziwhaiTZVZHcFTffWffGAFK9QD0lNv9ye5+VqbTS
RYaGVbiWhMD3yK2AbhrbpVjgju6s7oV3+ZW8r5ZbIjrulbKFjcZSnbRr2KQ09mcH/JiN7WSYqSF/WbADa9W3zasvhS+pgoq6QwaI924D4AdikszxAAlgXFIXjKqm/PH6HKwDrdQk+1BOgVsE653BlLr99xUTH3/4Et+TP3wek1CYbn0CicioWX5eYhhNAeljT5SPpLTd
1hjUG/KIOIBcfuoxr0TzRt/4242Yog+Y1FQMv6lj2N23iAxpRuYQl1yK23QIqlWWydwAnW76Kgzt1eHHH5AncLQJ
Hosre5Qfxxjo2mbG8nDbt9qVjmQcPReX3h5wo93qrJy8fFN/x5sv7enwNDJaLaqBm0ShSpzqG98nH30sxfH4NllD/sZ5pF13aFntSrPFiZSGuLso7K2+xVx1ygxYe4C/jP4KWUhQlprt6BSSd4c08rcS9m//nnsbPSbSoyPfU2lTGgrRlwWMOM8CUJDJaCleJNsG8IbCHUfVkWeKm6606w==
H1rw+U4LOK1vrihDV2oyTe9G837/Zok4M5eOMbM5DmC2n3mD1RfQOQ+axhnDtZmDuI8L3sfbYYM0McE1SyEObSmzbJBRTX5O5JgyNuaGBC0fSGieO2FYgEqvD6sW2YXfLCL8c0tJxtFqN2KjNNk7CNV3A+ZE9mLaEA4vWprA4HJjtoIySa7NG32gQQWWBL1Zn1qklZdTXNujdmBB3nMWjaeWKs08lE8Zt8Rjm1k5Mep2ihvM6xUgEzTjadmPtPQ=
5jNnXGew6F6onwEfd759+h5hpJUnE6jvXt87ajVlP4YeKiey9ikh7+/oJFluRv0NpHTbATv037MNeWWCCvoXVP+1FKv4M7Uxe7QA
S1OUqoJUDR9bCXGvnEIp8TfV4vL36NM2V8nVOpp5U2epHx8aHX/Ntemwg0BOVRSlRuRRb28l1JRBTSVcOzqu3ahyWBdPYmB6teI6BHXdVcwx70OZ6x7kwnlI0cXaN3aLe21VtC4=
bQeoSEtcA1mpuLBzY9pe8faEJ1eNrSoBhh6IHc/VDwesVF1eWt65kPkuSkoYFZvhkQm2gJ9cU/lIlmdcdNDki7mXkHk3LESdVtL4E/xOs0DY3t0yifgI6b5OQsjN0Qlzj2RvVLQt
o3slgx6ZVFjqx/rHGVfLThd+YCxRRiViWuLBrAkSMvb4qeNdYbXOPF9gK8W4qh9glOycN0kr6MW3kDwhpm6ALxxyy3wo4qUOSURwVU7yOnQtbXFPf1gXaLQR
cN1tiYF/6AmfJZGxR6cX6yppy9cvmVEZQ08tZlrmybgZBhoS2M3LiTHhBvgfpOOR6H63BDQINKPZv2BBNxS0tTb6KMu8FmOoeLZtygmAuAEeJhIQDYlZW29MH2y0FQ==
74tTOoQVz2yJbgJ2xlY5GgNa5PIeq3ADdE8tZlrmybgZBhoS2M3LiTHhBvgfpOOR6H63BDQINKPZv2BBNxS0tTb6KMu8FmOoeLZtygmAuAEeJhIQDYlZW29MH2y0FQ==
EZzJAniPJrFePnSS9aBr9XM1mRjFp93noeDaZE02kZyGhEg/f/eJC6qevwaHPwDEy7LEWmB9AfUsh/dWcHt+oPQd7CSXlgCcge1pYpxvNtwuZj2bTUV3RhNqtBc=
DQyZPPHA27O/vUZ++9EpYI1ZJSxj31pC5NoHNLGFyF/ZbZxRNnLU8uc07CJbfE5jJ9jVpOneuaNHWm6+z9l7N/4oiaHusLRgQXpsS2mGlZD9JBzw14VQHlz5KYEE2ctoBTezRtR2EjpAzh96isDwUlN20tI5Ll27zeCRZWYEjXnPmtR1B9Pse3M2kCHOcwZt11Z6bYwU33lHhLO7aDlBCiZKq2x7ldBz5KNZ+Z+05A==
S2HJdXkxNOC03GEKKjbeAR5hpJQnE6jvXt87ajVlP4YeKiey9ikh7+/oJFluRv0NpHTbATv037MMeWWCCvoXVP+1FKv4M7Uxe7QA
MNqf5grsRVcEUtUMj8kG+I09dukKSLoS3Bo7BMj6da/J7CBNLgpKnG1FQXffwMcAtHk=
i06UXZR3O2mQiiffzxbwazT2+FW7pmre2fVRTaACL1wk9Cthy7Qv0xR5daI6uqf0TzWEC6jz5dELtHA=
mlZPRk/Mu4H7D9t9PMQIZYYgOMJxdxrhIlhu8h+NTGC/inBoGUmpRpQT5kiWql2fJZnH8ssGtHM=
i06UXZR3O2mQiiffzxbwazT2+FW7pmre2fVRTaACL1wk9Cthy7Qv0xR5daI6uqf0TzWEC6jz5dELtHA=
mlZPRk/Mu4H7D9t9PMQIZYYgOMJxdxrhIlhu8h+NTGC/inBoGUmpRpQT5kiWql2fJZnH8ssGtHM=
nGa6VwxALqvCKycWSv5CSVqx+kifPJNZyHKlMnTwpCs591BZNwyE/dZyuDP8LnOgWH4dW4kYSEk+LgIozfHJ0w+EL3S0DQ==
F7PWmH5/LHCkVmfzIXyTZu9G837/Zok4M5eOMbM5DmC2n3mD1RfQOQ+axhnDtZmDuI8L3sfbYYM0McE1SyEObSmzbJBRTX5O5JgyNuaGBC0fSGieO2FYgEqvD6sW2YXfLCL8c0tJxtFqN2KjNNk7CNV3A+ZE9mLaEA4vWprA4HJjtoIySa7NG32gQQWWBL1Zn1qklZdTXNujdmBB3nMWjaeWKs08lE8Zt8Rjm1A5Mep2ihvM6xUgEzTjadmPtPQ=
oJrF25dLorxdrviKNe4XOlqx+kifPJNZyHanPHTwpCs591BZNwyE/dZyuDP8LnOgWH4dW4kYSEk+LgIozfHJ0w+EL3S0DQ==
G7IfoVzX4GwX+EgsjsLdTtqVjmQcPReX3h5wo93qrJy8fFN/x5sv7enwNDJaLaqBm0ShSpzqG98nH30sxfH4NllD/sZ5pF13aFntSrPFiZSGuLso7K2+xVx1ygxYe4C/jP4KWUhQlprt6BSSd4c08rcS9m//nnsbPSbSoyPfU2lTGgrRlwWMOM8CUJDJYSleJNsG8IbCHUfVkWeKm6606w==
Uy8wQcZ9sD7RWChA64hW1dG70I+EsA6KxURPr7Y22JWNzRY5SvgaglyK23QIqlWfydwAnW76Kgzt1eHHH5AncLQJ
gVFxrKrb9mt1TuVV4Ny+BSkfg7d6/hliED4MWyvL4NAOT3mBjHjJ3trEDWZhzSvPnMIrDOgyxRpPVJAFDgJaxK0d0f8/iDd4tAE=
QDQ4sVHDcRvDNh9WGZktLpwFinpShUtEvq4hDSOE/4nRUkElUpK3nMVBh6C58gJnOILtBiBPQPjTQ6t6c0OPXc7Z4sQ9jb1sqX/fH3OOfCLRGBkFkkdea0MdbbQW
OKZ0W508QlsIratGzdf3fOt/NMAPI4yNkm2Qz+2dheJm+TW80JiFfIRwC7/5FPipOCEFGhdAOx8d3//I3qXIohCVfCbhQpjYEvCEiMLf2Jibk0N6GxNUslJTmoTlfYUM4c83n9v+NAIpKEFFKtfGywtNRbQ+
6yi30EGBRSAer+IFL91RHVyDze1eIVDupGb0OhhPbyT9QfI0nJgYO1rwqWd5OqHn5tpQt0AUf7lnBJN7zT+hysbKS6yblTCzBCO5OX+0BA==
KkNzugEcGzuoAb122X1CNCgfg7d6/hliED4MWyvL4NAOT3mBjHjJ3trEDWZhzSvPnMIrDOgyxRhPVJAFDgJaxK0d0f8/iDd4tAE=
NlbglXgkE3xpYtv0+bosqg2DvJB9AACHmHFSp8hJf0FKEG3Z3vWwP12/1IqFGBqe+RvGa605DEivkhCgab4vrsTLxkCmkp03tQEnujt+tBs=
/OYVcpuuBuTFhbgc4BCM6BAgSrbdgKOGIK9KZleW2gtyENF3cTqp9w21fJ0Y1Adpz6QLC0G+KXpeKiN8I9Xow+wDgSl3tAw=
zKnIvakX+BiosvxNuFIEeFMnhJg4ekc1g4X7Q60BmUObEBCDxctEBg2cmgJBjzYHBZ1stPcmwOyh/G5yvB/2bE72vQut9Te2M3q0Bw==
dDzAeS/qfe85UlFhDZLVkDT2+FW7pmre2fVRTaACL1wk9Cthy7Qv0xR7das9uqf0TzWEC6jz5dELtHA=
HbDnIGho5YGX6DZ7PsawqoYgOMJxdxrhIlhu8h+NTGC/inBoGUmrRp0U5kiWql2fJZnH8ssGtHM=
/T9spOMgkj60JJe16zCZojT2+FW7pmre2fVRTaACL1wk9Cthy7Qv0xt6das9uqf0TzWEC6jz5dELtHA=
Dy7M6srBu5BhoXVHNL10wIYgOMJxdxrhIlhu8h+NTGC/inBoGUaqRp0U5kiWql2fJZnH8ssGtHM=
/T9spOMgkj60JJe16zCZojT2+FW7pmre2fVRTaACL1wk9Cthy7Qv0xt6das9uqf0TzWEC6jz5dELtHA=
Dy7M6srBu5BhoXVHNL10wIYgOMJxdxrhIlhu8h+NTGC/inBoGUaqRp0U5kiWql2fJZnH8ssGtHM=
S9tmu27ZcUOmM/XGGFLJLlFGMdc+5mDc+eRQFIbhfjcMhdtOU70ePEZFLHynjmBEMXLq+iWwVsQePv3D/d0XniNytA8=
ebWdPFM7/8wz6qIKJUBZRh+uc/tIdCC7oi1e1YGxc7/9P09szyysZLHlSTydZ6Hazx+PcuUwFeXe78oblyVxtAo=
/T9spOMgkj60JJe16zCZojT2+FW7pmre2fVRTaACL1wk9Cthy7Qv0xt6das9uqf0TzWEC6jz5dELtHA=
Dy7M6srBu5BhoXVHNL10wIYgOMJxdxrhIlhu8h+NTGC/inBoGUaqRp0U5kiWql2fJZnH8ssGtHM=
cYHxfkhMM0/u3lp94XaYolqx+kifPJNZyHKlMnTwpCs591BZNwyE/dZyuDP8LnOgWH4dU4kYQU4+LgIozfHJ0w+EL3S0DQ==
B/Ove2HItXFhyZ1kCVUF5bX8rfSWZVDxZAJEtDM55JJlOSfJza/342zFu/eD09NFyZlJcA4U61z0kV4B9Pm6WGBngJvEkprtkKy2noWkpAaPW3SWvz4mm2ciG18VKiJ3m0PTzZv2GuXPeSy8J85ghLE16bqlcFaEnv79g30dF96jsrTP
kNXYEk7bKMhJCMWCCQPMlXM1mRjFp93noeDaZE02kZyGhEg/f/eJC6qevwaHPwDAybzEWmB9AfUsh/dWcHt+oPQd7CSXlgCcge1pYpVoNtwuZj2bTUV3RhNqtBc=
/teN/BPWNgEcBSr9nffsjwNa5PIeq3ADdE8tZlrmybgZBhoS2M3LiTHhBvgfpOOR6Hq1CjQINKPZv2BBNxS0tTb6KMu8FmOoeLZtywmAsQYeJhIQDYlZW29MH2y0FQ==
UhbeswSus7HSkxGeWiT21Sppy9cvmVEZQ08tZlrmybgZBhoS2M3LiTHhBvgfpOOR6Hq1CjQINKPZv2BBNxS0tTb6KMu8FmOoeLZtywmAsQYeJhIQDYlZW29MH2y0FQ==
CCqcS2ICTqNzde/t8H1PRxd+YCxRRiViWuLBrAkSMvb4qeNdYbXOPF9gK8W4rh1ulOycN0kr6MW3kDwhpm6ALxxyy3wo4qUPSUR5Uk7yOnQtbXFPf1gXaLQR
2NN0Q5NDBkPaZQ6bmduWxvaEJ1eNrSoBhh6IHc/VDwesVF1eWt65kPkuSkoYFZvhkQm2gJ9cU/lIkmVSdNDki7mXkHk3LESdVtL4E/xOs0DY3t0zifgB7r5OQsjN0Qlzj2RvVLQt
EUZTYzmo8M9yG64m9/OH6zfV4vL36NM2V8nVOpp5U2epHx8aHX/Ntemwg0BOVRSlRuRRb28l1JRFTytcOzqu3ahyWBdPYmB6teI6BHXdVcwx70KZ6xfjwnlI0cXaN3aLe21VtC4=
e4e8UyC0ZIgC1iLwXKymHMLF+4FWTZC1LVMqZWAW9RSvG2IaX1VwKW+d873ET5PVRMJFHIUp2jgv+0CHcB9U88Y6shN2aSAfaMf2ebnsn18JsvZmEA46BsUeOEBCNom+qOY7Pn9Pd4gL4RSkfz2Vcu4BJQOuz4m+CsV8MzSJzV6AWc7EfQ39bOn/mhkzBzsikZjZBVLHnmuDna201g==
g5lpjDUngzu76kjdjQJU0+3Gqw31jDM+uon+BXMQWs7wtWUvJQdpky/bDlCkP+wtk6yVAxsnDAn68zVKXpu4hRL0S6FrNI+T/HlVa106xzRvNWRLSHNFEWu0EA==
t+WyD2E/wgxroyOm48WNoi/O4PUwNKDVFRghuAix0xWynNv7vPYjCPjWresJoPHmnobScA2pGbvv7N8MtHU=
t+WyD2E/wgxroyOm48WNoi/O4PUwNKDVFRghuAix0xWynNv7vPYjCPjWresJoPHmnobScA2pGbvv7N8MtHU=
acDcQ+cygWIuiY2p/mSgaLM3oMTIMbe/ACmJ2j+mtobjgkOljdqks5gLgJ5kKUtE4QmP5zxwso/MFgVqFtCO0tCs3r7c6o/i81DxKUqKqipjv1p1eU8EOXBng10lWS9AvEl7i/d++g3nV2PzUDQk+IsYAGNSO5bw4wkXCuZJ
