NUPvwbsR4ZVdXtpx2kYq1B9GJHh2F5kmV8k8R6ClqaxTYTUbZwMXW5VqKDtrx8hMXLka0SVraQ/0AseVito+cds1fvkxXHf/UcJOpsheQiYtDjBASiZhntC24/7HPy8o41GcJPfNPRK2sd3D9p+xXiLVdDM8meU+uIkWhAW9JYxBjxCbu75WgkpoYUcKF2ZL642oo88=
hqsrwX9tBr+5dGAM2dbtnGywosA5spTupLWepvyLBrVFr/jzHIGNCwwFXIFlf2QzFpoik8aJ0N84p8Z5SczPH7kSBuaAbmrGNT4oQFIWeX74hqu+j+/HyFvB5KRPXcWyHuGVgz5vWX46pWwzJGn9HtD5XkTNbY0sOR+oG0Mu7uIiOKmHwidOK/O9sKPX
lmYe/fka0714UVWuJ0q7MXz2i6wX3pP5OBPeACfmhs6+Q+gNPC6vZESQjOrQO8M/R2tMUz+5hJGEJMKddRaQ0rJDRoFRaW7TRgOi/bPzsnnjQlkDWsuo5hxj+PVuJ4bb+Jn3sHHnh244Fj4SVD4LQpbA7GpHhsb6FU6xk/kw5b1aRHEhe0qgnatzABPnhgTZUvOaFUPm7oXgtHMRs9QHYxb7fVLQGpxEF3f8W/DTTcGOo+k=
+cYBlBEnWdvm3jo+PVhPovqWmuTT9mkpU7qcfoHrixGDigcd87ikQFU7R1/EYVsbeycDmQFdCTxWQJsgnPV+LczNqkRoY4CX3Iaq0biI1vL90PRaxx+0Wmfq1mePxrvzrZ6y6xPHU0EDYqpZZ93MUN86sFh586v29CEm+/aa369FKQfCq7uj0g==
DepUPxdOAZsQdBwHyjWpFJjw07PMFvHARb/JKCwcAJbS56n5q0OgU4mfqy1bTtexWy0k3O2ft5MMVTtnYyMTdemJSWAuJCusFAHekZSJ+mhAd4CL5KLanfA8Ng5lVGQ2r0t0hp8O5muHspvPdVpiR7tT0927xlqVr+msLMc+oLSRJ+uqjEWWd35ufxMdbVfug6+jzg==
KjKU5nNvvw42iB2rBTJsrpjw07PMFvHARb/JKCwcAJbS9qH3rUyhAYmfqy1bTtexWyIk3O2ft5MMVTtnYyMTdemJSWAuJCusFAHekZSJ+mhAd4CL5KLanfA8Ng5lVGQ2r0t0hp8O5muHspvPdVpiR7tT0927xlqVr+msLMc+oLSRJ+uqjEWWd35ufxMdbVfug6+jzg==
PvU3B948Mq+vb1+vB5x7b0psm8k0MnPJcaIVEOoT2BPEWFZyRVMAKt+951Oy3wXi6a/rKRNU86kU6RbrUmOWJc8jHhF2xM/r9ptUviiD7M1yV6rzjFlD2J1XG5astspKaO5naoLA+EIrVvqi4e4la2WACdXuhAUJVzq8pb+TNEsb1qgxxnMOfe82kl3U1GcpryQrS+K7ybq8qgA8g9eIg8yDoemao/0=
BDLt2LysdBqgYtLIsu8D9T95bBOHbXvHNGeljpyd+xJWXydBmJmqE2YDgj3Tc1K5i0W7QzpLSKY8Y9i1zqcmm9iZl/CRZ+eu2BZe0vS+q4K2wMyq5wZmOnVOUVOZsAX9OkRRYdvKAN2LcyBTBwZkmbLz+tWjZo5FwLRT0RNUp6M2+52SsJp8BHd3HBtQU+2BrqPJ
FyIbRBmlmMP+EvyDT+32IlDrbALY6W4IYT47RLVNoxwTN/psbS4dfN7a/bS7+RLjvkP6bQuTeqmCRbNTEisQdsSjgMV2R84rUBkfADnHnx4A1maCrJ5Dkr7AxLoPJj5qTY6J4+EQrQ2yxNnRMyq4rdOz2INfZkyJuvPyxYuGVhW49IshqzTPE757FeIYOoS0Lzcky4hzhZGmo8E=
hAMtE3UBMwJWJtnC+kPvWeTgigXp/llP7ywEFCsoNoCE1tMnDd+9zfsbh7Qf/x9q5RohVe/tWOfLsd95e9tNa+nGQk6TMuCTTucIM3LmxPUADWgoQiNkToaYmc7MWMvplGAzpJ41M2BLeSkgKol/kZOb94yCa3vb3Hr75EiatUXLjGCvrmkKfG/lAVdf4Ieto8g=
eNAW3VWHFls7/icXvRroil9VLmJvGJh1TcA9R7Swo5ZTP3p0AW1+QZx/MDNU8eUrFPVOhX0PfBP+aurTjtl4f8A3fvkxXHf/UcJOpsheQiYtDjBASiZhntC24/7HPy8o41GcJPfNPRK2sd3D9p+xXiLVdDM8meU+uIkWhAW9JYxBjxCbu75WgkpoYUcKF2ZL642oo88=
rkd0Jcr+mL938Jw8Mqb75raxfxARuJ6E5dGShGdro0Muw0rN+1NKyZpHo7Mia2DWdCMQZSYHngugGS9gaYdP/pBWFuIcXrOyrsDUmv/mjgo9DhkDMVD9bYLEKfFjaugNQzNoIy8mfGmq8+Klu0amtQh0G4F79B8zznslAsj61NS/t9QrODP1sbaj0Q==
PyEbvuwDQc3ojDS5tkAHxz9jYB6FLDKPK3D8g9DCpEBURmZBmJmqE2YDgj3Tc1K5ikS7QzpLSKY8Y9i1zqcmm9iZl/CRZ+eu2BZe0vS+q4K2wMyq5wZmOnVOUVOZsAX9OkRRYdvKAN2LcyBTBwZkmbLz+tWjZo5FwLRT0RNUp6M2+52SsJp8BHd3HBtQU+2BrqPJ
/qYNtncoDnsLQ5IYrl98EzrYiZjU2JM5P43TyykYda+hG8u5SgF9geJvs558MI1c/ekntgosx1PFUd/ZGW/Z4d/e01LWKo944nLez1M+OSpTns8zmHoYgwtVPPlSqumSbgduDXWTJuMi4HJryC7gwRMQqilx80u5k3JnFUPhpSeFA+eXtPkbM+tf4xExhYnUBvi7aGztvoXcNcpM2DuA/wy+ChnIEJbabagU0vfHNLI3UvYvf957W71m0uOjn1Mp01oKkRdFjHhPQlDQSSsrHqSZBrMGgh8HVdFnyhvjo7o=
MvTz0G1fwhsX8mVO7H4yoSHb59MvV2iTwRoq4AbqoLVNgyRBt6IQ4w1BR27aZIer9Tn/wQln2dmv9jMKhuJPAFKaflfDtrmSozav60gyWHs7PRzhQqLpqh4vjlUlW+abkgjS81imYHnjuMrxobsLQaMaRw1T7qMf9SsHz+Qx20tbt0OJoQ0JbPZQ27C8pf597F3qVMgzgMd8lupBmNhWot1AtEpnT7QKx/qW96+WO6ONDvL7s5dTEaNy6slHjUwA/6rwSNmjq6ZUMWZr1spf/2W5R9IL66OC
7B5IpYVAudIvdWMOyQQFIacsX9Ti+wWnX/QmLwr+hW/0d5Rt55Grlc+U+1hHI8pIbKAOGwqvwPhAaycuYrutlbvDFzx/N+9S4y3RnY9lyD+L6c9xW5P9k2m+8oazOvBLjr+Yu5KutM0ANRhgoqv0FkZAicbskHuRFJiD7L49IzgLobmoSkGPqZOjB0Ti4+sDnCLr7GjSBb1L9NBnjmEapK+9kd+/qPeVo/A=
o/ot+e5iiI35K8adS99+n8WA0RUuxCNoNb3HbgMp7lvayu2L1BN8Wfdlo5HPkPOsVxciLExEZi/a2wg8AK/vWrIPxXEbp/+I78Nn1mOpWWkf0SBbKw2nxYvnNVcpejryYw6Yr67bcI+CWrzJADEQlLKfHHJmpOHyPOSzVVRcS5huiUvcq8VRHNq1By0TJ4+wclcDZzzGg1i4ps15CzAYE15VckCP2Xnrr1z/kaP0
wEly3nzwHyIpGW2bzfWr3v5ZMixjm1pW5aEHPfa11nzsTrdzMEya9tZ74CUSTxFxK9OarKfE/fxQRm6ez5A+Hc0Gkrvqo84VJ0MmAXXDyPvOezyO8MNUHRr3MoME2ctoBTezRtR2EjpAzh96isDwUlN20tI5Ll27zeCRZWYEjXnPmtR1B9Pse3M2kCHOcwZt11Z6bYwU33lHhLO7ajtBCiRKqGx7l9Bz5KNZ+ZKj9Q==
0Itvkmq0FL6+K7Kpa2fRgGN72lqrxwSi0ngDda5EKVjyYcI8+bnEHXBT/2Onk8+Oz7YvARY+vGpKxbL9LF7gkbOg6jkRA8tps0KnhaOUo3cls6eH1Amb48tvI4HR9YmEpkj7eAwdPlX8BQrcOEuAr6wOSgmo4BYKTZjUQhe3NOKX4rY/Hy77i51WEnND71N5c+pKgXe1DKhvcpBAqVsrTgQpRqNmcp/XdeGnWvuTo+o=
hyvteIWSW76vqIK/r9dlyT95bBOHbXvPNnG32pGU5UBWWW4V1szYE2YDgj3Tc1K5iE+0QzpLSKY8Y9i1zqcmm9iZl/CRZ+eu2BZe0vS+q4K2wMyq5wZmOnVOUVOZsAX9OkRRYdvKAN2LcyBTBwZkmbLz+tWjZo5FwLRT0RNUp6M2+52SsJp8BHd3HBtQU+2BrqPJ
0/hKTkoHrm/S8C/bf5FyO7b6gAu7lBxS8yxXHhcocsXQlZZzSLu9zfsbh7Qf/x9t4hQhVe/tWOfLsd95e9tNa+nGQk6TMuCTTucIM3LmxPUADWgoQiNkToaYmc7MWMvplGAzpJ41M2BLeSkgKol/kZOb94yCa3vb3Hr75EiatUXLjGCvrmkKfG/lAVdf4Ieto8g=
Jl1xCKcRn7qehS/0BaO+reaMhJGU248DHdu12dtPz/BPW7f6YoCJ8b+pELPrpdd9a/9lP6mS6uoDtmgH7rNAdyLC7OEAGUAMEmcsGiYMEUpc/GO91DQbgI4xO3RrLWFkei3XBRMPXyjSLzOP/G7z4Fi+nRGL2MgLPu2C6M+xSRMPxK+5o9w=
JVEYrPzWOrBQrf7UnQpXXwMWESd+Ja6BTN+gsyRRVevkFVqCY28MU07KGlMeeSg/kBdO+cG8p78Bot4meL6y5h0uIEBaBlFeIFZTfldff2gzsWwkx+1tUuYRTUMGPwEeUrVkMyx5Ff4IKWYElR31TJGvIJvL3gZCmojxx7p3Fgvbrbij3w==
uMznf09Em8UxcPpyFX2k5uSMhICWzYsDHdu12dtPz/BPW7f0YoCJ8b+pELPrpdd9a/9lP6mS6uoDtmgH7rNAdyLC7OEAGUAMEmcsGiYMEUpc/GO91DQbgI4xO3RrLWFkei3XBRMPXyjSLzOP/G7z4Fi+nRGL2MgLPu2C6M+xSRMPxK+5o9w=
t3MTJhmYgUI0S0vsdiiKkwMWFzFiOK6BTN+gsyRRVevkFVSCY28MU07KGlMeeSg/kBdO+cG8p78Bot4meL6y5h0uIEBaBlFeIFZTfldff2gzsWwkx+1tUuYRTUMGPwEeUrVkMyx5Ff4IKWYElR31TJGvIJvL3gZCmojxx7p3Fgvbrbij3w==
v5xUdHZi6RwpJ1Yh59WBGgMWFidwPa6BTN+gsyRRVevkFV2DY28MU07KGlMeeSg/kBdO+cG8p78Bot4meL6y5h0uIEBaBlFeIFZTfldff2gzsWwkx+1tUuYRTUMGPwEeUrVkMyx5Ff4IKWYElR31TJGvIJvL3gZCmojxx7p3Fgvbrbij3w==
2R8ArNIQjUnNssGOHooABOn7Hr3Frqz7iWyTg7PJ6wIv7/KTgO80ajWx1Q1ieFmvJ+d9Eoj5+RUNWFgCJfLfhfV3Q8khTQksdhDbcDxl/r1sneoUSHOAh/zW6oEYGFZiXYC0CucPtEpHupY3L1Y7Yw3O8rsz11NRIzLqCcdNTMB/avAIWeSr5tRxZqtWCl8/5XlHkouro8I=
kIJ8krS0/yBeJCjusrPPzOr3UKzBuOXljXOVj66A5lABy5ypyaN2O2jr1V0sdmSIK900XsimplZ1awcPZPHbi9t3Q8khTQksdhDbcDxl/r1sneoUSHOAh/zW6oEYGFZiXYC0CucPtEpHupY3L1Y7Yw3O8rsz11NRIzLqCcdNTMB/avAIWeWr5tRxZqtWCl8/5XlHkouro8I=
tpdAiGeg0j87RJUQWzevFC9dtPHYjB7nAyv3tbw/wZaY1vjQ/11weqjSRc2RbgxRfNuw0l6JxlEkYkRU85lk8ioSJuqNz3dDrCW7l8NzU6UJuUlQzvRr/LTxXuE0WTo4IEeAu4TyGk1QTLb+xQQk5k97dLZ/3qY7J0Ibv9WKohfbY9Pt25aaRQ+ZLNxnbuBkcRHrmmyV1ifenv9jvb2XvuOfo/4=
TRB2T2UxLTbnc1L9WToeNI1ZJSxj31pC5NoHNLGFyF/ZbZxRNnLU8uc07CJbfE5jJ9jVpOneuaNHWm6+z9l7N/4oiaHusLRgQXpsS2mGlZD9JBzw14VQHlz5KYEE2ctoBTezRtR2EjpAzh96isDwUlN20tI5Ll27zeCRZWYEjXnPmtR1B9Pse3M2kCHOcwZt11Z6bYwU33lHhLO7bztBCiRKqGx7l9Bz5KNZ+ZKj9Q==
TRB2T2UxLTbnc1L9WToeNI1ZJSxj31pC5NoHNLGFyF/ZbZxRNnLU8uc07CJbfE5jJ9jVpOneuaNHWm6+z9l7N/4oiaHusLRgQXpsS2mGlZD9JBzw14VQHlz5KYEE2ctoBTezRtR2EjpAzh96isDwUlN20tI5Ll27zeCRZWYEjXnPmtR1B9Pse3M2kCHOcwZt11Z6bYwU33lHhLO7bztBCiRKqGx7l9Bz5KNZ+ZKj9Q==
PRuK034p4xdf0oLgHP0uCzI1PeJlXyNlbwD8RQYuGm78hFtKTlg4/ZmcZHgomuH8IVF2qLN8wQT3l8hjasIWc9KxzK8UjzK5/aSjryXqkkb0NlYW2RY8QEY+la7E3t8eGxdbeDepUGS7denCAtmBYwo3JS6WTfizsAFRziwhaiTZVZHcFTfYW/fGAlK+QD0nNv9ye5+VpKPD
UKH/dNelIZRxk6MWz3M5IFjgju6s7oV3+ZW8r5ZbIjrulbKFjcZSnbRr2KQ09mcH/JiN7WSYqSF/WbADa9W3zasvhS+pgoq6QwaI924D4AdikszxAAlgXFIXjKqm/PH6HKwDrdQk+1BOgVsE653BlLr99xUTH3/4Et+TP3wek1CYbn0Fi8ioW35dYhhPAeljT5SPqaPM
YkTQqDY05x3IXq+A4izoeN/4242Yog+Y1FQMv6lj2N23iAxpRuYQl1yK23QIqlWey9wAn275Kgzv1eHHH5AnfaMY
/VjVvpnjqu8sbjvL1yD56tqVjmQcPReX3h5wo93qrJy8fFN/x5sv7enwNDJaLaqBm0ShSpzqG98nH30sxfH4NllD/sZ5pF13aFntSrPFiZSGuLso7K2+xVx1ygxYe4C/jP4KWUhQlprt6BSSd4c08rcS9m//nnsbPSbSoyPfU2lTGgrRlwWMOM8CUJDJYCteJNkG84bCH0fVkWeKm6Oj+g==
ulvlowGi18jhSyawtRH82e9G837/Zok4M5eOMbM5DmC2n3mD1RfQOQ+axhnDtZmDuI8L3sfbYYM0McE1SyEObSmzbJBRTX5O5JgyNuaGBC0fSGieO2FYgEqvD6sW2YXfLCL8c0tJxtFqN2KjNNk7CNV3A+ZE9mLaEA4vWprA4HJjtoIySa7NG32gQQWWBL1Zn1qklZdTXNujdmBB3nMWjaeWKs08lE8Zt8Rjm1E7Mep0ihjM6xcgEzTjadmCo+U=
fvGbVtz2970ajROfYhFXFB5hpJUnE6jvXt87ajVlP4YeKiey9ikh7+/oJFluRv0NpHTbATv037MFe2WCCPoUVP+3FKv4M7UxdqMR
orTFnWphmMJWk3Sr68/jwzfV4vL36NM2V8nVOpp5U2epHx8aHX/Ntemwg0BOVRSlRuRRb28l1JRBTSVcOzqu3ahyWBdPYmB6teI6BHXdVcwx70ub6x7mwnpI0cfaN3aLe21Yoz8=
RZNnjx98sbPehMG4rAULMPaEJ1eNrSoBhh6IHc/VDwesVF1eWt65kPkuSkoYFZvhkQm2gJ9cU/lIlmdcdNDki7mXkHk3LESdVtL4E/xOs0DY3t06i/gI675NQsjP0Qlzj2RvWaM8
1hupI1ZvsBJzVzCon6DETBd+YCxRRiViWuLBrAkSMvb4qeNdYbXOPF9gK8W4qh9glOycN0kr6MW3kDwhpm6ALxxyy3wo4qUGS0RwV07xOnQvbXFPf1gXZaMA
kvTfD9RY6M/DPNQM/4/PEippy9cvmVEZQ08tZlrmybgZBhoS2M3LiTHhBvgfpOOR6H63BDQINKPZv2BBNxS0tTb6KMu8FmOoeLZtwguAuAMeJRIQD4lZW29MH2GjBA==
T1Gqv7NgwE1pNKhTAT1z3wNa5PIeq3ADdE8tZlrmybgZBhoS2M3LiTHhBvgfpOOR6H63BDQINKPZv2BBNxS0tTb6KMu8FmOoeLZtwguAuAMeJRIQD4lZW29MH2GjBA==
iVnNqzApgSu4OCV235R2y3M1mRjFp93noeDaZE02kZyGhEg/f/eJC6qevwaHPwDEy7LEWmB9AfUsh/dWcHt+oPQd7CSXlgCcgeRrYpxtNt8uZj+bTUV3RhNnowY=
+gfcqPFCq58b3zj7RK6Fko1ZJSxj31pC5NoHNLGFyF/ZbZxRNnLU8uc07CJbfE5jJ9jVpOneuaNHWm6+z9l7N/4oiaHusLRgQXpsS2mGlZD9JBzw14VQHlz5KYEE2ctoBTezRtR2EjpAzh96isDwUlN20tI5Ll27zeCRZWYEjXnPmtR1B9Pse3M2kCHOcwZt11Z6bYwU33lHhLO7YTtBCiRKqGx7l9Bz5KNZ+ZKj9Q==
B7PQULM51HukdqDohhx+4B5hpJQnE6jvXt87ajVlP4YeKiey9ikh7+/oJFluRv0NpHTbATv037MFe2WCCPoUVP+3FKv4M7UxdqMR
q792Xo48iiOG400sdqAnBKhWCB+FSXwObcmKS23Mz80xxiIQBSrEWuO+nxco81uvWMBOGEW5eijJpdQb1/Q+CvNjEyghhkvYM3SEGVJARu3rrDTFr1f/X7s462EKgaxJkoNBb11Pfg61/SbVGuTQ6/ma5gHxp6Eny3F/uXubzSvpBsKOk3Jg006niPNyJkS1AE3o6ELj5A6G2BmOzJhLKZQgs+Se9bOgS7mpYCrJ/1GTW3fMgiv7G9y6eyRI2jUFykzgb64pijxvpYGXXyAH7aOI
HuJuy1y98AxIOXYZmbeDnnNzLEKVT8L9AEkXUYynvnYwZuiBYCQHFSN/RrQS77zoczPBUaSI7k4Kl8yE0BAvzfLpIuwcyTb4Gxg1SY4A6TEWWr4DqxwD4whV1Z0B4Ql7F5oMNg+0VGsXwojDQOU+4+tF5L5+7iCiiGcygej0v10+WOAey4IyGQFw7D3QmybzArFc7wQv4rktxLPvtYpCxgRWplYpdsxAtl5l7jS+L57Ld8s4J8mAZGvV+YKS+VHjOheVbqbtSLMAoWEOnAFapIl1ARwFl4xapyYSki6gbadGHwK773XUo7M=
CdHdqS9bwNvN1Q4jMcvZKpBCmEFbY9E6tcF8JmnNOmq4lTOnUwJkdCUnyHOZNzskIhXrCHO4s/3QoHC/hRhSw/8HZOSIoOcNOrlazDQ5LvgDaB1pdtChcV7qZuMDjHtjsMU9PVmRQbvfSjRWZ4RMaw/y4KN4NfYjozW8HpZ+mCLw95phMET3HXaIGD7j8ioZGYDEHajL7jPKAQSPrL8aOZVU209teoqGTAaetsFG1ECubo0ODO5n3gOHE5hPWTjkk0VR4spJmSPyR+1Ojh1QsxjRSS5k0RLkwcXZ/K0H9NoftvoydtAlZ47POtuHRcyjqw==
hGsaqoITiSWX2Gjjafm7/y3y10ryDEgOQUHRa7eLdCWYtFpezdHeULD3xfcg5+pwdlTcmyIqIXQo1Wk04k6ks0E9O1E4EKdZr1hEaUhi3TpDg7eA27ZK6RqQFJypH3C03AhrrXaRbvwAgZJ4v9ApWUL4bdHSQrIzF5Sno2xdqe2NeU1bE6LAppN8sGvzChRTjN06w6/daM4C5kTiLO+OseTse726oCwO10qWmaU48C2c46KTRqlQ37inRnnJzE8fORKG5gBu6sa1PqhA0hb5fniGK74P70fI28FkpM9dRbKe4RWDvm/Zfrql7DOkaX0eUPneRE1tDSy5Hygawy5u4qI4KYdCJ84rc70wo1c=
xSu2ng7laviA6Mrl9C0C2joipDdVN2hHTiL9h2w6+D91whKL5bpzRTFRKVheKzzIAxNwdlGApv8fOsvgeFK9A76I0botH5d5UqhvwvcGHUofMTqYdl2wExPz+cKb+SnxkmrN9qxS++Lmxcngy+eoj2pykg/Rfm4/9vSYggl6yjsrpfA1DYvX9qrmoYn4zyq2Jdlnb4irC8dYqB5A5YHKAAlNJOM3LO4ic0tDcEH+O7BzXDQh8piWBetE5B0Pb093+1CbGWrZ/GESq5G3vbeO5nXVlu26vICD+fK2WVGfEQ8LmY9Bm0MdA2kuktbzChC7Do84y9L+lF0ApTgw4ttUJsawafaswBsBFAhjPH4NQ0iLkRlYipGvOZMzJ5QiE0szHFKL3KgC5S1KZLA3zlH6VC+NMa//+NcFo2A=
A7XYwDKI/v6gMgeAuhmFs6EqXo6UskJ3N90lwGOFfveqxcPAOopxgBtR6RG3ffnx/xUyyMhB0JDz+Udt9eV5MuLHG+wFlvWD5Kt5rKC9EIt2OwfHk4/QJaxjARrZnIKrGc1WPxpHalcF+sw4xLmRJfPh+R63xmfiDiehnjY8r/yyYIpjzkxidFVdSO3QBD79rLgBrJehfITTIWw+jMsp6BlDUiGXFTMF86st3n5eLQCOa812qqsyoQQzEaHWNjyaegKSk7BJ2pDFTQTcEvZpNihZm0TO1SKfnGN41e4nBtt4mXew8ecHbrgWvhLUPotCFsBsaseGRvqVTjGTeTBlvdpE8SH7SiCdK3OAE2eGhNnS8xoVw+ZuhWC08xEz1Idjlvr9UlAaHESXd3xbcNPNwQ6jaQ==
IerAMeoxMxvrf3HxVs4Nq/pS63QJ/fRElFOtVzkaGWVjvfJ1aP3Kv9LgFl2fw2Im46QKd2Vgllt3gF9GInJsBsohlpTqM4KOXJJTTz+koBNgng4jdoQQbYxqN3Q1ddP9cbxLqiSFaQiRb91LQgMJKPamYwhwjRY7OqUdFFgZOQqcqzQ7xJaDuzzMaQ/uTmu6wj8dltiPiCRee1ClbeMAsd7U9Z+79QAlr3UYnjJK/Z+ewnmrWBlfwqrwU11PWnnAjxLj2qh7OtZyd+syCFfXMdv1S/YnI0L3+HNyfd1dxUn6BCUTyveysqSxOUQa08kBxU37/3M7cy3ZUcm4HnxLtCSZHokkEZow8K+AU1T6ugVAJPaWVUwEbp+T9F6vVoZztypb18XCAh8Li9MFC546DR/xbLT3JsDsof9qcrwd9m9O9r8LrfU3tjN3oxY=
dE2pcbV1KckXYUzOopC6YEdNPzUdT2t5l9ojUz+bC0DuQ/0CwidSJ3QEDFkkDssMCXgWXsGm9Aw5luZpfvcCpZCt9zMXqFZktnn0FG0AcX0LVoEHqsHydsvJqPyqz4owAByWkWW5PLdx8TOGc8mU9nkSIQlw5SthJ95LdZuL5WJQW3fF2j+WXKF3PERgcF9NIgmyLAypZvjL+CUJHmC5sea6DkPbfLPj+PXl3XHBOfvHupx2HxSEa8dimIPQxe5j22WU/k5O0KI4B0LBWBRP3W44cF7bYuIZURD8/UB79nNy0ewv9M9SuV1kgy9FqnJGVHY2ljnWnEDm/nUupJ5/HvtXO/gXafBk2zUJQiKZIWPq9wWuto0Ys9BBcU4MYQokeZWxXHX3PFpXhiLSXoBdJ5Y/kvv/1QSjYw==
oG0WPoUgu2EtkjUYRNyBhjoipDdVN2hHTiL9h2w6+D91wg6K/7wzXX1AJFNfJn7PRxl8aFvfpb8QOtzgfk3gH/2Fz7Q5A51mV691hvdEAkYWInCCLUClSR+z94Octi7xhW7XvaoI5ve8i9y8geCskzk6jwifN3M+7/+Ggzhx+jwwrfkvGpfg5rHioYn4zyq2Jdlnb4irC8dYqB5A5YHKAAlNJOM3LO4ic0tDcEH+O7BzXDQh8piWBetE5B0Pb093+1CbGWrZ/GESq5G3vbeO5nXVlu26vICD+fK2WVGfEQ8LmY9Bm0MdA2kuktbzChC7Do84y9L+lF0ApTgw4ttUJsawafaswBsBFAhjPH4NQ0iLkRlYipGvOZMzJ5QiE0szHFKL3KgC5S1KZLA3zlH6VC+NMa//+NcFo2A=
YQuiNKSCaR/a+rsmynqD9JzYqi2+NeL1tkZ1IoBwr7D7tEK2oCakRfCD4BIs/sV7hamsDwZKa4O4wr8/i1CEp3Q/d0DjBSLazzIi7QSnSO8aHe/RGDGc4dKZCTpDCYs0oepfS5PWXcQawip8NOh6vv8QH528Jf9uQNbsmIpf0DR8SEutVtEOfODB8nhfEEnZojhN0fKCErO3VIejDJ1Jbe05rVtz4mAmMzyQa9NKtNMsnVrDT50ITuImJOIMLy4xRCxbvZpgzI63inaZxXgQrfyjgpNm6fBfGOdmeSmML5/Z0ubm4K5KRhX+iEDy1ln+2EbLvm8vp0i7gYSk7x3lMj6hNYOeL7n+WuWMM0SpHZ6wOf5Eba2trBnfCBqj7o5iwnjJhyJnbqvT/RCjdw==
pq957wSbSZZPuoG9TauyAQWKQsV7+5gyB8IMyu1nwx1MfOAZpkDyi/sgap3IMuXubUuPnmIvN6C/kke9hyUe2PCxpN91O2Py9GWeq0GfY4uWUDjF3j4DqZMQYZjd4MYcBoI5qlIANwOwI2lpFXFlKXc7Ur0fg5RmVUpyoz0zHdbjLelByIfR9KoyQXfA9upaYiAUyPo09LXvWqUlLazXBgn7RJ3lWs2VN64mtPJ1DUmcOqrOkvfc4hPua3P27AqkXR3AnfgkZg30uNncT4FUdFvhZG5kaxH4YcPqMW91m9X7a6Vulj71sNZrlcZyy9oRjPMZcX5WxIrCguqDiOkywM2NjCw61rFG8FnDtJb1Cu8UI3AFhoc+y4AZz6CJB68+sFY2orze0/LOwLTan2YuSh0OOcPR0B2tYsQJMcPqSE0jMwhjT6bcKYrzwmUbxkZ16HT7Qdt0v3PuekVCqHq0lJ+39OuYsxVxVqMx
0b06Mv6E8xuCConfTJeFaSmEUBS+3SwF/ZZXK7qtUstMOJka620eWNlX1eLUrWDubVEJhpVHH3jIbi8gi+dhapHYZDAeeFb6tGTEiQFUneUX9AP0QiYgvH9j3PTk4lm9EhiEn244r4iiVws5E/kOekgQUERDned45BrDA5iA6ACL3L/3QmT+evRSdmVeh1n4pzxlqxM6Wdgo1VLAo9ZI9CIjnI568g08mM5aUhGhaiiXtJrjrSbuyl0VaU9HgJrK1RcwvfYQVQNjIRAJZ9GYIsp+jVN2Rhl3QA0PLiKUE6F3LslMJ1bDxvAvqno6U+sOcOMnfbPxq6q/t5Kb8JeyAWWp9UXSwIWPEiOinmwVufji57nNLcmbI2svI8FRNYlEJgj7OIzdPpV8RQqcuIuAbyxOSkkoIBbKzdjUApd3NCIXorZ/n+77Sx0WEjPDL1O586pKwfd1DGjvMpAAKZsqjoRpRuPmsp8X9aGnGntToyo=
O8Pi3s1+9It5qEyPPJFDNTT2+FW7pmre2fVRTaACL1wk9Cthy7Qv0x15daI4uqT0TzeEC6jz5dEGo2E=
gAmEntO22H9hDWmedNBWy4YgOMJxdxrhIlhu8h+NTGC/inBoGUCpRpQR5kuWql+fJZnH8ssLo2I=
O8Pi3s1+9It5qEyPPJFDNTT2+FW7pmre2fVRTaACL1wk9Cthy7Qv0x15daI4uqT0TzeEC6jz5dEGo2E=
gAmEntO22H9hDWmedNBWy4YgOMJxdxrhIlhu8h+NTGC/inBoGUCpRpQR5kuWql+fJZnH8ssLo2I=
l+9D7KCUV6dnIO3ZrSVKAlFGMdc+5mDc+eRQFIbhfjcMhdtOU70ePEZFLHynjmBEMXTp+iy1VscePv/D/d0XniN/ox4=
Sr62UrPuNONo6N4WwXjXHR+uc/tIdCC7oi1e1YGxc7/9P09szyysZLHlSTydZ6fZzxaKcuYwFefe78oblyV8oxs=
O8Pi3s1+9It5qEyPPJFDNTT2+FW7pmre2fVRTaACL1wk9Cthy7Qv0x15daI4uqT0TzeEC6jz5dEGo2E=
gAmEntO22H9hDWmedNBWy4YgOMJxdxrhIlhu8h+NTGC/inBoGUCpRpQR5kuWql+fJZnH8ssLo2I=
1MxEONAdesD6ts0x/aUQdFqx+kifPJNZyHKlMnTwpCs591BZNwyE/dZyuDP8LnOgWH4dV4kYSEs+LQIoz/HJ0w+EL3mjHA==
k50vwZWOLpuQycrpcxFcfO3Gqw31jDM+uon+BXMQWs7wtWUvJQdpky/bDlCkP+wtk6yVAxsnDAn68zVKXpu4hRL0S6FrNI+T+HlVYlg6xDRvN2RLSHNFEWajAQ==
0aiEF5tcQnInwbJ4rFy0fy/O4PUwNKDVFRghuAix0xWynNv7vPYjCPjWre8JoPjjnoXScA+pGbvv7N8Bo2Q=
0aiEF5tcQnInwbJ4rFy0fy/O4PUwNKDVFRghuAix0xWynNv7vPYjCPjWre8JoPjjnoXScA+pGbvv7N8Bo2Q=
acDcQ+cygWIuiY2p/mSgaLM3oMTIMbe/ACmJ2j+mtobjgkOljdqks5gLgJ5kKUtE4QmP5zxwso/MFgVqFtCO0tCs3r7c6o/i81DxKUqKqipjv1p1eU8EOXBng10lWS9AvEl7i/d++g3nV2PzUDQk+IsYAGNSO5bw4wkXCuZJ
