OyY/20SgDA8rhDBsPvd+GR9GJHh2F5kmV8k8R6ClqaxTYTUbZwMXW5VqKDtrx8hMXLka0SVraQ/0AseVito+cds1fvkxXHf/UcJOpsheQiYtDjBASiZhntC24/7HPy8o41GcJPfNPRK2sd3D9p+xXiLVdDM8meU+uIkWhAW9JYxBjxGYu7JSgkpoYUcKF2ZL642oo88=
ID/MlFueVPfxKjYPoGXHImywosA5spTupLWepvyLBrVFr/jzHIGNCwwFXIFlf2QzFpoik8aJ0N84p8Z5SczPH7kSBuaAbmrGNT4oQFIWeX74hqu+j+/HyFvB5KRPXcWyHuGVgz5vWX46pWwzJGn9HtD5XkTNbY0sOR+pGEMi6uIiOKmHwidOK/O9sKPX
3svl328ILNPNFS0eJk9gT3z2i6wX3pP5OBPeACfmhs6+Q+gNPC6vZESQjOrQO8M/R2tMUz+5hJGEJMKddRaQ0rJDRoFRaW7TRgOi/bPzsnnjQlkDWsuo5hxj+PVuJ4bb+Jn3sHHnh244Fj4SVD4LQpbA7GpHhsb6FU6xk/kw5b1aRHEhe0qgnatzABPnhgTZUvOaFUPm7oXgtHMRs9QHYxf4fV7UGpxEF3f8W/DTTcGOo+k=
mMENwit73e0AG2VKm3fMIfqWmuTT9mkpU7qcfoHrixGDigcd87ikQFU7R1/EYVsbeycDmQFdCTxWQJsgnPV+LczNqkRoY4CX3Iaq0biI1vL90PRaxx+0Wmfq1mePxrvzrZ6y6xPHU0EDYqpZZ93MUN86sFh58qj2+CUm+/aa369FKQfCq7uj0g==
JIjwIZj5Bplx07tNVxwioJjw07PMFvHARb/JKCwcAJbS56n5q0OgU4mfqy1bTtexWy0k3O2ft5MMVTtnYyMTdemJSWAuJCusFAHekZSJ+mhAd4CL5KLanfA8Ng5lVGQ2r0t0hp8O5muHspvPdVpiR7tT0927xlqVr+msLMc+oLSRJuiqgEGWd35ufxMdbVfug6+jzg==
uMK4x0pTY2cFL88EtZQ6+Zjw07PMFvHARb/JKCwcAJbS9qH3rUyhAYmfqy1bTtexWyIk3O2ft5MMVTtnYyMTdemJSWAuJCusFAHekZSJ+mhAd4CL5KLanfA8Ng5lVGQ2r0t0hp8O5muHspvPdVpiR7tT0927xlqVr+msLMc+oLSRJuiqgEGWd35ufxMdbVfug6+jzg==
BrrzQttRennC++Csg+4SZUpsm8k0MnPJcaIVEOoT2BPEWFZyRVMAKt+951Oy3wXi6a/rKRNU86kU6RbrUmOWJc8jHhF2xM/r9ptUviiD7M1yV6rzjFlD2J1XG5astspKaO5naoLA+EIrVvqi4e4la2WACdXuhAUJVzq8pb+TNEsb1qgxxnMOfe82kl3U1GcpryQrS+O4yba4qgA8g9eIg8yDoemao/0=
PL0EgDct6MmwEJYY0Fcoqj95bBOHbXvHNGeljpyd+xJWXydBmJmqE2YDgj3Tc1K5i0W7QzpLSKY8Y9i1zqcmm9iZl/CRZ+eu2BZe0vS+q4K2wMyq5wZmOnVOUVOZsAX9OkRRYdvKAN2LcyBTBwZkmbLz+tWjZo5FwLRT0RNUp6M3+J2etJp8BHd3HBtQU+2BrqPJ
tNeK82O1HdOcoXJ7rywCcFDrbALY6W4IYT47RLVNoxwTN/psbS4dfN7a/bS7+RLjvkP6bQuTeqmCRbNTEisQdsSjgMV2R84rUBkfADnHnx4A1maCrJ5Dkr7AxLoPJj5qTY6J4+EQrQ2yxNnRMyq4rdOz2INfZkyJuvPyxYuGVhW49IshqzTPE794Fe4cOoS0Lzcky4hzhZGmo8E=
9GCY+jDLMXXWX5Gjh5FuceTgigXp/llP7ywEFCsoNoCE1tMnDd+9zfsbh7Qf/x9q5RohVe/tWOfLsd95e9tNa+nGQk6TMuCTTucIM3LmxPUADWgoQiNkToaYmc7MWMvplGAzpJ41M2BLeSkgKol/kZOb94yCa3vb3Hr75EiatUTIjGyrrmkKfG/lAVdf4Ieto8g=
AEzuczWM2VXIG/4831RTZ19VLmJvGJh1TcA9R7Swo5ZTP3p0AW1+QZx/MDNU8eUrFPVOhX0PfBP+aurTjtl4f8A3fvkxXHf/UcJOpsheQiYtDjBASiZhntC24/7HPy8o41GcJPfNPRK2sd3D9p+xXiLVdDM8meU+uIkWhAW9JYxBjxGYu7JSgkpoYUcKF2ZL642oo88=
URiLm5ghqvgDDmYtUrKVdLaxfxARuJ6E5dGShGdro0Muw0rN+1NKyZpHo7Mia2DWdCMQZSYHngugGS9gaYdP/pBWFuIcXrOyrsDUmv/mjgo9DhkDMVD9bYLEKfFjaugNQzNoIy8mfGmq8+Klu0amtQh0G4F79B8zz3glDsz61NS/t9QrODP1sbaj0Q==
9vu2Qg24+tFxZ0Xj1wtYoT9jYB6FLDKPK3D8g9DCpEBURmZBmJmqE2YDgj3Tc1K5ikS7QzpLSKY8Y9i1zqcmm9iZl/CRZ+eu2BZe0vS+q4K2wMyq5wZmOnVOUVOZsAX9OkRRYdvKAN2LcyBTBwZkmbLz+tWjZo5FwLRT0RNUp6M3+J2etJp8BHd3HBtQU+2BrqPJ
M+W57P0tB6xK78N5+iUJTjrYiZjU2JM5P43TyykYda+hG8u5SgF9geJvs558MI1c/ekntgosx1PFUd/ZGW/Zr/bKulX2Ko944nLez1M+OSpTns8zmHoYgwtVPPlSqumSbgduDXWTJuMi4HJryC7gwRMQqilx80u5k3JnFUPhpSeFA+eXtPkbM+tf4xExhYnUBvi7aGztvoXcNcpM2DuA/wy+ChnIEJbabagU0vfHNLI3UvYvf957W71m0uOjn1Mp01oKkRdFjHhPQlDQSSooHqidBrMGgh8HVdFnyhvjo7o=
JAvpW9W/3SugKfMBqsf+ySHb59MvV2iTwRoq4AbqoLVNgyRBt6IQ4w1BR27aZIer9Tn/wQln2ZeG4loNpuJPAFKaflfDtrmSozav60gyWHs7PRzhQqLpqh4vjlUlW+abkgjS81imYHnjuMrxobsLQaMaRw1T7qMf9SsHz+Qx20tbt0OJoQ0JbPZQ27C8pf597F3qVMgzgMd8lupBmNhWot1AtEpnT7QKx/qW96+WO6ONDvL7s5dTEaNy6slHjUwA/6rwSNmiqKZYNWZr1spf/2W5R9IL66OC
9tO4TPl3C3h5QUCQzJAlEacsX9Ti+wWnX/QmLwr+hW/0d5Rt55Grlc+U+1hHI8pIbKAOGwqvwPhAaycuYrutlbvDFzx/N+9S4y3RnY9lyD+L6c9xW5P9k2m+8oazOvBLjr+Yu5KutM0ANRhgoqv0FkZAicbskHuRFJiD7L49IzgLobmoSkGPqZOjB0Ti4+sDnCLr7GjSBbxI9NxjjmEapK+9kd+/qPeVo/A=
8TlFf+dVuPLQUW0AEXf6McWA0RUuxCNoNb3HbgMp7lvayu2L1BN8Wfdlo5HPkPOsVxciLExEZi/a2wg8AK/vWrIPxXEbp/+I78Nn1mOpWWkf0SBbKw2nxYvnNVcpejryYw6Yr67bcI+CWrzJADEQlLKfHHJmpOHyPOSzVVRcS5huiUvcq8VRHNq1By0TJ4+wclcDZzzGg1i4ps14CDAUF15VckCP2Xnrr1z/kaP0
0gPko1F1QLgQIgSAFRAcpf5ZMixjm1pW5aEHPfa11nzsTrdzMEya9tZ74CUSTxFxK9OarKfE/fxQRm6ez5A+Hc0Gkrvqo84VJ0MmAXXDyPvOezyO8MNUHRr3MoME2ctoBTezRtR2EjpAzh96isDwUlN20tI5Ll27zeCRZWYEjXnPmtR1B9Pse3M2kCHOcwZt11Z6bYwU33lHhLO7azhBBiBKqGx7l9Bz5KNZ+ZKj9Q==
ERhXdUiDG+5YCW93oqz1mWN72lqrxwSi0ngDda5EKVjyYcI8+bnEHXBT/2Onk8+Oz7YvARY+vGpKxbL9LF7gkbOg6jkRA8tps0KnhaOUo3cls6eH1Amb48tvI4HR9YmEpkj7eAwdPlX8BQrcOEuAr6wOSgmo4BYKTZjUQhe3NOKX4rY/Hy77i51WEnND71N5c+pKgXe1DKhvcpBAqVooTggtRqNmcp/XdeGnWvuTo+o=
Kf237zVemI0/sf8HrNwmmz95bBOHbXvPNnG32pGU5UBWWW4V1szYE2YDgj3Tc1K5iE+0QzpLSKY8Y9i1zqcmm9iZl/CRZ+eu2BZe0vS+q4K2wMyq5wZmOnVOUVOZsAX9OkRRYdvKAN2LcyBTBwZkmbLz+tWjZo5FwLRT0RNUp6M3+J2etJp8BHd3HBtQU+2BrqPJ
rdNyd1oqjDOua0QBiCd4LLb6gAu7lBxS8yxXHhcocsXQlZZzSLu9zfsbh7Qf/x9t4hQhVe/tWOfLsd95e9tNa+nGQk6TMuCTTucIM3LmxPUADWgoQiNkToaYmc7MWMvplGAzpJ41M2BLeSkgKol/kZOb94yCa3vb3Hr75EiatUTIjGyrrmkKfG/lAVdf4Ieto8g=
h9UcVgVWo3FkChj5R5ezpOaMhJGU248DHdu12dtPz/BPW7f6YoCJ8b+pELPrpdd9a/9lP6mS6uoDtmgH7rNAdyLC7OEAGUAMEmcsGiYMEUpc/GO91DQbgI4xO3RrLWFkei3XBRMPXyjSLzOP/G7z4Fi+nRCI2MQPPu2C6M+xSRMPxK+5o9w=
QFauE0rgse6eZJ6YEMcXigMWESd+Ja6BTN+gsyRRVevkFVqCY28MU07KGlMeeSg/kBdO+cG8p78Bot4meL6y5h0uIEBaBlFeIFZTfldff2gzsWwkx+1tUuYRTUMGPwEeUrVkMyx5Ff4IKWYElR31TJGvIZjL0gJCmojxx7p3Fgvbrbij3w==
KEqHB3Jhb9SvxNt3QL7ZVeSMhICWzYsDHdu12dtPz/BPW7f0YoCJ8b+pELPrpdd9a/9lP6mS6uoDtmgH7rNAdyLC7OEAGUAMEmcsGiYMEUpc/GO91DQbgI4xO3RrLWFkei3XBRMPXyjSLzOP/G7z4Fi+nRCI2MQPPu2C6M+xSRMPxK+5o9w=
4z51PV8c77Cu7RvWWUQufAMWFzFiOK6BTN+gsyRRVevkFVSCY28MU07KGlMeeSg/kBdO+cG8p78Bot4meL6y5h0uIEBaBlFeIFZTfldff2gzsWwkx+1tUuYRTUMGPwEeUrVkMyx5Ff4IKWYElR31TJGvIZjL0gJCmojxx7p3Fgvbrbij3w==
Uf97Nn6h4oCL7Omx5tm4EAMWFidwPa6BTN+gsyRRVevkFV2DY28MU07KGlMeeSg/kBdO+cG8p78Bot4meL6y5h0uIEBaBlFeIFZTfldff2gzsWwkx+1tUuYRTUMGPwEeUrVkMyx5Ff4IKWYElR31TJGvIZjL0gJCmojxx7p3Fgvbrbij3w==
1Ifk+uSVTw8hzs356MwBq+n7Hr3Frqz7iWyTg7PJ6wIv7/KTgO80ajWx1Q1ieFmvJ+d9Eoj5+RUNWFgCJfLfhfV3Q8khTQksdhDbcDxl/r1sneoUSHOAh/zW6oEYGFZiXYC0CucPtEpHupY3L1Y7Yw3O8rsz11NRIzLqCcdNTMB/avAIWeOo5th1ZqtWCl8/5XlHkouro8I=
2EG7yCse6RuYfu4I9M7fE+r3UKzBuOXljXOVj66A5lABy5ypyaN2O2jr1V0sdmSIK900XsimplZ1awcPZPHbi9t3Q8khTQksdhDbcDxl/r1sneoUSHOAh/zW6oEYGFZiXYC0CucPtEpHupY3L1Y7Yw3O8rsz11NRIzLqCcdNTMB/avAIWeSo5th1ZqtWCl8/5XlHkouro8I=
XIE6TxW6O5hiOHKx33yRQy9dtPHYjB7nAyv3tbw/wZaY1vjQ/11weqjSRc2RbgxRfNuw0l6JxlEkYkRU85lk8ioSJuqNz3dDrCW7l8NzU6UJuUlQzvRr/LTxXuE0WTo4IEeAu4TyGk1QTLb+xQQk5k97dLZ/3qY7J0Ibv9WKohfbY9Pt25aaRQ+ZLNxnbuBkcRDommCR1ifenv9jvb2XvuOfo/4=
yfocWLHRMj2eGHBF/RpzV41ZJSxj31pC5NoHNLGFyF/ZbZxRNnLU8uc07CJbfE5jJ9jVpOneuaNHWm6+z9l7N/4oiaHusLRgQXpsS2mGlZD9JBzw14VQHlz5KYEE2ctoBTezRtR2EjpAzh96isDwUlN20tI5Ll27zeCRZWYEjXnPmtR1B9Pse3M2kCHOcwZt11Z6bYwU33lHhLO7bDhBBiBKqGx7l9Bz5KNZ+ZKj9Q==
yfocWLHRMj2eGHBF/RpzV41ZJSxj31pC5NoHNLGFyF/ZbZxRNnLU8uc07CJbfE5jJ9jVpOneuaNHWm6+z9l7N/4oiaHusLRgQXpsS2mGlZD9JBzw14VQHlz5KYEE2ctoBTezRtR2EjpAzh96isDwUlN20tI5Ll27zeCRZWYEjXnPmtR1B9Pse3M2kCHOcwZt11Z6bYwU33lHhLO7bDhBBiBKqGx7l9Bz5KNZ+ZKj9Q==
vT8O/t+NT4usKa/0Tt0L4zI1PeJlXyNlbwD8RQYuGm78hFtKTlg4/ZmcZHgomuH8IVF2qLN8wQT3l8hjasIWc9KxzK8UjzK5/aSjryXqkkb0NlYW2RY8QEY+la7E3t8eGxdbeDepUGS7denCAtmBYwo3JS6WTfizsAFRziwhaiTZVZHcFTfZWPfKBlK+QD0nNv9ye5+VpKPD
K7zW2ZIC/qYGAX5r/mvvCFjgju6s7oV3+ZW8r5ZbIjrulbKFjcZSnbRr2KQ09mcH/JiN7WSYqSF/WbADa9W3zasvhS+pgoq6QwaI924D4AdikszxAAlgXFIXjKqm/PH6HKwDrdQk+1BOgVsE653BlLr99xUTH3/4Et+TP3wek1CYbn0EiMikX35dYhhPAeljT5SPqaPM
OOaYjTwWGfzLtNgPkd2aHN/4242Yog+Y1FQMv6lj2N23iAxpRuYQl1yK23QIqlWRyNwMm275Kgzv1eHHH5AnfaMY
7h4XqZy4H6Hn66uIGiBSJNqVjmQcPReX3h5wo93qrJy8fFN/x5sv7enwNDJaLaqBm0ShSpzqG98nH30sxfH4NllD/sZ5pF13aFntSrPFiZSGuLso7K2+xVx1ygxYe4C/jP4KWUhQlprt6BSSd4c08rcS9m//nnsbPSbSoyPfU2lTGgrRlwWMOM8CUJDJbyheKN0G84bCH0fVkWeKm6Oj+g==
sw9F0llBVcIe5agL31/+i+9G837/Zok4M5eOMbM5DmC2n3mD1RfQOQ+axhnDtZmDuI8L3sfbYYM0McE1SyEObSmzbJBRTX5O5JgyNuaGBC0fSGieO2FYgEqvD6sW2YXfLCL8c0tJxtFqN2KjNNk7CNV3A+ZE9mLaEA4vWprA4HJjtoIySa7NG32gQQWWBL1Zn1qklZdTXNujdmBB3nMWjaeWKs08lE8Zt8Rjm144MeZwihjM6xcgEzTjadmCo+U=
592XS4NIIh4bdwM5NyWi4h5hpJUnE6jvXt87ajVlP4YeKiey9ikh7+/oJFluRv0NpHTbATv037MKeGWODPoUVP+3FKv4M7UxdqMR
WT9hGYdEBIQaBDanBmdFPDfV4vL36NM2V8nVOpp5U2epHx8aHX/Ntemwg0BOVRSlRuRRb28l1JRBTSVcOzqu3ahyWBdPYmB6teI6BHXdVcwx70SY6xLiwnpI0cfaN3aLe21Yoz8=
JYpibatueC1biVBj3Ddj7PaEJ1eNrSoBhh6IHc/VDwesVF1eWt65kPkuSkoYFZvhkQm2gJ9cU/lIlmdcdNDki7mXkHk3LESdVtL4E/xOs0DY3t01iPgE775NQsjP0Qlzj2RvWaM8
JrBhT/nVV70zt9G/PN/jaBd+YCxRRiViWuLBrAkSMvb4qeNdYbXOPF9gK8W4qh9glOycN0kr6MW3kDwhpm6ALxxyy3wo4qUJSER8U07xOnQvbXFPf1gXZaMA
L8lhj+EhBIznqOGBwS72vippy9cvmVEZQ08tZlrmybgZBhoS2M3LiTHhBvgfpOOR6H63BDQINKPZv2BBNxS0tTb6KMu8FmOoeLZtzQiAtAceJRIQD4lZW29MH2GjBA==
349Q3OI1DHpv6rnkg8j8KgNa5PIeq3ADdE8tZlrmybgZBhoS2M3LiTHhBvgfpOOR6H63BDQINKPZv2BBNxS0tTb6KMu8FmOoeLZtzQiAtAceJRIQD4lZW29MH2GjBA==
mye8HPY2IUEBqis9Iioa93M1mRjFp93noeDaZE02kZyGhEg/f/eJC6qevwaHPwDEy7LEWmB9AfUsh/dWcHt+oPQd7CSXlgCcgetoYpBpNt8uZj+bTUV3RhNnowY=
LvaQpLo7XCdwtBijC3Ec5I1ZJSxj31pC5NoHNLGFyF/ZbZxRNnLU8uc07CJbfE5jJ9jVpOneuaNHWm6+z9l7N/4oiaHusLRgQXpsS2mGlZD9JBzw14VQHlz5KYEE2ctoBTezRtR2EjpAzh96isDwUlN20tI5Ll27zeCRZWYEjXnPmtR1B9Pse3M2kCHOcwZt11Z6bYwU33lHhLO7bjhBBiBKqGx7l9Bz5KNZ+ZKj9Q==
tGSnhcnXIuRz6IMROmCKAx5hpJQnE6jvXt87ajVlP4YeKiey9ikh7+/oJFluRv0NpHTbATv037MKeGWODPoUVP+3FKv4M7UxdqMR
dIz9e9NzmUd61e5Rgp47dTT2+FW7pmre2fVRTaACL1wk9Cthy7Qv0xl+da48uqT0TzeEC6jz5dEGo2E=
MneACEBgLLIsGmdTo9cqBIYgOMJxdxrhIlhu8h+NTGC/inBoGUSuRpgV5kuWql+fJZnH8ssLo2I=
5ojTso4ZRGn6hd096lVamqhWCB+FSXwObcmKS23Mz80xxiIQBSrEWuO+nxco81uvWMBOGEW5eijJpdQb1/Q+CvNjEyghhkvYM3SEGVJARu3rrDTFr1f/X7s462EKgaxJkoNBb11Pfg61/SbVGuTQ6/ma5gHxp6Eny3F/uXubzSvpBsKOk3Jg006niPNyJkS1AE3o6ELj5A6G2BmOzJhLKZQgs+Se9bOgS7mpYCrJ/1GTW3fMgiv7G9y6eyRI2jUAzkzsa64pijxvpYGXXyAH7aOI
qohLJuPRt54r828uWE6SXHNzLEKVT8L9AEkXUYynvnYwZuiBYCQHFSN/RrQS77zoczPBUaSI7k4Kl8yE0BAvzfLpIuwcyTb4Gxg1SY4A6TEWWr4DqxwD4whV1Z0B4Ql7F5oMNg+0VGsXwojDQOU+4+tF5L5+7iCiiGcygej0v10+WOAey4IyGQFw7D3QmybzArFc7wQv4rktxLPvtYpCxgRWplYpdsxAtl5l7jS+L57Ld8s4J8mAZGvV+YKS+VHjOheVbqbtSLMAoWEOnAFapIl1ARwFl4lepyoWki6gbadGHwK773XUo7M=
4agDOqcBQ2ZjVjGkOcn+LJBCmEFbY9E6tcF8JmnNOmq4lTOnUwJkdCUnyHOZNzskIhXrCHO4s/3QoHC/hRhSw/8HZOSIoOcNOrlazDQ5LvgDaB1pdtChcV7qZuMDjHtjsMU9PVmRQbvfSjRWZ4RMaw/y4KN4NfYjozW8HpZ+mCLw95phMET3HXaIGD7j8ioZGYDEHajL7jPKAQSPrL8aOZVU209teoqGTAaetsFG1ECubo0ODO5n3gOHE5hPWTjkk0VR4spJmSPyR+1Ojh1QsxjRSS5k0RLkwcXZ/K0H8d4fuv4ydtAlZ47POtuHRcyjqw==
C2EnMF7vN/xuzPx5gyCsXi3y10ryDEgOQUHRa7eLdCWYtFpezdHeULD3xfcg5+pwdlTcmyIqIXQo1Wk04k6ks0E9O1E4EKdZr1hEaUhi3TpDg7eA27ZK6RqQFJypH3C03AhrrXaRbvwAgZJ4v9ApWUL4bdHSQrIzF5Sno2xdqe2NeU1bE6LAppN8sGvzChRTjN06w6/daM4C5kTiLO+OseTse726oCwO10qWmaU48C2c46KTRqlQ37inRnnJzE8fORKG5gBu6sa1PqhA0hb5fniGK74P70fI28FkpM9dRbKe4RWDvm/Zfrql7DOkaX0eUPneRE1tDSy5Hy0ewyJq4qI4KYdCJ84rc70wo1c=
zeVpbixDb3t5Je0dIJeXzDoipDdVN2hHTiL9h2w6+D91whKL5bpzRTFRKVheKzzIAxNwdlGApv8fOsvgeFK9A76I0botH5d5UqhvwvcGHUofMTqYdl2wExPz+cKb+SnxkmrN9qxS++Lmxcngy+eoj2pykg/Rfm4/9vSYggl6yjsrpfA1DYvX9qrmoYn4zyq2Jdlnb4irC8dYqB5A5YHKAAlNJOM3LO4ic0tDcEH+O7BzXDQh8piWBetE5B0Pb093+1CbGWrZ/GESq5G3vbeO5nXVlu26vICD+fK2WVGfEQ8LmY9Bm0MdA2kuktbzChC7Do84y9L+lF0ApTgw4ttUJsawafaswBsBFAhjPH4NQ0iLkRlYipGvOZMzJ5QiE0szHFKL3KgC5ShOZLwzzlH6VC+NMa//+NcFo2A=
r3EjKChzZ8aVI3cVMzmNraEqXo6UskJ3N90lwGOFfveqxcPAOopxgBtR6RG3ffnx/xUyyMhB0JDz+Udt9eV5MuLHG+wFlvWD5Kt5rKC9EIt2OwfHk4/QJaxjARrZnIKrGc1WPxpHalcF+sw4xLmRJfPh+R63xmfiDiehnjY8r/yyYIpjzkxidFVdSO3QBD79rLgBrJehfITTIWw+jMsp6BlDUiGXFTMF86st3n5eLQCOa812qqsyoQQzEaHWNjyaegKSk7BJ2pDFTQTcEvZpNihZm0TO1SKfnGN41e4nBtt4mXew8ecHbrgWvhLUPotCFsBsaseGRvqVTjGTeTBlvdpE8SH7SiCdK3OAE2eGhNnS8xoVw+ZuhWC08xEz1Idjk/79XlQaHESXd3xbcNPNwQ6jaQ==
t4qPzSOV2CX+t9xJFtjsPvpS63QJ/fRElFOtVzkaGWVjvfJ1aP3Kv9LgFl2fw2Im46QKd2Vgllt3gF9GInJsBsohlpTqM4KOXJJTTz+koBNgng4jdoQQbYxqN3Q1ddP9cbxLqiSFaQiRb91LQgMJKPamYwhwjRY7OqUdFFgZOQqcqzQ7xJaDuzzMaQ/uTmu6wj8dltiPiCRee1ClbeMAsd7U9Z+79QAlr3UYnjJK/Z+ewnmrWBlfwqrwU11PWnnAjxLj2qh7OtZyd+syCFfXMdv1S/YnI0L3+HNyfd1dxUn6BCUTyveysqSxOUQa08kBxU37/3M7cy3ZUcm4HnxLtCSZHokkEZow8K+AU1T6ugVAJPaWVUwEbp+T9F6vVoZztypb18XCAh8Li9MFC546DR/xbLT3JsDsofpucrAZ9m9O9r8LrfU3tjN3oxY=
7a71+leCFxicuzv3cQ3kr0dNPzUdT2t5l9ojUz+bC0DuQ/0CwidSJ3QEDFkkDssMCXgWXsGm9Aw5luZpfvcCpZCt9zMXqFZktnn0FG0AcX0LVoEHqsHydsvJqPyqz4owAByWkWW5PLdx8TOGc8mU9nkSIQlw5SthJ95LdZuL5WJQW3fF2j+WXKF3PERgcF9NIgmyLAypZvjL+CUJHmC5sea6DkPbfLPj+PXl3XHBOfvHupx2HxSEa8dimIPQxe5j22WU/k5O0KI4B0LBWBRP3W44cF7bYuIZURD8/UB79nNy0ewv9M9SuV1kgy9FqnJGVHY2ljnWnEDm/nUupJ5/HvtXO/gXafBk2zUJQiKZIWPq9wWuto0Ys9BBcU4MYQokeZWxXHX3OV5XiibSXoBdJ5Y/kvv/1QSjYw==
SVGYeuKERJpozT6nBkz47DoipDdVN2hHTiL9h2w6+D91wg6K/7wzXX1AJFNfJn7PRxl8aFvfpb8QOtzgfk3gH/2Fz7Q5A51mV691hvdEAkYWInCCLUClSR+z94Octi7xhW7XvaoI5ve8i9y8geCskzk6jwifN3M+7/+Ggzhx+jwwrfkvGpfg5rHioYn4zyq2Jdlnb4irC8dYqB5A5YHKAAlNJOM3LO4ic0tDcEH+O7BzXDQh8piWBetE5B0Pb093+1CbGWrZ/GESq5G3vbeO5nXVlu26vICD+fK2WVGfEQ8LmY9Bm0MdA2kuktbzChC7Do84y9L+lF0ApTgw4ttUJsawafaswBsBFAhjPH4NQ0iLkRlYipGvOZMzJ5QiE0szHFKL3KgC5ShOZLwzzlH6VC+NMa//+NcFo2A=
pqRNwvahKe8YaC8A8pjbVZzYqi2+NeL1tkZ1IoBwr7D7tEK2oCakRfCD4BIs/sV7hamsDwZKa4O4wr8/i1CEp3Q/d0DjBSLazzIi7QSnSO8aHe/RGDGc4dKZCTpDCYs0oepfS5PWXcQawip8NOh6vv8QH528Jf9uQNbsmIpf0DR8SEutVtEOfODB8nhfEEnZojhN0fKCErO3VIejDJ1Jbe05rVtz4mAmMzyQa9NKtNMsnVrDT50ITuImJOIMLy4xRCxbvZpgzI63inaZxXgQrfyjgpNm6fBfGOdmeSmML5/Z0ubm4K5KRhX+iEDy1ln+2EbLvm8vp0i7gYSk7x3lMj6hNYOeL7n+WuWMM0SpHZ6wOf5Eba2trBnfDR6j4opiwnjJhyJnbqvT/RCjdw==
FUus9JTZNTgzWjoB+lFGLAWKQsV7+5gyB8IMyu1nwx1MfOAZpkDyi/sgap3IMuXubUuPnmIvN6C/kke9hyUe2PCxpN91O2Py9GWeq0GfY4uWUDjF3j4DqZMQYZjd4MYcBoI5qlIANwOwI2lpFXFlKXc7Ur0fg5RmVUpyoz0zHdbjLelByIfR9KoyQXfA9upaYiAUyPo09LXvWqUlLazXBgn7RJ3lWs2VN64mtPJ1DUmcOqrOkvfc4hPua3P27AqkXR3AnfgkZg30uNncT4FUdFvhZG5kaxH4YcPqMW91m9X7a6Vulj71sNZrlcZyy9oRjPMZcX5WxIrCguqDiOkywM2NjCw61rFG8FnDtJb1Cu8UI3AFhoc+y4AZz6CJB68+sFY2orze0/LOwLTan2YuSh0OOcPR0B2tYsQJMcPqSE0jMwhjT6bcKYrzwmUbxkZ16HT7Qdt0v3PrfkVOrHq0lJ+39OuYsxVxVqMx
zK376gV5NY4RWobp0AWjqCmEUBS+3SwF/ZZXK7qtUstMOJka620eWNlX1eLUrWDubVEJhpVHH3jIbi8gi+dhapHYZDAeeFb6tGTEiQFUneUX9AP0QiYgvH9j3PTk4lm9EhiEn244r4iiVws5E/kOekgQUERDned45BrDA5iA6ACL3L/3QmT+evRSdmVeh1n4pzxlqxM6Wdgo1VLAo9ZI9CIjnI568g08mM5aUhGhaiiXtJrjrSbuyl0VaU9HgJrK1RcwvfYQVQNjIRAJZ9GYIsp+jVN2Rhl3QA0PLiKUE6F3LslMJ1bDxvAvqno6U+sOcOMnfbPxq6q/t5Kb8JeyAWWp9UXSwIWPEiOinmwVufji57nNLcmbI2svI8FRNYlEJgj7OIzdPpV8RQqcuIuAbyxOSkkoIBbKzdjUApd3NCIXorZ/n+77Sx0WEjPDL1O586pKwfd1DGjvMpAAKZ4ujohtRuPmsp8X9aGnGntToyo=
SXoKGDpKdn1GXiUyOQdJvUaJH3WW8FUwZ3WkTrr6/hB+P82Fk4LQCDmiOT4Zi459goHl9pTjcdUuY+8Usa3ffhrStNMx4zymBp7u4TwQbV9XVDm86isp+TW1OweDw5PVKalJQO6Eq0zUYd5x1Ol6yABXgKukAlr9sNw2bqW05JZva3SmX65mi0fSmy81OuLn+3PT/ftm2vXvCaxMB94gFFEF64pD4RaXvg5/810N107Dj6Pu
xD80TLBXTCP62prwkS3r0qhWCB+FSXwObcmKS23Mz80xxiIQBSrEWuO+nxco81uvWMBOGEW5eijJpdQb1/Q+CvNjEyghhkvYM3SEGVJARu3rrDTFr1f/X7s462EKgaxJkoNBb11Pfg61/SbVGuTQ6/ma5gHxp6Eny3F/uXubzSvpBsKOk3Jg006niPNyJkS1AE3o6ELj5A6G2BmOzJhLKZQgs+Se9bOgS7mpYCrJ/1GTW3fMgiv7G9y6eyRI2jUPyUzva64pijxvpYGXXyAH7aOI
bPwmF8Pcg/d4n1iQQZ7K8nNzLEKVT8L9AEkXUYynvnYwZuiBYCQHFSN/RrQS77zoczPBUaSI7k4Kl8yE0BAvzfLpIuwcyTb4Gxg1SY4A6TEWWr4DqxwD4whV1Z0B4Ql7F5oMNg+0VGsXwojDQOU+4+tF5L5+7iCiiGcygej0v10+WOAey4IyGQFw7D3QmybzArFc7wQv4rktxLPvtYpCxgRWplYpdsxAtl5l7jS+L57Ld8s4J8mAZGvV+YKS+VHjOheVbqbtSLMAoWEOnAFapIl1ARwFl4ZZpykWki6gbadGHwK773XUo7M=
/Liji1tUYNFJ5YUliJ/GTZBCmEFbY9E6tcF8JmnNOmq4lTOnUwJkdCUnyHOZNzskIhXrCHO4s/3QoHC/hRhSw/8HZOSIoOcNOrlazDQ5LvgDaB1pdtChcV7qZuMDjHtjsMU9PVmRQbvfSjRWZ4RMaw/y4KN4NfYjozW8HpZ+mCLw95phMET3HXaIGD7j8ioZGYDEHajL7jPKAQSPrL8aOZVU209teoqGTAaetsFG1ECubo0ODO5n3gOHE5hPWTjkk0VR4spJmSPyR+1Ojh1QsxjRSS5k0RLkwcXZ/K0H/tkfuf4ydtAlZ47POtuHRcyjqw==
E6ZCg7MPpZdiQRh/eEUBIC3y10ryDEgOQUHRa7eLdCWYtFpezdHeULD3xfcg5+pwdlTcmyIqIXQo1Wk04k6ks0E9O1E4EKdZr1hEaUhi3TpDg7eA27ZK6RqQFJypH3C03AhrrXaRbvwAgZJ4v9ApWUL4bdHSQrIzF5Sno2xdqe2NeU1bE6LAppN8sGvzChRTjN06w6/daM4C5kTiLO+OseTse726oCwO10qWmaU48C2c46KTRqlQ37inRnnJzE8fORKG5gBu6sa1PqhA0hb5fniGK74P70fI28FkpM9dRbKe4RWDvm/Zfrql7DOkaX0eUPneRE1tDSy5HyIZwyFq4qI4KYdCJ84rc70wo1c=
E+QaWDd10RKkN6Z7vk3ODToipDdVN2hHTiL9h2w6+D91whKL5bpzRTFRKVheKzzIAxNwdlGApv8fOsvgeFK9A76I0botH5d5UqhvwvcGHUofMTqYdl2wExPz+cKb+SnxkmrN9qxS++Lmxcngy+eoj2pykg/Rfm4/9vSYggl6yjsrpfA1DYvX9qrmoYn4zyq2Jdlnb4irC8dYqB5A5YHKAAlNJOM3LO4ic0tDcEH+O7BzXDQh8piWBetE5B0Pb093+1CbGWrZ/GESq5G3vbeO5nXVlu26vICD+fK2WVGfEQ8LmY9Bm0MdA2kuktbzChC7Do84y9L+lF0ApTgw4ttUJsawafaswBsBFAhjPH4NQ0iLkRlYipGvOZMzJ5QiE0szHFKL3KgC5SdJZL8zzlH6VC+NMa//+NcFo2A=
dxZZX2BQg27NjvrOTFN9RqEqXo6UskJ3N90lwGOFfveqxcPAOopxgBtR6RG3ffnx/xUyyMhB0JDz+Udt9eV5MuLHG+wFlvWD5Kt5rKC9EIt2OwfHk4/QJaxjARrZnIKrGc1WPxpHalcF+sw4xLmRJfPh+R63xmfiDiehnjY8r/yyYIpjzkxidFVdSO3QBD79rLgBrJehfITTIWw+jMsp6BlDUiGXFTMF86st3n5eLQCOa812qqsyoQQzEaHWNjyaegKSk7BJ2pDFTQTcEvZpNihZm0TO1SKfnGN41e4nBtt4mXew8ecHbrgWvhLUPotCFsBsaseGRvqVTjGTeTBlvdpE8SH7SiCdK3OAE2eGhNnS8xoVw+ZuhWC08xEz1IdjnPn9XVQaHESXd3xbcNPNwQ6jaQ==
ArD1JNLF9fFZTEy1U+3s8vpS63QJ/fRElFOtVzkaGWVjvfJ1aP3Kv9LgFl2fw2Im46QKd2Vgllt3gF9GInJsBsohlpTqM4KOXJJTTz+koBNgng4jdoQQbYxqN3Q1ddP9cbxLqiSFaQiRb91LQgMJKPamYwhwjRY7OqUdFFgZOQqcqzQ7xJaDuzzMaQ/uTmu6wj8dltiPiCRee1ClbeMAsd7U9Z+79QAlr3UYnjJK/Z+ewnmrWBlfwqrwU11PWnnAjxLj2qh7OtZyd+syCFfXMdv1S/YnI0L3+HNyfd1dxUn6BCUTyveysqSxOUQa08kBxU37/3M7cy3ZUcm4HnxLtCSZHokkEZow8K+AU1T6ugVAJPaWVUwEbp+T9F6vVoZztypb18XCAh8Li9MFC546DR/xbLT3JsDsofVpcrMZ9m9O9r8LrfU3tjN3oxY=
8j9yFirV4v3/tk2B2hspBEdNPzUdT2t5l9ojUz+bC0DuQ/0CwidSJ3QEDFkkDssMCXgWXsGm9Aw5luZpfvcCpZCt9zMXqFZktnn0FG0AcX0LVoEHqsHydsvJqPyqz4owAByWkWW5PLdx8TOGc8mU9nkSIQlw5SthJ95LdZuL5WJQW3fF2j+WXKF3PERgcF9NIgmyLAypZvjL+CUJHmC5sea6DkPbfLPj+PXl3XHBOfvHupx2HxSEa8dimIPQxe5j22WU/k5O0KI4B0LBWBRP3W44cF7bYuIZURD8/UB79nNy0ewv9M9SuV1kgy9FqnJGVHY2ljnWnEDm/nUupJ5/HvtXO/gXafBk2zUJQiKZIWPq9wWuto0Ys9BBcU4MYQokeZWxXHX3NllXiSbSXoBdJ5Y/kvv/1QSjYw==
7wlnd+nHYbmVjFrpgLMoZDoipDdVN2hHTiL9h2w6+D91wg6K/7wzXX1AJFNfJn7PRxl8aFvfpb8QOtzgfk3gH/2Fz7Q5A51mV691hvdEAkYWInCCLUClSR+z94Octi7xhW7XvaoI5ve8i9y8geCskzk6jwifN3M+7/+Ggzhx+jwwrfkvGpfg5rHioYn4zyq2Jdlnb4irC8dYqB5A5YHKAAlNJOM3LO4ic0tDcEH+O7BzXDQh8piWBetE5B0Pb093+1CbGWrZ/GESq5G3vbeO5nXVlu26vICD+fK2WVGfEQ8LmY9Bm0MdA2kuktbzChC7Do84y9L+lF0ApTgw4ttUJsawafaswBsBFAhjPH4NQ0iLkRlYipGvOZMzJ5QiE0szHFKL3KgC5SdJZL8zzlH6VC+NMa//+NcFo2A=
8TZycJyksbCbLThaTzkxYpzYqi2+NeL1tkZ1IoBwr7D7tEK2oCakRfCD4BIs/sV7hamsDwZKa4O4wr8/i1CEp3Q/d0DjBSLazzIi7QSnSO8aHe/RGDGc4dKZCTpDCYs0oepfS5PWXcQawip8NOh6vv8QH528Jf9uQNbsmIpf0DR8SEutVtEOfODB8nhfEEnZojhN0fKCErO3VIejDJ1Jbe05rVtz4mAmMzyQa9NKtNMsnVrDT50ITuImJOIMLy4xRCxbvZpgzI63inaZxXgQrfyjgpNm6fBfGOdmeSmML5/Z0ubm4K5KRhX+iEDy1ln+2EbLvm8vp0i7gYSk7x3lMj6hNYOeL7n+WuWMM0SpHZ6wOf5Eba2trBnfAhmj4YpiwnjJhyJnbqvT/RCjdw==
zfgWXP6mHhpW4b7XOBP6lAWKQsV7+5gyB8IMyu1nwx1MfOAZpkDyi/sgap3IMuXubUuPnmIvN6C/kke9hyUe2PCxpN91O2Py9GWeq0GfY4uWUDjF3j4DqZMQYZjd4MYcBoI5qlIANwOwI2lpFXFlKXc7Ur0fg5RmVUpyoz0zHdbjLelByIfR9KoyQXfA9upaYiAUyPo09LXvWqUlLazXBgn7RJ3lWs2VN64mtPJ1DUmcOqrOkvfc4hPua3P27AqkXR3AnfgkZg30uNncT4FUdFvhZG5kaxH4YcPqMW91m9X7a6Vulj71sNZrlcZyy9oRjPMZcX5WxIrCguqDiOkywM2NjCw61rFG8FnDtJb1Cu8UI3AFhoc+y4AZz6CJB68+sFY2orze0/LOwLTan2YuSh0OOcPR0B2tYsQJMcPqSE0jMwhjT6bcKYrzwmUbxkZ16HT7Qdt0v3PkeUVNrHq0lJ+39OuYsxVxVqMx
9ympkhK3TIWUhemQDtCBeCmEUBS+3SwF/ZZXK7qtUstMOJka620eWNlX1eLUrWDubVEJhpVHH3jIbi8gi+dhapHYZDAeeFb6tGTEiQFUneUX9AP0QiYgvH9j3PTk4lm9EhiEn244r4iiVws5E/kOekgQUERDned45BrDA5iA6ACL3L/3QmT+evRSdmVeh1n4pzxlqxM6Wdgo1VLAo9ZI9CIjnI568g08mM5aUhGhaiiXtJrjrSbuyl0VaU9HgJrK1RcwvfYQVQNjIRAJZ9GYIsp+jVN2Rhl3QA0PLiKUE6F3LslMJ1bDxvAvqno6U+sOcOMnfbPxq6q/t5Kb8JeyAWWp9UXSwIWPEiOinmwVufji57nNLcmbI2svI8FRNYlEJgj7OIzdPpV8RQqcuIuAbyxOSkkoIBbKzdjUApd3NCIXorZ/n+77Sx0WEjPDL1O586pKwfd1DGjvMpAAKZEpjottRuPmsp8X9aGnGntToyo=
1NihD7+9C7/oG+IGDbVaejT2+FW7pmre2fVRTaACL1wk9Cthy7Qv0xp4da08uqT0TzeEC6jz5dEGo2E=
Cac98p2sFsOWg90FdmYGmYYgOMJxdxrhIlhu8h+NTGC/inBoGUeoRpsV5kuWql+fJZnH8ssLo2I=
kuv7MVGiF3cz6mk9KoUy6ahWCB+FSXwObcmKS23Mz80xxiIQBSrEWuO+nxco81uvWMBOGEW5eijJpdQb1/Q+CvNjEyghhkvYM3SEGVJARu3rrDTFr1f/X7s462EKgaxJkoNBb11Pfg61/SbVGuTQ6/ma5gHxp6Eny3F/uXubzSvpBsKOk3Jg006niPNyJkS1AE3o6ELj5A6G2BmOzJhLKZQgs+Se9bOgS7mpYCrJ/1GTW3fMgiv7G9y6eyRI2jUGz0zva64pijxvpYGXXyAH7aOI
zDMxN9u/eiD5m4FdPIBmaXNzLEKVT8L9AEkXUYynvnYwZuiBYCQHFSN/RrQS77zoczPBUaSI7k4Kl8yE0BAvzfLpIuwcyTb4Gxg1SY4A6TEWWr4DqxwD4whV1Z0B4Ql7F5oMNg+0VGsXwojDQOU+4+tF5L5+7iCiiGcygej0v10+WOAey4IyGQFw7D3QmybzArFc7wQv4rktxLPvtYpCxgRWplYpdsxAtl5l7jS+L57Ld8s4J8mAZGvV+YKS+VHjOheVbqbtSLMAoWEOnAFapIl1ARwFl49fpykWki6gbadGHwK773XUo7M=
0Suepuo/iR942sWEE/92z5BCmEFbY9E6tcF8JmnNOmq4lTOnUwJkdCUnyHOZNzskIhXrCHO4s/3QoHC/hRhSw/8HZOSIoOcNOrlazDQ5LvgDaB1pdtChcV7qZuMDjHtjsMU9PVmRQbvfSjRWZ4RMaw/y4KN4NfYjozW8HpZ+mCLw95phMET3HXaIGD7j8ioZGYDEHajL7jPKAQSPrL8aOZVU209teoqGTAaetsFG1ECubo0ODO5n3gOHE5hPWTjkk0VR4spJmSPyR+1Ojh1QsxjRSS5k0RLkwcXZ/K0H998fuf4ydtAlZ47POtuHRcyjqw==
GGCVDiX1Gq5K/tkmInD5Jy3y10ryDEgOQUHRa7eLdCWYtFpezdHeULD3xfcg5+pwdlTcmyIqIXQo1Wk04k6ks0E9O1E4EKdZr1hEaUhi3TpDg7eA27ZK6RqQFJypH3C03AhrrXaRbvwAgZJ4v9ApWUL4bdHSQrIzF5Sno2xdqe2NeU1bE6LAppN8sGvzChRTjN06w6/daM4C5kTiLO+OseTse726oCwO10qWmaU48C2c46KTRqlQ37inRnnJzE8fORKG5gBu6sa1PqhA0hb5fniGK74P70fI28FkpM9dRbKe4RWDvm/Zfrql7DOkaX0eUPneRE1tDSy5HysfwyFq4qI4KYdCJ84rc70wo1c=
0iNzqCyCZzXJoj9w7QOg1ToipDdVN2hHTiL9h2w6+D91whKL5bpzRTFRKVheKzzIAxNwdlGApv8fOsvgeFK9A76I0botH5d5UqhvwvcGHUofMTqYdl2wExPz+cKb+SnxkmrN9qxS++Lmxcngy+eoj2pykg/Rfm4/9vSYggl6yjsrpfA1DYvX9qrmoYn4zyq2Jdlnb4irC8dYqB5A5YHKAAlNJOM3LO4ic0tDcEH+O7BzXDQh8piWBetE5B0Pb093+1CbGWrZ/GESq5G3vbeO5nXVlu26vICD+fK2WVGfEQ8LmY9Bm0MdA2kuktbzChC7Do84y9L+lF0ApTgw4ttUJsawafaswBsBFAhjPH4NQ0iLkRlYipGvOZMzJ5QiE0szHFKL3KgC5S5PZL8zzlH6VC+NMa//+NcFo2A=
eUA8k+RDaqrjXeIahdpXIqEqXo6UskJ3N90lwGOFfveqxcPAOopxgBtR6RG3ffnx/xUyyMhB0JDz+Udt9eV5MuLHG+wFlvWD5Kt5rKC9EIt2OwfHk4/QJaxjARrZnIKrGc1WPxpHalcF+sw4xLmRJfPh+R63xmfiDiehnjY8r/yyYIpjzkxidFVdSO3QBD79rLgBrJehfITTIWw+jMsp6BlDUiGXFTMF86st3n5eLQCOa812qqsyoQQzEaHWNjyaegKSk7BJ2pDFTQTcEvZpNihZm0TO1SKfnGN41e4nBtt4mXew8ecHbrgWvhLUPotCFsBsaseGRvqVTjGTeTBlvdpE8SH7SiCdK3OAE2eGhNnS8xoVw+ZuhWC08xEz1Idjlf/9XVQaHESXd3xbcNPNwQ6jaQ==
cnMKtxi4SqyEuDP86IYvPvpS63QJ/fRElFOtVzkaGWVjvfJ1aP3Kv9LgFl2fw2Im46QKd2Vgllt3gF9GInJsBsohlpTqM4KOXJJTTz+koBNgng4jdoQQbYxqN3Q1ddP9cbxLqiSFaQiRb91LQgMJKPamYwhwjRY7OqUdFFgZOQqcqzQ7xJaDuzzMaQ/uTmu6wj8dltiPiCRee1ClbeMAsd7U9Z+79QAlr3UYnjJK/Z+ewnmrWBlfwqrwU11PWnnAjxLj2qh7OtZyd+syCFfXMdv1S/YnI0L3+HNyfd1dxUn6BCUTyveysqSxOUQa08kBxU37/3M7cy3ZUcm4HnxLtCSZHokkEZow8K+AU1T6ugVAJPaWVUwEbp+T9F6vVoZztypb18XCAh8Li9MFC546DR/xbLT3JsDsofxvcrMZ9m9O9r8LrfU3tjN3oxY=
pSZYMUC2UOrQXoyW/pUReEdNPzUdT2t5l9ojUz+bC0DuQ/0CwidSJ3QEDFkkDssMCXgWXsGm9Aw5luZpfvcCpZCt9zMXqFZktnn0FG0AcX0LVoEHqsHydsvJqPyqz4owAByWkWW5PLdx8TOGc8mU9nkSIQlw5SthJ95LdZuL5WJQW3fF2j+WXKF3PERgcF9NIgmyLAypZvjL+CUJHmC5sea6DkPbfLPj+PXl3XHBOfvHupx2HxSEa8dimIPQxe5j22WU/k5O0KI4B0LBWBRP3W44cF7bYuIZURD8/UB79nNy0ewv9M9SuV1kgy9FqnJGVHY2ljnWnEDm/nUupJ5/HvtXO/gXafBk2zUJQiKZIWPq9wWuto0Ys9BBcU4MYQokeZWxXHX3P19XiSbSXoBdJ5Y/kvv/1QSjYw==
PoQeTAz5h6IucK8dz6V8TzoipDdVN2hHTiL9h2w6+D91wg6K/7wzXX1AJFNfJn7PRxl8aFvfpb8QOtzgfk3gH/2Fz7Q5A51mV691hvdEAkYWInCCLUClSR+z94Octi7xhW7XvaoI5ve8i9y8geCskzk6jwifN3M+7/+Ggzhx+jwwrfkvGpfg5rHioYn4zyq2Jdlnb4irC8dYqB5A5YHKAAlNJOM3LO4ic0tDcEH+O7BzXDQh8piWBetE5B0Pb093+1CbGWrZ/GESq5G3vbeO5nXVlu26vICD+fK2WVGfEQ8LmY9Bm0MdA2kuktbzChC7Do84y9L+lF0ApTgw4ttUJsawafaswBsBFAhjPH4NQ0iLkRlYipGvOZMzJ5QiE0szHFKL3KgC5S5PZL8zzlH6VC+NMa//+NcFo2A=
Apv4RL/JqFlIG/6x41xxppzYqi2+NeL1tkZ1IoBwr7D7tEK2oCakRfCD4BIs/sV7hamsDwZKa4O4wr8/i1CEp3Q/d0DjBSLazzIi7QSnSO8aHe/RGDGc4dKZCTpDCYs0oepfS5PWXcQawip8NOh6vv8QH528Jf9uQNbsmIpf0DR8SEutVtEOfODB8nhfEEnZojhN0fKCErO3VIejDJ1Jbe05rVtz4mAmMzyQa9NKtNMsnVrDT50ITuImJOIMLy4xRCxbvZpgzI63inaZxXgQrfyjgpNm6fBfGOdmeSmML5/Z0ubm4K5KRhX+iEDy1ln+2EbLvm8vp0i7gYSk7x3lMj6hNYOeL7n+WuWMM0SpHZ6wOf5Eba2trBnfCx+j4YpiwnjJhyJnbqvT/RCjdw==
dCOB3kOfcTdakhhX8ySO4QWKQsV7+5gyB8IMyu1nwx1MfOAZpkDyi/sgap3IMuXubUuPnmIvN6C/kke9hyUe2PCxpN91O2Py9GWeq0GfY4uWUDjF3j4DqZMQYZjd4MYcBoI5qlIANwOwI2lpFXFlKXc7Ur0fg5RmVUpyoz0zHdbjLelByIfR9KoyQXfA9upaYiAUyPo09LXvWqUlLazXBgn7RJ3lWs2VN64mtPJ1DUmcOqrOkvfc4hPua3P27AqkXR3AnfgkZg30uNncT4FUdFvhZG5kaxH4YcPqMW91m9X7a6Vulj71sNZrlcZyy9oRjPMZcX5WxIrCguqDiOkywM2NjCw61rFG8FnDtJb1Cu8UI3AFhoc+y4AZz6CJB68+sFY2orze0/LOwLTan2YuSh0OOcPR0B2tYsQJMcPqSE0jMwhjT6bcKYrzwmUbxkZ16HT7Qdt0v3Ptf0VNrHq0lJ+39OuYsxVxVqMx
HYgd5qXd0SFtfGsuwxymjSmEUBS+3SwF/ZZXK7qtUstMOJka620eWNlX1eLUrWDubVEJhpVHH3jIbi8gi+dhapHYZDAeeFb6tGTEiQFUneUX9AP0QiYgvH9j3PTk4lm9EhiEn244r4iiVws5E/kOekgQUERDned45BrDA5iA6ACL3L/3QmT+evRSdmVeh1n4pzxlqxM6Wdgo1VLAo9ZI9CIjnI568g08mM5aUhGhaiiXtJrjrSbuyl0VaU9HgJrK1RcwvfYQVQNjIRAJZ9GYIsp+jVN2Rhl3QA0PLiKUE6F3LslMJ1bDxvAvqno6U+sOcOMnfbPxq6q/t5Kb8JeyAWWp9UXSwIWPEiOinmwVufji57nNLcmbI2svI8FRNYlEJgj7OIzdPpV8RQqcuIuAbyxOSkkoIBbKzdjUApd3NCIXorZ/n+77Sx0WEjPDL1O586pKwfd1DGjvMpAAKZgvjottRuPmsp8X9aGnGntToyo=
FTwGQnt88NcilGhOfzYOi0l7yUX/zA+0gUQAabRVbFTYU4A84d7ZGjFn/mm6neXynO9hITZfz3BZiOiqYg70l/mv7BJeYo5FlHydy+/IuThip7mNrQmb4+tvI4HR9YmEpkj7eAwdPlX8BQrcOEuAr6wOSgmo4BYKTZjUQhe3NOKX4rY/Hy77i51WEnND71N5c+pKgXe1DKhvcpBAqVgvTgstRqNmcp/XdeGnWvuTo+o=
kuv7MVGiF3cz6mk9KoUy6ahWCB+FSXwObcmKS23Mz80xxiIQBSrEWuO+nxco81uvWMBOGEW5eijJpdQb1/Q+CvNjEyghhkvYM3SEGVJARu3rrDTFr1f/X7s462EKgaxJkoNBb11Pfg61/SbVGuTQ6/ma5gHxp6Eny3F/uXubzSvpBsKOk3Jg006niPNyJkS1AE3o6ELj5A6G2BmOzJhLKZQgs+Se9bOgS7mpYCrJ/1GTW3fMgiv7G9y6eyRI2jUGz0zva64pijxvpYGXXyAH7aOI
zDMxN9u/eiD5m4FdPIBmaXNzLEKVT8L9AEkXUYynvnYwZuiBYCQHFSN/RrQS77zoczPBUaSI7k4Kl8yE0BAvzfLpIuwcyTb4Gxg1SY4A6TEWWr4DqxwD4whV1Z0B4Ql7F5oMNg+0VGsXwojDQOU+4+tF5L5+7iCiiGcygej0v10+WOAey4IyGQFw7D3QmybzArFc7wQv4rktxLPvtYpCxgRWplYpdsxAtl5l7jS+L57Ld8s4J8mAZGvV+YKS+VHjOheVbqbtSLMAoWEOnAFapIl1ARwFl49fpykWki6gbadGHwK773XUo7M=
0Suepuo/iR942sWEE/92z5BCmEFbY9E6tcF8JmnNOmq4lTOnUwJkdCUnyHOZNzskIhXrCHO4s/3QoHC/hRhSw/8HZOSIoOcNOrlazDQ5LvgDaB1pdtChcV7qZuMDjHtjsMU9PVmRQbvfSjRWZ4RMaw/y4KN4NfYjozW8HpZ+mCLw95phMET3HXaIGD7j8ioZGYDEHajL7jPKAQSPrL8aOZVU209teoqGTAaetsFG1ECubo0ODO5n3gOHE5hPWTjkk0VR4spJmSPyR+1Ojh1QsxjRSS5k0RLkwcXZ/K0H998fuf4ydtAlZ47POtuHRcyjqw==
GGCVDiX1Gq5K/tkmInD5Jy3y10ryDEgOQUHRa7eLdCWYtFpezdHeULD3xfcg5+pwdlTcmyIqIXQo1Wk04k6ks0E9O1E4EKdZr1hEaUhi3TpDg7eA27ZK6RqQFJypH3C03AhrrXaRbvwAgZJ4v9ApWUL4bdHSQrIzF5Sno2xdqe2NeU1bE6LAppN8sGvzChRTjN06w6/daM4C5kTiLO+OseTse726oCwO10qWmaU48C2c46KTRqlQ37inRnnJzE8fORKG5gBu6sa1PqhA0hb5fniGK74P70fI28FkpM9dRbKe4RWDvm/Zfrql7DOkaX0eUPneRE1tDSy5HysfwyFq4qI4KYdCJ84rc70wo1c=
0iNzqCyCZzXJoj9w7QOg1ToipDdVN2hHTiL9h2w6+D91whKL5bpzRTFRKVheKzzIAxNwdlGApv8fOsvgeFK9A76I0botH5d5UqhvwvcGHUofMTqYdl2wExPz+cKb+SnxkmrN9qxS++Lmxcngy+eoj2pykg/Rfm4/9vSYggl6yjsrpfA1DYvX9qrmoYn4zyq2Jdlnb4irC8dYqB5A5YHKAAlNJOM3LO4ic0tDcEH+O7BzXDQh8piWBetE5B0Pb093+1CbGWrZ/GESq5G3vbeO5nXVlu26vICD+fK2WVGfEQ8LmY9Bm0MdA2kuktbzChC7Do84y9L+lF0ApTgw4ttUJsawafaswBsBFAhjPH4NQ0iLkRlYipGvOZMzJ5QiE0szHFKL3KgC5S5PZL8zzlH6VC+NMa//+NcFo2A=
eUA8k+RDaqrjXeIahdpXIqEqXo6UskJ3N90lwGOFfveqxcPAOopxgBtR6RG3ffnx/xUyyMhB0JDz+Udt9eV5MuLHG+wFlvWD5Kt5rKC9EIt2OwfHk4/QJaxjARrZnIKrGc1WPxpHalcF+sw4xLmRJfPh+R63xmfiDiehnjY8r/yyYIpjzkxidFVdSO3QBD79rLgBrJehfITTIWw+jMsp6BlDUiGXFTMF86st3n5eLQCOa812qqsyoQQzEaHWNjyaegKSk7BJ2pDFTQTcEvZpNihZm0TO1SKfnGN41e4nBtt4mXew8ecHbrgWvhLUPotCFsBsaseGRvqVTjGTeTBlvdpE8SH7SiCdK3OAE2eGhNnS8xoVw+ZuhWC08xEz1Idjlf/9XVQaHESXd3xbcNPNwQ6jaQ==
cnMKtxi4SqyEuDP86IYvPvpS63QJ/fRElFOtVzkaGWVjvfJ1aP3Kv9LgFl2fw2Im46QKd2Vgllt3gF9GInJsBsohlpTqM4KOXJJTTz+koBNgng4jdoQQbYxqN3Q1ddP9cbxLqiSFaQiRb91LQgMJKPamYwhwjRY7OqUdFFgZOQqcqzQ7xJaDuzzMaQ/uTmu6wj8dltiPiCRee1ClbeMAsd7U9Z+79QAlr3UYnjJK/Z+ewnmrWBlfwqrwU11PWnnAjxLj2qh7OtZyd+syCFfXMdv1S/YnI0L3+HNyfd1dxUn6BCUTyveysqSxOUQa08kBxU37/3M7cy3ZUcm4HnxLtCSZHokkEZow8K+AU1T6ugVAJPaWVUwEbp+T9F6vVoZztypb18XCAh8Li9MFC546DR/xbLT3JsDsofxvcrMZ9m9O9r8LrfU3tjN3oxY=
pSZYMUC2UOrQXoyW/pUReEdNPzUdT2t5l9ojUz+bC0DuQ/0CwidSJ3QEDFkkDssMCXgWXsGm9Aw5luZpfvcCpZCt9zMXqFZktnn0FG0AcX0LVoEHqsHydsvJqPyqz4owAByWkWW5PLdx8TOGc8mU9nkSIQlw5SthJ95LdZuL5WJQW3fF2j+WXKF3PERgcF9NIgmyLAypZvjL+CUJHmC5sea6DkPbfLPj+PXl3XHBOfvHupx2HxSEa8dimIPQxe5j22WU/k5O0KI4B0LBWBRP3W44cF7bYuIZURD8/UB79nNy0ewv9M9SuV1kgy9FqnJGVHY2ljnWnEDm/nUupJ5/HvtXO/gXafBk2zUJQiKZIWPq9wWuto0Ys9BBcU4MYQokeZWxXHX3P19XiSbSXoBdJ5Y/kvv/1QSjYw==
PoQeTAz5h6IucK8dz6V8TzoipDdVN2hHTiL9h2w6+D91wg6K/7wzXX1AJFNfJn7PRxl8aFvfpb8QOtzgfk3gH/2Fz7Q5A51mV691hvdEAkYWInCCLUClSR+z94Octi7xhW7XvaoI5ve8i9y8geCskzk6jwifN3M+7/+Ggzhx+jwwrfkvGpfg5rHioYn4zyq2Jdlnb4irC8dYqB5A5YHKAAlNJOM3LO4ic0tDcEH+O7BzXDQh8piWBetE5B0Pb093+1CbGWrZ/GESq5G3vbeO5nXVlu26vICD+fK2WVGfEQ8LmY9Bm0MdA2kuktbzChC7Do84y9L+lF0ApTgw4ttUJsawafaswBsBFAhjPH4NQ0iLkRlYipGvOZMzJ5QiE0szHFKL3KgC5S5PZL8zzlH6VC+NMa//+NcFo2A=
Apv4RL/JqFlIG/6x41xxppzYqi2+NeL1tkZ1IoBwr7D7tEK2oCakRfCD4BIs/sV7hamsDwZKa4O4wr8/i1CEp3Q/d0DjBSLazzIi7QSnSO8aHe/RGDGc4dKZCTpDCYs0oepfS5PWXcQawip8NOh6vv8QH528Jf9uQNbsmIpf0DR8SEutVtEOfODB8nhfEEnZojhN0fKCErO3VIejDJ1Jbe05rVtz4mAmMzyQa9NKtNMsnVrDT50ITuImJOIMLy4xRCxbvZpgzI63inaZxXgQrfyjgpNm6fBfGOdmeSmML5/Z0ubm4K5KRhX+iEDy1ln+2EbLvm8vp0i7gYSk7x3lMj6hNYOeL7n+WuWMM0SpHZ6wOf5Eba2trBnfCx+j4YpiwnjJhyJnbqvT/RCjdw==
dCOB3kOfcTdakhhX8ySO4QWKQsV7+5gyB8IMyu1nwx1MfOAZpkDyi/sgap3IMuXubUuPnmIvN6C/kke9hyUe2PCxpN91O2Py9GWeq0GfY4uWUDjF3j4DqZMQYZjd4MYcBoI5qlIANwOwI2lpFXFlKXc7Ur0fg5RmVUpyoz0zHdbjLelByIfR9KoyQXfA9upaYiAUyPo09LXvWqUlLazXBgn7RJ3lWs2VN64mtPJ1DUmcOqrOkvfc4hPua3P27AqkXR3AnfgkZg30uNncT4FUdFvhZG5kaxH4YcPqMW91m9X7a6Vulj71sNZrlcZyy9oRjPMZcX5WxIrCguqDiOkywM2NjCw61rFG8FnDtJb1Cu8UI3AFhoc+y4AZz6CJB68+sFY2orze0/LOwLTan2YuSh0OOcPR0B2tYsQJMcPqSE0jMwhjT6bcKYrzwmUbxkZ16HT7Qdt0v3Ptf0VNrHq0lJ+39OuYsxVxVqMx
HYgd5qXd0SFtfGsuwxymjSmEUBS+3SwF/ZZXK7qtUstMOJka620eWNlX1eLUrWDubVEJhpVHH3jIbi8gi+dhapHYZDAeeFb6tGTEiQFUneUX9AP0QiYgvH9j3PTk4lm9EhiEn244r4iiVws5E/kOekgQUERDned45BrDA5iA6ACL3L/3QmT+evRSdmVeh1n4pzxlqxM6Wdgo1VLAo9ZI9CIjnI568g08mM5aUhGhaiiXtJrjrSbuyl0VaU9HgJrK1RcwvfYQVQNjIRAJZ9GYIsp+jVN2Rhl3QA0PLiKUE6F3LslMJ1bDxvAvqno6U+sOcOMnfbPxq6q/t5Kb8JeyAWWp9UXSwIWPEiOinmwVufji57nNLcmbI2svI8FRNYlEJgj7OIzdPpV8RQqcuIuAbyxOSkkoIBbKzdjUApd3NCIXorZ/n+77Sx0WEjPDL1O586pKwfd1DGjvMpAAKZgvjottRuPmsp8X9aGnGntToyo=
FTwGQnt88NcilGhOfzYOi0l7yUX/zA+0gUQAabRVbFTYU4A84d7ZGjFn/mm6neXynO9hITZfz3BZiOiqYg70l/mv7BJeYo5FlHydy+/IuThip7mNrQmb4+tvI4HR9YmEpkj7eAwdPlX8BQrcOEuAr6wOSgmo4BYKTZjUQhe3NOKX4rY/Hy77i51WEnND71N5c+pKgXe1DKhvcpBAqVgvTgstRqNmcp/XdeGnWvuTo+o=
