bQtK9UWv3PEXTrzoOK5PAh9GJHh2F5kmV8k8R6ClqaxTYTUbZwMXW5VqKDtrx8hMXLka0SVraQ/0AseVito+cds1fvkxXHf/UcJOpsheQiYtDjBASiZhntC24/7HPy8o41GcJPfNPRK2sd3D9p+xXiLVdDM8meU+uIkWhAW9JYxBjxuZu7NWgkpoYUcKF2ZL642oo88=
J/4+/UpjO2zIC5+/WLf4VWywosA5spTupLWepvyLBrVFr/jzHIGNCwwFXIFlf2QzFpoik8aJ0N84p8Z5SczPH7kSBuaAbmrGNT4oQFIWeX74hqu+j+/HyFvB5KRPXcWyHuGVgz5vWX46pWwzJGn9HtD5XkTNbY0sOR+jGUMj7uIiOKmHwidOK/O9sKPX
pjdRZ2Y08p752/p1TSZCZXz2i6wX3pP5OBPeACfmhs6+Q+gNPC6vZESQjOrQO8M/R2tMUz+5hJGEJMKddRaQ0rJDRoFRaW7TRgOi/bPzsnnjQlkDWsuo5hxj+PVuJ4bb+Jn3sHHnh244Fj4SVD4LQpbA7GpHhsb6FU6xk/kw5b1aRHEhe0qgnatzABPnhgTZUvOaFUPm7oXgtHMRs9QHYx35fV/QGpxEF3f8W/DTTcGOo+k=
UoKSrrJXXXkZsxVR/czDaPqWmuTT9mkpU7qcfoHrixGDigcd87ikQFU7R1/EYVsbeycDmQFdCTxWQJsgnPV+LczNqkRoY4CX3Iaq0biI1vL90PRaxx+0Wmfq1mePxrvzrZ6y6xPHU0EDYqpZZ93MUN86sFh5+Kn2+SEm+/aa369FKQfCq7uj0g==
r8er7f9cYde3YWz46P0OfJjw07PMFvHARb/JKCwcAJbS56n5q0OgU4mfqy1bTtexWy0k3O2ft5MMVTtnYyMTdemJSWAuJCusFAHekZSJ+mhAd4CL5KLanfA8Ng5lVGQ2r0t0hp8O5muHspvPdVpiR7tT0927xlqVr+msLMc+oLSRLOmqgUWWd35ufxMdbVfug6+jzg==
pr08s+KKiyf/LhGCpN0vEpjw07PMFvHARb/JKCwcAJbS9qH3rUyhAYmfqy1bTtexWyIk3O2ft5MMVTtnYyMTdemJSWAuJCusFAHekZSJ+mhAd4CL5KLanfA8Ng5lVGQ2r0t0hp8O5muHspvPdVpiR7tT0927xlqVr+msLMc+oLSRLOmqgUWWd35ufxMdbVfug6+jzg==
rNCS27Fw+n15qG0pmWYBEkpsm8k0MnPJcaIVEOoT2BPEWFZyRVMAKt+951Oy3wXi6a/rKRNU86kU6RbrUmOWJc8jHhF2xM/r9ptUviiD7M1yV6rzjFlD2J1XG5astspKaO5naoLA+EIrVvqi4e4la2WACdXuhAUJVzq8pb+TNEsb1qgxxnMOfe82kl3U1GcpryQrS+m5ybe8qgA8g9eIg8yDoemao/0=
BD29UjwUuSZqmgWkW6ZT6D95bBOHbXvHNGeljpyd+xJWXydBmJmqE2YDgj3Tc1K5i0W7QzpLSKY8Y9i1zqcmm9iZl/CRZ+eu2BZe0vS+q4K2wMyq5wZmOnVOUVOZsAX9OkRRYdvKAN2LcyBTBwZkmbLz+tWjZo5FwLRT0RNUp6M9+Z2fsJp8BHd3HBtQU+2BrqPJ
rF//fJSI48lS96xGSqWQPFDrbALY6W4IYT47RLVNoxwTN/psbS4dfN7a/bS7+RLjvkP6bQuTeqmCRbNTEisQdsSjgMV2R84rUBkfADnHnx4A1maCrJ5Dkr7AxLoPJj5qTY6J4+EQrQ2yxNnRMyq4rdOz2INfZkyJuvPyxYuGVhW49IshqzTPE7V5Fe8YOoS0Lzcky4hzhZGmo8E=
RuSvwAnrzi/EG4s59vMfmOTgigXp/llP7ywEFCsoNoCE1tMnDd+9zfsbh7Qf/x9q5RohVe/tWOfLsd95e9tNa+nGQk6TMuCTTucIM3LmxPUADWgoQiNkToaYmc7MWMvplGAzpJ41M2BLeSkgKol/kZOb94yCa3vb3Hr75EiatU7JjG2vrmkKfG/lAVdf4Ieto8g=
RiONCJ0CozSN8L6vch7v+F9VLmJvGJh1TcA9R7Swo5ZTP3p0AW1+QZx/MDNU8eUrFPVOhX0PfBP+aurTjtl4f8A3fvkxXHf/UcJOpsheQiYtDjBASiZhntC24/7HPy8o41GcJPfNPRK2sd3D9p+xXiLVdDM8meU+uIkWhAW9JYxBjxuZu7NWgkpoYUcKF2ZL642oo88=
2XzJyGghXNvLZ3QYlfjnU7axfxARuJ6E5dGShGdro0Muw0rN+1NKyZpHo7Mia2DWdCMQZSYHngugGS9gaYdP/pBWFuIcXrOyrsDUmv/mjgo9DhkDMVD9bYLEKfFjaugNQzNoIy8mfGmq8+Klu0amtQh0G4F79B8zxXklD8j61NS/t9QrODP1sbaj0Q==
wlNFSLOwOBIROdggrKpL2z9jYB6FLDKPK3D8g9DCpEBURmZBmJmqE2YDgj3Tc1K5ikS7QzpLSKY8Y9i1zqcmm9iZl/CRZ+eu2BZe0vS+q4K2wMyq5wZmOnVOUVOZsAX9OkRRYdvKAN2LcyBTBwZkmbLz+tWjZo5FwLRT0RNUp6M9+Z2fsJp8BHd3HBtQU+2BrqPJ
SrlDSbKWWoSS5Q/i/FX8FjrYiZjU2JM5P43TyykYda+hG8u5SgF9geJvs558MI1c/ekntgosx1PFUd/ZGW/ZpvibrWbRKo944nLez1M+OSpTns8zmHoYgwtVPPlSqumSbgduDXWTJuMi4HJryC7gwRMQqilx80u5k3JnFUPhpSeFA+eXtPkbM+tf4xExhYnUBvi7aGztvoXcNcpM2DuA/wy+ChnIEJbabagU0vfHNLI3UvYvf957W71m0uOjn1Mp01oKkRdFjHhPQlDQSSApHqmZBrMGgh8HVdFnyhvjo7o=
lmSxWFWzIhORvLDJlfhktiHb59MvV2iTwRoq4AbqoLVNgyRBt6IQ4w1BR27aZIer9Tn/wQln2Z6Is00+geJPAFKaflfDtrmSozav60gyWHs7PRzhQqLpqh4vjlUlW+abkgjS81imYHnjuMrxobsLQaMaRw1T7qMf9SsHz+Qx20tbt0OJoQ0JbPZQ27C8pf597F3qVMgzgMd8lupBmNhWot1AtEpnT7QKx/qW96+WO6ONDvL7s5dTEaNy6slHjUwA/6rwSNmoqaZZMWZr1spf/2W5R9IL66OC
0Znmi4Guv84sywIgYaDgqKcsX9Ti+wWnX/QmLwr+hW/0d5Rt55Grlc+U+1hHI8pIbKAOGwqvwPhAaycuYrutlbvDFzx/N+9S4y3RnY9lyD+L6c9xW5P9k2m+8oazOvBLjr+Yu5KutM0ANRhgoqv0FkZAicbskHuRFJiD7L49IzgLobmoSkGPqZOjB0Ti4+sDnCLr7GjSBbZJ9N1njmEapK+9kd+/qPeVo/A=
jWMYmHRQqMkqTiSQxiDJ/sWA0RUuxCNoNb3HbgMp7lvayu2L1BN8Wfdlo5HPkPOsVxciLExEZi/a2wg8AK/vWrIPxXEbp/+I78Nn1mOpWWkf0SBbKw2nxYvnNVcpejryYw6Yr67bcI+CWrzJADEQlLKfHHJmpOHyPOSzVVRcS5huiUvcq8VRHNq1By0TJ4+wclcDZzzGg1i4ps1yCTAVE15VckCP2Xnrr1z/kaP0
M72glDtTulDdt64z3jXtyP5ZMixjm1pW5aEHPfa11nzsTrdzMEya9tZ74CUSTxFxK9OarKfE/fxQRm6ez5A+Hc0Gkrvqo84VJ0MmAXXDyPvOezyO8MNUHRr3MoME2ctoBTezRtR2EjpAzh96isDwUlN20tI5Ll27zeCRZWYEjXnPmtR1B9Pse3M2kCHOcwZt11Z6bYwU33lHhLO7YTlBByRKqGx7l9Bz5KNZ+ZKj9Q==
NR11AocrnV0TyMfQqQZCXGN72lqrxwSi0ngDda5EKVjyYcI8+bnEHXBT/2Onk8+Oz7YvARY+vGpKxbL9LF7gkbOg6jkRA8tps0KnhaOUo3cls6eH1Amb48tvI4HR9YmEpkj7eAwdPlX8BQrcOEuAr6wOSgmo4BYKTZjUQhe3NOKX4rY/Hy77i51WEnND71N5c+pKgXe1DKhvcpBAqVApTgkpRqNmcp/XdeGnWvuTo+o=
exZWvsal60z+XNBuQ8alVz95bBOHbXvPNnG32pGU5UBWWW4V1szYE2YDgj3Tc1K5iE+0QzpLSKY8Y9i1zqcmm9iZl/CRZ+eu2BZe0vS+q4K2wMyq5wZmOnVOUVOZsAX9OkRRYdvKAN2LcyBTBwZkmbLz+tWjZo5FwLRT0RNUp6M9+Z2fsJp8BHd3HBtQU+2BrqPJ
A+p+a2nRe41i2v7mAN6s8rb6gAu7lBxS8yxXHhcocsXQlZZzSLu9zfsbh7Qf/x9t4hQhVe/tWOfLsd95e9tNa+nGQk6TMuCTTucIM3LmxPUADWgoQiNkToaYmc7MWMvplGAzpJ41M2BLeSkgKol/kZOb94yCa3vb3Hr75EiatU7JjG2vrmkKfG/lAVdf4Ieto8g=
FEED+smziRExQhuhywtYAOaMhJGU248DHdu12dtPz/BPW7f6YoCJ8b+pELPrpdd9a/9lP6mS6uoDtmgH7rNAdyLC7OEAGUAMEmcsGiYMEUpc/GO91DQbgI4xO3RrLWFkei3XBRMPXyjSLzOP/G7z4Fi+nRqJ2MULPu2C6M+xSRMPxK+5o9w=
hj6IEl68gbQ54qf4OkVOXgMWESd+Ja6BTN+gsyRRVevkFVqCY28MU07KGlMeeSg/kBdO+cG8p78Bot4meL6y5h0uIEBaBlFeIFZTfldff2gzsWwkx+1tUuYRTUMGPwEeUrVkMyx5Ff4IKWYElR31TJGvK5nL0wZCmojxx7p3Fgvbrbij3w==
ur8dIssiATDDsc8Ly4wrVeSMhICWzYsDHdu12dtPz/BPW7f0YoCJ8b+pELPrpdd9a/9lP6mS6uoDtmgH7rNAdyLC7OEAGUAMEmcsGiYMEUpc/GO91DQbgI4xO3RrLWFkei3XBRMPXyjSLzOP/G7z4Fi+nRqJ2MULPu2C6M+xSRMPxK+5o9w=
k23EpETMfXg+ss50D9qMJQMWFzFiOK6BTN+gsyRRVevkFVSCY28MU07KGlMeeSg/kBdO+cG8p78Bot4meL6y5h0uIEBaBlFeIFZTfldff2gzsWwkx+1tUuYRTUMGPwEeUrVkMyx5Ff4IKWYElR31TJGvK5nL0wZCmojxx7p3Fgvbrbij3w==
0A7l7+B6q/fWSSLV6lUQugMWFidwPa6BTN+gsyRRVevkFV2DY28MU07KGlMeeSg/kBdO+cG8p78Bot4meL6y5h0uIEBaBlFeIFZTfldff2gzsWwkx+1tUuYRTUMGPwEeUrVkMyx5Ff4IKWYElR31TJGvK5nL0wZCmojxx7p3Fgvbrbij3w==
JIWhvWacqHEgMbkiuas58+n7Hr3Frqz7iWyTg7PJ6wIv7/KTgO80ajWx1Q1ieFmvJ+d9Eoj5+RUNWFgCJfLfhfV3Q8khTQksdhDbcDxl/r1sneoUSHOAh/zW6oEYGFZiXYC0CucPtEpHupY3L1Y7Yw3O8rsz11NRIzLqCcdNTMB/avAIWeGo5tlxZqtWCl8/5XlHkouro8I=
X6n/vH9Z59p7kXq05A3T+Or3UKzBuOXljXOVj66A5lABy5ypyaN2O2jr1V0sdmSIK900XsimplZ1awcPZPHbi9t3Q8khTQksdhDbcDxl/r1sneoUSHOAh/zW6oEYGFZiXYC0CucPtEpHupY3L1Y7Yw3O8rsz11NRIzLqCcdNTMB/avAIWeKo5tlxZqtWCl8/5XlHkouro8I=
PPhKwBrQM1ak0ofHTPsgLy9dtPHYjB7nAyv3tbw/wZaY1vjQ/11weqjSRc2RbgxRfNuw0l6JxlEkYkRU85lk8ioSJuqNz3dDrCW7l8NzU6UJuUlQzvRr/LTxXuE0WTo4IEeAu4TyGk1QTLb+xQQk5k97dLZ/3qY7J0Ibv9WKohfbY9Pt25aaRQ+ZLNxnbuBkcRbommGV1ifenv9jvb2XvuOfo/4=
wnjLuGRXflPGO7MJIQFlX41ZJSxj31pC5NoHNLGFyF/ZbZxRNnLU8uc07CJbfE5jJ9jVpOneuaNHWm6+z9l7N/4oiaHusLRgQXpsS2mGlZD9JBzw14VQHlz5KYEE2ctoBTezRtR2EjpAzh96isDwUlN20tI5Ll27zeCRZWYEjXnPmtR1B9Pse3M2kCHOcwZt11Z6bYwU33lHhLO7ajhBByRKqGx7l9Bz5KNZ+ZKj9Q==
v3hVQkAGbikYs7ODOf/ANTI1PeJlXyNlbwD8RQYuGm78hFtKTlg4/ZmcZHgomuH8IVF2qLN8wQT3l8hjasIWc9KxzK8UjzK5/aSjryXqkkb0NlYW2RY8QEY+la7E3t8eGxdbeDepUGS7denCAtmBYwo3JS6WTfizsAFRziwhaiTZVZHcFTfcWPfLAlK+QD0nNv9ye5+VpKPD
qwo+8krCmmT+erL+1E2WUFjgju6s7oV3+ZW8r5ZbIjrulbKFjcZSnbRr2KQ09mcH/JiN7WSYqSF/WbADa9W3zasvhS+pgoq6QwaI924D4AdikszxAAlgXFIXjKqm/PH6HKwDrdQk+1BOgVsE653BlLr99xUTH3/4Et+TP3wek1CYbn0BiMilW35dYhhPAeljT5SPqaPM
MdmnbRickkNNEWGN1fuoyt/4242Yog+Y1FQMv6lj2N23iAxpRuYQl1yK23QIqlWSyNwNn275Kgzv1eHHH5AnfaMY
sJuHD9VAR2S/UknmiS1J7tqVjmQcPReX3h5wo93qrJy8fFN/x5sv7enwNDJaLaqBm0ShSpzqG98nH30sxfH4NllD/sZ5pF13aFntSrPFiZSGuLso7K2+xVx1ygxYe4C/jP4KWUhQlprt6BSSd4c08rcS9m//nnsbPSbSoyPfU2lTGgrRlwWMOM8CUJDJbCheKdkG84bCH0fVkWeKm6Oj+g==
5/jNqwZzus9LI/BAbONFou9G837/Zok4M5eOMbM5DmC2n3mD1RfQOQ+axhnDtZmDuI8L3sfbYYM0McE1SyEObSmzbJBRTX5O5JgyNuaGBC0fSGieO2FYgEqvD6sW2YXfLCL8c0tJxtFqN2KjNNk7CNV3A+ZE9mLaEA4vWprA4HJjtoIySa7NG32gQQWWBL1Zn1qklZdTXNujdmBB3nMWjaeWKs08lE8Zt8Rjm104Med0ihjM6xcgEzTjadmCo+U=
ISuIhgAbJbiusCYcScZhnB5hpJUnE6jvXt87ajVlP4YeKiey9ikh7+/oJFluRv0NpHTbATv037MJeGWPCPoUVP+3FKv4M7UxdqMR
sA0xxM5CkrqTFQSm2S8AdzT2+FW7pmre2fVRTaACL1wk9Cthy7Qv0xl4da84uqT0TzeEC6jz5dEGo2E=
dncy+NMCbzNcgAAD+7G8V4YgOMJxdxrhIlhu8h+NTGC/inBoGUSoRpkR5kuWql+fJZnH8ssLo2I=
Q25VT3FDpwhdOz8ZTuEfVTT2+FW7pmre2fVRTaACL1wk9Cthy7Qv0xh4da84uqT0TzeEC6jz5dEGo2E=
b2s3dR0/QSqEcT+jdLg+goYgOMJxdxrhIlhu8h+NTGC/inBoGUWoRpkR5kuWql+fJZnH8ssLo2I=
YUA3mouOxB+57P/oHCdBPTfV4vL36NM2V8nVOpp5U2epHx8aHX/Ntemwg0BOVRSlRuRRb28l1JRBTSVcOzqu3ahyWBdPYmB6teI6BHXdVcwx70aY6xPmwnpI0cfaN3aLe21Yoz8=
y2LrjSk4lsixS96GDUXUxvaEJ1eNrSoBhh6IHc/VDwesVF1eWt65kPkuSkoYFZvhkQm2gJ9cU/lIlmdcdNDki7mXkHk3LESdVtL4E/xOs0DY3t03iPgF675NQsjP0Qlzj2RvWaM8
zXpeClwfadvAw2aQaaJEZRd+YCxRRiViWuLBrAkSMvb4qeNdYbXOPF9gK8W4qh9glOycN0kr6MW3kDwhpm6ALxxyy3wo4qULSER9V07xOnQvbXFPf1gXZaMA
Wb/Kqog9UL0xm0FtxM5gcSppy9cvmVEZQ08tZlrmybgZBhoS2M3LiTHhBvgfpOOR6H63BDQINKPZv2BBNxS0tTb6KMu8FmOoeLZtzwiAtQMeJRIQD4lZW29MH2GjBA==
S+JbPvLlbEXBblihJp2oxgNa5PIeq3ADdE8tZlrmybgZBhoS2M3LiTHhBvgfpOOR6H63BDQINKPZv2BBNxS0tTb6KMu8FmOoeLZtzwiAtQMeJRIQD4lZW29MH2GjBA==
5iqHXAAbkMbBZxPZtv61lHM1mRjFp93noeDaZE02kZyGhEg/f/eJC6qevwaHPwDEy7LEWmB9AfUsh/dWcHt+oPQd7CSXlgCcgeloYpFtNt8uZj+bTUV3RhNnowY=
JiKUe3NyVokPhCTYQyJV+Y1ZJSxj31pC5NoHNLGFyF/ZbZxRNnLU8uc07CJbfE5jJ9jVpOneuaNHWm6+z9l7N/4oiaHusLRgQXpsS2mGlZD9JBzw14VQHlz5KYEE2ctoBTezRtR2EjpAzh96isDwUlN20tI5Ll27zeCRZWYEjXnPmtR1B9Pse3M2kCHOcwZt11Z6bYwU33lHhLO7bDhBByRKqGx7l9Bz5KNZ+ZKj9Q==
hwz98MHEqEbERshGPTJhUh5hpJQnE6jvXt87ajVlP4YeKiey9ikh7+/oJFluRv0NpHTbATv037MLeGWPCPoUVP+3FKv4M7UxdqMR
vsWGeSyrBLhEwidqjulaKahWCB+FSXwObcmKS23Mz80xxiIQBSrEWuO+nxco81uvWMBOGEW5eijJpdQb1/Q+CvNjEyghhkvYM3SEGVJARu3rrDTFr1f/X7s462EKgaxJkoNBb11Pfg61/SbVGuTQ6/ma5gHxp6Eny3F/uXubzSvpBsKOk3Jg006niPNyJkS1AE3o6ELj5A6G2BmOzJhLKZQgs+Se9bOgS7mpYCrJ/1GTW3fMgiv7G9y6eyRI2jUHz0ztb64pijxvpYGXXyAH7aOI
ZmDSzMKMTcWhOSFNZhHko3NzLEKVT8L9AEkXUYynvnYwZuiBYCQHFSN/RrQS77zoczPBUaSI7k4Kl8yE0BAvzfLpIuwcyTb4Gxg1SY4A6TEWWr4DqxwD4whV1Z0B4Ql7F5oMNg+0VGsXwojDQOU+4+tF5L5+7iCiiGcygej0v10+WOAey4IyGQFw7D3QmybzArFc7wQv4rktxLPvtYpCxgRWplYpdsxAtl5l7jS+L57Ld8s4J8mAZGvV+YKS+VHjOheVbqbtSLMAoWEOnAFapIl1ARwFl45fpysSki6gbadGHwK773XUo7M=
fNXkKugI4Qagd3uPGgw0VpBCmEFbY9E6tcF8JmnNOmq4lTOnUwJkdCUnyHOZNzskIhXrCHO4s/3QoHC/hRhSw/8HZOSIoOcNOrlazDQ5LvgDaB1pdtChcV7qZuMDjHtjsMU9PVmRQbvfSjRWZ4RMaw/y4KN4NfYjozW8HpZ+mCLw95phMET3HXaIGD7j8ioZGYDEHajL7jPKAQSPrL8aOZVU209teoqGTAaetsFG1ECubo0ODO5n3gOHE5hPWTjkk0VR4spJmSPyR+1Ojh1QsxjRSS5k0RLkwcXZ/K0H9t8fu/oydtAlZ47POtuHRcyjqw==
uc/MkphbYbxDSyPa7Jf+Ry3y10ryDEgOQUHRa7eLdCWYtFpezdHeULD3xfcg5+pwdlTcmyIqIXQo1Wk04k6ks0E9O1E4EKdZr1hEaUhi3TpDg7eA27ZK6RqQFJypH3C03AhrrXaRbvwAgZJ4v9ApWUL4bdHSQrIzF5Sno2xdqe2NeU1bE6LAppN8sGvzChRTjN06w6/daM4C5kTiLO+OseTse726oCwO10qWmaU48C2c46KTRqlQ37inRnnJzE8fORKG5gBu6sa1PqhA0hb5fniGK74P70fI28FkpM9dRbKe4RWDvm/Zfrql7DOkaX0eUPneRE1tDSy5HyofwyNu4qI4KYdCJ84rc70wo1c=
j3irHJKflrs5qa4E5Q9AVToipDdVN2hHTiL9h2w6+D91whKL5bpzRTFRKVheKzzIAxNwdlGApv8fOsvgeFK9A76I0botH5d5UqhvwvcGHUofMTqYdl2wExPz+cKb+SnxkmrN9qxS++Lmxcngy+eoj2pykg/Rfm4/9vSYggl6yjsrpfA1DYvX9qrmoYn4zyq2Jdlnb4irC8dYqB5A5YHKAAlNJOM3LO4ic0tDcEH+O7BzXDQh8piWBetE5B0Pb093+1CbGWrZ/GESq5G3vbeO5nXVlu26vICD+fK2WVGfEQ8LmY9Bm0MdA2kuktbzChC7Do84y9L+lF0ApTgw4ttUJsawafaswBsBFAhjPH4NQ0iLkRlYipGvOZMzJ5QiE0szHFKL3KgC5S9PZL03zlH6VC+NMa//+NcFo2A=
caob4S6aKn/SSUjGAyRqnaEqXo6UskJ3N90lwGOFfveqxcPAOopxgBtR6RG3ffnx/xUyyMhB0JDz+Udt9eV5MuLHG+wFlvWD5Kt5rKC9EIt2OwfHk4/QJaxjARrZnIKrGc1WPxpHalcF+sw4xLmRJfPh+R63xmfiDiehnjY8r/yyYIpjzkxidFVdSO3QBD79rLgBrJehfITTIWw+jMsp6BlDUiGXFTMF86st3n5eLQCOa812qqsyoQQzEaHWNjyaegKSk7BJ2pDFTQTcEvZpNihZm0TO1SKfnGN41e4nBtt4mXew8ecHbrgWvhLUPotCFsBsaseGRvqVTjGTeTBlvdpE8SH7SiCdK3OAE2eGhNnS8xoVw+ZuhWC08xEz1IdjlP/9X1AaHESXd3xbcNPNwQ6jaQ==
KJwiUtJdyI9BNYKbEnMrc/pS63QJ/fRElFOtVzkaGWVjvfJ1aP3Kv9LgFl2fw2Im46QKd2Vgllt3gF9GInJsBsohlpTqM4KOXJJTTz+koBNgng4jdoQQbYxqN3Q1ddP9cbxLqiSFaQiRb91LQgMJKPamYwhwjRY7OqUdFFgZOQqcqzQ7xJaDuzzMaQ/uTmu6wj8dltiPiCRee1ClbeMAsd7U9Z+79QAlr3UYnjJK/Z+ewnmrWBlfwqrwU11PWnnAjxLj2qh7OtZyd+syCFfXMdv1S/YnI0L3+HNyfd1dxUn6BCUTyveysqSxOUQa08kBxU37/3M7cy3ZUcm4HnxLtCSZHokkEZow8K+AU1T6ugVAJPaWVUwEbp+T9F6vVoZztypb18XCAh8Li9MFC546DR/xbLT3JsDsof1vcrEd9m9O9r8LrfU3tjN3oxY=
sflYqiByNTa7dQf81+XvZUdNPzUdT2t5l9ojUz+bC0DuQ/0CwidSJ3QEDFkkDssMCXgWXsGm9Aw5luZpfvcCpZCt9zMXqFZktnn0FG0AcX0LVoEHqsHydsvJqPyqz4owAByWkWW5PLdx8TOGc8mU9nkSIQlw5SthJ95LdZuL5WJQW3fF2j+WXKF3PERgcF9NIgmyLAypZvjL+CUJHmC5sea6DkPbfLPj+PXl3XHBOfvHupx2HxSEa8dimIPQxe5j22WU/k5O0KI4B0LBWBRP3W44cF7bYuIZURD8/UB79nNy0ewv9M9SuV1kgy9FqnJGVHY2ljnWnEDm/nUupJ5/HvtXO/gXafBk2zUJQiKZIWPq9wWuto0Ys9BBcU4MYQokeZWxXHX3Pl9XiyLSXoBdJ5Y/kvv/1QSjYw==
HXwXMn44StiwAe8FR1NnNDoipDdVN2hHTiL9h2w6+D91wg6K/7wzXX1AJFNfJn7PRxl8aFvfpb8QOtzgfk3gH/2Fz7Q5A51mV691hvdEAkYWInCCLUClSR+z94Octi7xhW7XvaoI5ve8i9y8geCskzk6jwifN3M+7/+Ggzhx+jwwrfkvGpfg5rHioYn4zyq2Jdlnb4irC8dYqB5A5YHKAAlNJOM3LO4ic0tDcEH+O7BzXDQh8piWBetE5B0Pb093+1CbGWrZ/GESq5G3vbeO5nXVlu26vICD+fK2WVGfEQ8LmY9Bm0MdA2kuktbzChC7Do84y9L+lF0ApTgw4ttUJsawafaswBsBFAhjPH4NQ0iLkRlYipGvOZMzJ5QiE0szHFKL3KgC5S9PZL03zlH6VC+NMa//+NcFo2A=
uAm0NYUSCyk8gk5Z56FPM5zYqi2+NeL1tkZ1IoBwr7D7tEK2oCakRfCD4BIs/sV7hamsDwZKa4O4wr8/i1CEp3Q/d0DjBSLazzIi7QSnSO8aHe/RGDGc4dKZCTpDCYs0oepfS5PWXcQawip8NOh6vv8QH528Jf9uQNbsmIpf0DR8SEutVtEOfODB8nhfEEnZojhN0fKCErO3VIejDJ1Jbe05rVtz4mAmMzyQa9NKtNMsnVrDT50ITuImJOIMLy4xRCxbvZpgzI63inaZxXgQrfyjgpNm6fBfGOdmeSmML5/Z0ubm4K5KRhX+iEDy1ln+2EbLvm8vp0i7gYSk7x3lMj6hNYOeL7n+WuWMM0SpHZ6wOf5Eba2trBnfCh+j445iwnjJhyJnbqvT/RCjdw==
HE3kRNiz7BCkln7gIuTotgWKQsV7+5gyB8IMyu1nwx1MfOAZpkDyi/sgap3IMuXubUuPnmIvN6C/kke9hyUe2PCxpN91O2Py9GWeq0GfY4uWUDjF3j4DqZMQYZjd4MYcBoI5qlIANwOwI2lpFXFlKXc7Ur0fg5RmVUpyoz0zHdbjLelByIfR9KoyQXfA9upaYiAUyPo09LXvWqUlLazXBgn7RJ3lWs2VN64mtPJ1DUmcOqrOkvfc4hPua3P27AqkXR3AnfgkZg30uNncT4FUdFvhZG5kaxH4YcPqMW91m9X7a6Vulj71sNZrlcZyy9oRjPMZcX5WxIrCguqDiOkywM2NjCw61rFG8FnDtJb1Cu8UI3AFhoc+y4AZz6CJB68+sFY2orze0/LOwLTan2YuSh0OOcPR0B2tYsQJMcPqSE0jMwhjT6bcKYrzwmUbxkZ16HT7Qdt0v3Psf0VPqHq0lJ+39OuYsxVxVqMx
k0OLlxkDqROREQg4Pt4pAymEUBS+3SwF/ZZXK7qtUstMOJka620eWNlX1eLUrWDubVEJhpVHH3jIbi8gi+dhapHYZDAeeFb6tGTEiQFUneUX9AP0QiYgvH9j3PTk4lm9EhiEn244r4iiVws5E/kOekgQUERDned45BrDA5iA6ACL3L/3QmT+evRSdmVeh1n4pzxlqxM6Wdgo1VLAo9ZI9CIjnI568g08mM5aUhGhaiiXtJrjrSbuyl0VaU9HgJrK1RcwvfYQVQNjIRAJZ9GYIsp+jVN2Rhl3QA0PLiKUE6F3LslMJ1bDxvAvqno6U+sOcOMnfbPxq6q/t5Kb8JeyAWWp9UXSwIWPEiOinmwVufji57nNLcmbI2svI8FRNYlEJgj7OIzdPpV8RQqcuIuAbyxOSkkoIBbKzdjUApd3NCIXorZ/n+77Sx0WEjPDL1O586pKwfd1DGjvMpAAKZkvjolpRuPmsp8X9aGnGntToyo=
d2XHhzzMokUZ2rAGSzh0tTT2+FW7pmre2fVRTaACL1wk9Cthy7Qv0xx+da84uqT0TzeEC6jz5dEGo2E=
tVDtW7ZmqmJwPsO2Y2klMYYgOMJxdxrhIlhu8h+NTGC/inBoGUGuRpkR5kuWql+fJZnH8ssLo2I=
GG9OqoiWfnGXsL++BE5HBTT2+FW7pmre2fVRTaACL1wk9Cthy7Qv0xh+da84uqT0TzeEC6jz5dEGo2E=
R7h0KfHckBgT32FhpMX/hIYgOMJxdxrhIlhu8h+NTGC/inBoGUWuRpkR5kuWql+fJZnH8ssLo2I=
GG9OqoiWfnGXsL++BE5HBTT2+FW7pmre2fVRTaACL1wk9Cthy7Qv0xh+da84uqT0TzeEC6jz5dEGo2E=
R7h0KfHckBgT32FhpMX/hIYgOMJxdxrhIlhu8h+NTGC/inBoGUWuRpkR5kuWql+fJZnH8ssLo2I=
k+N6Dka2tYk4Bxadbjuhe1FGMdc+5mDc+eRQFIbhfjcMhdtOU70ePEZFLHynjmBEMXHu+iG1VscePv/D/d0XniN/ox4=
+9gHAVEFGqXd/ciu0Glj0h+uc/tIdCC7oi1e1YGxc7/9P09szyysZLHlSTydZ6LezxuKcuYwFefe78oblyV8oxs=
GG9OqoiWfnGXsL++BE5HBTT2+FW7pmre2fVRTaACL1wk9Cthy7Qv0xh+da84uqT0TzeEC6jz5dEGo2E=
R7h0KfHckBgT32FhpMX/hIYgOMJxdxrhIlhu8h+NTGC/inBoGUWuRpkR5kuWql+fJZnH8ssLo2I=
