RhKJywm29/sKn2gfg1QkSh9GJHh2F5kmV8k8R6ClqaxTYTUbZwMXW5VqKDtrx8hMXLka0SVraQ/0AseVito+cds1fvkxXHf/UcJOpsheQiYtDjBASiZhntC24/7HPy8o41GcJPfNPRK2sd3D9p+xXiLVdDM8meU+uIkWhAW9JYxBjxGau7FTgkhpYUQKF2ZL6424p8s=
zdg6hcNJP5jEU4umsNnhFmywosA5spTupLWepvyLBrVFr/jzHIGNCwwFXIFlf2QzFpoik8aJ0N84p8Z5SczPH7kSBuaAbmrGNT4oQFIWeX74hqu+j+/HyFvB5KRPXcWyHuGVgz5vWX46pWwzJGn9HtD5XkTNbY0sOR+pGkMh6+IgOamEwidOK/O9oKfT
3DtgUn9JP8ZJzhAE8PQCKHz2i6wX3pP5OBPeACfmhs6+Q+gNPC6vZESQjOrQO8M/R2tMUz+5hJGEJMKddRaQ0rJDRoFRaW7TRgOi/bPzsnnjQlkDWsuo5hxj+PVuJ4bb+Jn3sHHnh244Fj4SVD4LQpbA7GpHhsb6FU6xk/kw5b1aRHEhe0qgnatzABPnhgTZUvOaFUPm7oXgtHMRs9QHYxf6fV3VGp5FF3T8W/DTTcGep+0=
7+YxakxVVBCjvq4tiejZ0/qWmuTT9mkpU7qcfoHrixGDigcd87ikQFU7R1/EYVsbeycDmQFdCTxWQJsgnPV+LczNqkRoY4CX3Iaq0biI1vL90PRaxx+0Wmfq1mePxrvzrZ6y6xPHU0EDYqpZZ93MUN86sFh58qr2+yQm+fea3K9FKQfCq6un1g==
90FZLw009r3P/BwshxMQBpjw07PMFvHARb/JKCwcAJbS56n5q0OgU4mfqy1bTtexWy0k3O2ft5MMVTtnYyMTdemJSWAuJCusFAHekZSJ+mhAd4CL5KLanfA8Ng5lVGQ2r0t0hp8O5muHspvPdVpiR7tT0927xlqVr+msLMc+oLSRJuqqg0CWdX9ufBMdbVfug7+nyg==
qPPVSra4Dw15s4ZU8RHIx5jw07PMFvHARb/JKCwcAJbS9qH3rUyhAYmfqy1bTtexWyIk3O2ft5MMVTtnYyMTdemJSWAuJCusFAHekZSJ+mhAd4CL5KLanfA8Ng5lVGQ2r0t0hp8O5muHspvPdVpiR7tT0927xlqVr+msLMc+oLSRJuqqg0CWdX9ufBMdbVfug7+nyg==
QsNHu41m6+R4NKebTcjcQUpsm8k0MnPJcaIVEOoT2BPEWFZyRVMAKt+951Oy3wXi6a/rKRNU86kU6RbrUmOWJc8jHhF2xM/r9ptUviiD7M1yV6rzjFlD2J1XG5astspKaO5naoLA+EIrVvqi4e4la2WACdXuhAUJVzq8pb+TNEsb1qgxxnMOfe82kl3U1GcpryQrS+O6ybW5qgI9g9SIg8yDoemKp/k=
fL78ZuKzmg6iETLxUZkN9D95bBOHbXvHNGeljpyd+xJWXydBmJmqE2YDgj3Tc1K5i0W7QzpLSKY8Y9i1zqcmm9iZl/CRZ+eu2BZe0vS+q4K2wMyq5wZmOnVOUVOZsAX9OkRRYdvKAN2LcyBTBwZkmbLz+tWjZo5FwLRT0RNUp6M3+p2dtZp+BXd0HBtQU+2BvqfN
IkQDXYPe8zP4oBR2OukyR1DrbALY6WoIYT47RLVNoxwTN/psbS4dfN7a/bS7+RLjvkP6bQuTeqmCRbNTEisQdsSjgMV2R84rUBkfADnHnx4A1maCrJ5Dkr7AxLoPJj5qTY6J4+EQrQ2yxNnRMyq4rdOz2INfZkyJuvPyxYuGVhW49IshqzTPE796Fe0dOoa1LzQky4hzhZG2p8U=
q1wIKyS6vEBP5iEmIJDuA+TgigXp/llP7ywEFCsoNoCE1tMnDd+9zfsbh7Qf/x9q5RohVe/tWOfLsd95e9tNa+nGQk6TMuCTTucIM3LmxPUADWgoQiNkToaYmc7MWMvplGAzpJ41M2BLeSkgKol/kZOb94yCa3vb3Hr75EiatUTKjG+qrmsLfGzlAVdf4Ie9p8w=
fkqJDVBg3R8+81LChD+n5F9VLmJvGJh1TcA9R7Swo5ZTP3p0AW1+QZx/MDNU8eUrFPVOhX0PfBP+aurTjtl4f8A3fvkxXHf/UcJOpsheQiYtDjBASiZhntC24/7HPy8o41GcJPfNPRK2sd3D9p+xXiLVdDM8meU+uIkWhAW9JYxBjxGau7FTgkhpYUQKF2ZL6424p8s=
vmqdGPhVMknUHR9Enml3HLaxfxARuJ6E5dGShGdro0Muw0rN+1NKyZpHo7Mia2DWdCMQZSYHngugGS9gaYdP/pBWFuIcXrOyrsDUmv/mjgo9DhkDMVD9bYLEKfFjaugNQzNoIy8mfGmq8+Klu0amtQh0G4F79B8zz3olDc361tW/tNQrODP1saan1Q==
LMUfOPSMtgIvZOQabmaBry/PYY3MF22u3ayh/pdjg3WX95YrpbX2v0JtNnlvZVXpWdfrZYum99lLIyTU/feXe9wdey+zy7MdeQHJ6L5Mi0TESZ7ZRGHaAFB/gIP0yvp1IHR2RrW8xF4/w/QOD2ZGg1f624elskIvq1vT1auuen1/oexkF9YA3AGuaiITKDadryY8W82Fd4aTt6fC
/PO+p8Pp1jucmiIK7792BD9jYB6FLDKPK3D8g9DCp0BURmZBmJmqE2YDgj3Tc1K5ikS7QzpLSKY8Y9i1zqcmm9iZl/CRZ+eu2BZe0vS+q4K2wMyq5wZmOnVOUVOZsAX9OkRRYdvKAN2LcyBTBwZkmbLz+tWjZo5FwLRT0RNUp6M3+p2dtZp+BXd0HBtQU+2BvqfN
7nugsNuLkbo6v37ozhXDoTrYiZjU2JM5P43TyykYda+hG8u5SgF9geJvs558MI1c/ekntgosx1PFUd/ZGW/ZuernmmbSKo944nLez1M+OSpTns8zmHoYgwtVPPlSqumSbgduDXWTJuMi4HJryC7gwRMQqilx80u5k3JnFUPhpSeFA+eXtPkbM+tf4xExhYnUBvi7aGztvoXcNcpM2DuA/wy+ChnIEJbabagU0vfHNLI3UvYvf957W71m0uOjn1Mp01oKkRdFjHhPQlDQSSoqHqucBrEHghwHVdFnyhvzp74=
cAeqdIy9jE/6EYXRuCXksCHb59MvV2iTwRoq4AbqoLVNgyRBt6IQ4w1BR27aZIer9Tn/wQln2YGaz3o+guJPAFKaflfDtrmSozav60gyWHs7PRzhQqLpqh4vjlUlW+abkgjS81imYHnjuMrxobsLQaMaRw1T7qMf9SsHz+Qx20tbt0OJoQ0JbPZQ27C8pf597F3qVMgzgMd8lupBmNhWot1AtEpnT7QKx/qW96+WO6ONDvL7s5dTEaNy6slHjUwA/6rwSNmiqqZbNGZp18pc/2W5R9IL+6eG
M2F3qYRF8CgL++Q3uUV006csX9Ti+wWnX/QmLwr+hW/0d5Rt55Grlc+U+1hHI8pIbKAOGwqvwPhAaycuYrutlbvDFzx/N+9S4y3RnY9lyD+L6c9xW5P9k2m+8oazOvBLjr+Yu5KutM0ANRhgoqv0FkZAicbskHuRFJiD7L49IzgLobmoSkGPqZOjB0Ti4+sDnCLr7GjSBbxK9N9ijmMbpKy9kd+/qPeFp/Q=
X8X6NBpwcsdBAi1WTExGtT95bBOHbXvPNnG32pGU5UBWWW4V1szYE2YDgj3Tc1K5iE+0QzpLSKY8Y9i1zqcmm9iZl/CRZ+eu2BZe0vS+q4K2wMyq5wZmOnVOUVOZsAX9OkRRYdvKAN2LcyBTBwZkmbLz+tWjZo5FwLRT0RNUp6M3+p2dtZp+BXd0HBtQU+2BvqfN
SPksgprLRTzX384rnJeiZrb6gAu7lBxS8yxXHhcocsXQlZZzSLu9zfsbh7Qf/x9t4hQhVe/tWOfLsd95e9tNa+nGQk6TMuCTTucIM3LmxPUADWgoQiNkToaYmc7MWMvplGAzpJ41M2BLeSkgKol/kZOb94yCa3vb3Hr75EiatUTKjG+qrmsLfGzlAVdf4Ie9p8w=
trs1yFSteVEvbPLJyLbifOaMhJGU248DHdu12dtPz/BPW7f6YoCJ8b+pELPrpdd9a/9lP6mS6uoDtmgH7rNAdyLC7OEAGUAMEmcsGiYMEUpc/GO91DQbgI4xO3RrLWFkei3XBRMPXyjSLzOP/G7z4Fi+nRCK2McOPu+D6MyxSRMPxK+pp9g=
nj6d5umXd82Fd6A91oTbaAMWESd+Ja6BTN+gsyRRVevkFVqCY28MU07KGlMeeSg/kBdO+cG8p78Bot4meL6y5h0uIEBaBlFeIFZTfldff2gzsWwkx+1tUuYRTUMGPwEeUrVkMyx5Ff4IKWYElR31TJGvIZrL0QNCmInxxLp3Fgvbrain2w==
y9NQuHXmkeKMTxRqrMMu9eSMhICWzYsDHdu12dtPz/BPW7f0YoCJ8b+pELPrpdd9a/9lP6mS6uoDtmgH7rNAdyLC7OEAGUAMEmcsGiYMEUpc/GO91DQbgI4xO3RrLWFkei3XBRMPXyjSLzOP/G7z4Fi+nRCK2McOPu+D6MyxSRMPxK+pp9g=
6PctA9oh2qajqdQ/7mc7hgMWFzFiOK6BTN+gsyRRVevkFVSCY28MU07KGlMeeSg/kBdO+cG8p78Bot4meL6y5h0uIEBaBlFeIFZTfldff2gzsWwkx+1tUuYRTUMGPwEeUrVkMyx5Ff4IKWYElR31TJGvIZrL0QNCmInxxLp3Fgvbrain2w==
Dg+wkvl+Cx3K7Fa3MyzcggMWFidwPa6BTN+gsyRRVevkFV2DY28MU07KGlMeeSg/kBdO+cG8p78Bot4meL6y5h0uIEBaBlFeIFZTfldff2gzsWwkx+1tUuYRTUMGPwEeUrVkMyx5Ff4IKWYElR31TJGvIZrL0QNCmInxxLp3Fgvbrain2w==
4201VlKostvuFCUDXQUwZRYDqJuixQ1blL0nXyVlLhDqC/cPa14fRxZIgquahix27tmuFhdMV/2QcOU/AsYx2567jO5gQyS9yrcCYxTZ20h192MmZPaCmrCOT5q6wMCyAzYicqmu7dsdIOFFdgSdmf/aBNV3U3wbw/bAAT5zdk0HFsqNHJQv2RdEg9t7OlEl0Qr6jcsUQNOUY4mZsqfB
TH3swse56zbqWsOogt84VFfxZUaFp39JKmIqDuYJ/RNcc6lRThZ0KpKEt+n4qUKgvRHUaTapJfLUGfYrIXQdN8enjut2R84rUBkfADnHnx4A1maCrJ5Dkr7AxLoPJj5qTY6J4+EQrQ2yxNnRMyq4rdOz2INfZkyJuvPyxYuGVhW49IshqzTPE756Fe0dOoa1LzQky4hzhZG2p8U=
