WzCeUobrY0yMhT1z/F+cnh9GJHh2F5kmV8k8R6ClqaxTYTUbZwMXW5VqKDtrx8hMXLka0SVraQ/0AseVito+cds1fvkxXHf/UcJOpsheQiYtDjBASiZhntC24/7HPy8o41GcJPfNPRK2sd3D9p+xXiLVdDM8meU+uIkWhAW9JYxBjxSau75UgkloYUUKF2ZL642ltN4=
QzUlMJP9pzBOg24DQxg95GywosA5spTupLWepvyLBrVFr/jzHIGNCwwFXIFlf2QzFpoik8aJ0N84p8Z5SczPH7kSBuaAbmrGNT4oQFIWeX74hqu+j+/HyFvB5KRPXcWyHuGVgz5vWX46pWwzJGn9HtD5XkTNbY0sOR+sGkMu7OIhOKmFwidOK/O9vbTG
xogeiixprzdAkjMR3+ngfHz2i6wX3pP5OBPeACfmhs6+Q+gNPC6vZESQjOrQO8M/R2tMUz+5hJGEJMKddRaQ0rJDRoFRaW7TRgOi/bPzsnnjQlkDWsuo5hxj+PVuJ4bb+Jn3sHHnh244Fj4SVD4LQpbA7GpHhsb6FU6xk/kw5b1aRHEhe0qgnatzABPnhgTZUvOaFUPm7oXgtHMRs9QHYxL6fVLSGp9EF3X8W/DTTcGDtPg=
wPro6BWSNrImZJ11M3HFzfqWmuTT9mkpU7qcfoHrixGDigcd87ikQFU7R1/EYVsbeycDmQFdCTxWQJsgnPV+LczNqkRoY4CX3Iaq0biI1vL90PRaxx+0Wmfq1mePxrvzrZ6y6xPHU0EDYqpZZ93MUN86sFh596r29CMm+Paa3a9FKQfCq7a0ww==
AX4zxRoPqhDzX2ysGU0CsZjw07PMFvHARb/JKCwcAJbS56n5q0OgU4mfqy1bTtexWy0k3O2ft5MMVTtnYyMTdemJSWAuJCusFAHekZSJ+mhAd4CL5KLanfA8Ng5lVGQ2r0t0hp8O5muHspvPdVpiR7tT0927xlqVr+msLMc+oLSRI+qqjEeWdH5ufRMdbVfug6K03w==
kTmxRfJu+brI/BuRGxn9sJjw07PMFvHARb/JKCwcAJbS9qH3rUyhAYmfqy1bTtexWyIk3O2ft5MMVTtnYyMTdemJSWAuJCusFAHekZSJ+mhAd4CL5KLanfA8Ng5lVGQ2r0t0hp8O5muHspvPdVpiR7tT0927xlqVr+msLMc+oLSRI+qqjEeWdH5ufRMdbVfug6K03w==
6WIGAT5yGU3yJ0I/v//MWEpsm8k0MnPJcaIVEOoT2BPEWFZyRVMAKt+951Oy3wXi6a/rKRNU86kU6RbrUmOWJc8jHhF2xM/r9ptUviiD7M1yV6rzjFlD2J1XG5astspKaO5naoLA+EIrVvqi4e4la2WACdXuhAUJVzq8pb+TNEsb1qgxxnMOfe82kl3U1GcpryQrS+a6ybq+qgM8g9WIg8yDoemXtOw=
4dGnP8bdlWoBElpU3R3gMD95bBOHbXvHNGeljpyd+xJWXydBmJmqE2YDgj3Tc1K5i0W7QzpLSKY8Y9i1zqcmm9iZl/CRZ+eu2BZe0vS+q4K2wMyq5wZmOnVOUVOZsAX9OkRRYdvKAN2LcyBTBwZkmbLz+tWjZo5FwLRT0RNUp6My+p2Sspp/BHd1HBtQU+2Bo7TY
unt0GXxlQNbTuY0j3yDnBVDrbALY6WoIYT47RLVNoxwTN/psbS4dfN7a/bS7+RLjvkP6bQuTeqmCRbNTEisQdsSjgMV2R84rUBkfADnHnx4A1maCrJ5Dkr7AxLoPJj5qTY6J4+EQrQ2yxNnRMyq4rdOz2INfZkyJuvPyxYuGVhW49IshqzTPE7p6FeIaOoe0LzUky4hzhZGrtNA=
OYOoh2mt6YWsjLHwnWPQmeTgigXp/llP7ywEFCsoNoCE1tMnDd+9zfsbh7Qf/x9q5RohVe/tWOfLsd95e9tNa+nGQk6TMuCTTucIM3LmxPUADWgoQiNkToaYmc7MWMvplGAzpJ41M2BLeSkgKol/kZOb94yCa3vb3Hr75EiatUHKjGCtrmoKfG3lAVdf4IegtNk=
YO1hDZjCby/C1FBErBUv619VLmJvGJh1TcA9R7Swo5ZTP3p0AW1+QZx/MDNU8eUrFPVOhX0PfBP+aurTjtl4f8A3fvkxXHf/UcJOpsheQiYtDjBASiZhntC24/7HPy8o41GcJPfNPRK2sd3D9p+xXiLVdDM8meU+uIkWhAW9JYxBjxSau75UgkloYUUKF2ZL642ltN4=
oxGDmLWZh9zqvwJv6RRO57axfxARuJ6E5dGShGdro0Muw0rN+1NKyZpHo7Mia2DWdCMQZSYHngugGS9gaYdP/pBWFuIcXrOyrsDUmv/mjgo9DhkDMVD9bYLEKfFjaugNQzNoIy8mfGmq8+Klu0amtQh0G4F79B8zynolAsr619S/tdQrODP1sbu0wA==
2EtLomwNYCa3ricvoWDCvi/PYY3MF22u3ayh/pdjg3WX95YrpbX2v0JtNnlvZVXpWdfrZYum99lLIyTU/feXe9wdey+zy7MdeQHJ6L5Mi0TESZ7ZRGHaAFB/gIP0yvp1IHR2RrW8xF4/w/QOD2ZGg1f624elskIvq1vT1auuen1/oexkF9YA3AGraiIcLzacriY9W82Fd4aTqrTX
78LzuJ9Y/aKPLoIScDt/CT9jYB6FLDKPK3D8g9DCp0BURmZBmJmqE2YDgj3Tc1K5ikS7QzpLSKY8Y9i1zqcmm9iZl/CRZ+eu2BZe0vS+q4K2wMyq5wZmOnVOUVOZsAX9OkRRYdvKAN2LcyBTBwZkmbLz+tWjZo5FwLRT0RNUp6My+p2Sspp/BHd1HBtQU+2Bo7TY
lSqnlR7APoBq0eKAb+nHrTrYiZjU2JM5P43TyykYda+hG8u5SgF9geJvs558MI1c/ekntgosx1PFUd/ZGW/Zk63Etm/bKo944nLez1M+OSpTns8zmHoYgwtVPPlSqumSbgduDXWTJuMi4HJryC7gwRMQqilx80u5k3JnFUPhpSeFA+eXtPkbM+tf4xExhYnUBvi7aGztvoXcNcpM2DuA/wy+ChnIEJbabagU0vfHNLI3UvYvf957W71m0uOjn1Mp01oKkRdFjHhPQlDQSS8qHqSbBrAGgh0HVdFnyhvutKs=
B2shU44zCLF1UO8E/UcZCiHb59MvV2iTwRoq4AbqoLVNgyRBt6IQ4w1BR27aZIer9Tn/wQln2avd7FY3i+JPAFKaflfDtrmSozav60gyWHs7PRzhQqLpqh4vjlUlW+abkgjS81imYHnjuMrxobsLQaMaRw1T7qMf9SsHz+Qx20tbt0OJoQ0JbPZQ27C8pf597F3qVMgzgMd8lupBmNhWot1AtEpnT7QKx/qW96+WO6ONDvL7s5dTEaNy6slHjUwA/6rwSNmnqqZUM2Zo1spd/2W5R9IL5rST
TONrUPIKszr8/9WcDG8PdqcsX9Ti+wWnX/QmLwr+hW/0d5Rt55Grlc+U+1hHI8pIbKAOGwqvwPhAaycuYrutlbvDFzx/N+9S4y3RnY9lyD+L6c9xW5P9k2m+8oazOvBLjr+Yu5KutM0ANRhgoqv0FkZAicbskHuRFJiD7L49IzgLobmoSkGPqZOjB0Ti4+sDnCLr7GjSBblK9NBljmIapK29kd+/qPeYtOE=
NZFzui4ZbaKl1vzY/kx89j95bBOHbXvPNnG32pGU5UBWWW4V1szYE2YDgj3Tc1K5iE+0QzpLSKY8Y9i1zqcmm9iZl/CRZ+eu2BZe0vS+q4K2wMyq5wZmOnVOUVOZsAX9OkRRYdvKAN2LcyBTBwZkmbLz+tWjZo5FwLRT0RNUp6My+p2Sspp/BHd1HBtQU+2Bo7TY
ed8jtrg8YDvToqBj+6yl2rb6gAu7lBxS8yxXHhcocsXQlZZzSLu9zfsbh7Qf/x9t4hQhVe/tWOfLsd95e9tNa+nGQk6TMuCTTucIM3LmxPUADWgoQiNkToaYmc7MWMvplGAzpJ41M2BLeSkgKol/kZOb94yCa3vb3Hr75EiatUHKjGCtrmoKfG3lAVdf4IegtNk=
WbfJL/BH3Sa2iJAFbDGl8eaMhJGU248DHdu12dtPz/BPW7f6YoCJ8b+pELPrpdd9a/9lP6mS6uoDtmgH7rNAdyLC7OEAGUAMEmcsGiYMEUpc/GO91DQbgI4xO3RrLWFkei3XBRMPXyjSLzOP/G7z4Fi+nRWK2MgJPu6C6M2xSRMPxK+0tM0=
z3QaCXzqsy0Cz2TA+onGpQMWESd+Ja6BTN+gsyRRVevkFVqCY28MU07KGlMeeSg/kBdO+cG8p78Bot4meL6y5h0uIEBaBlFeIFZTfldff2gzsWwkx+1tUuYRTUMGPwEeUrVkMyx5Ff4IKWYElR31TJGvJJrL3gRCmYjxxbp3FgvbrbW0zg==
HjhZFoFABYJPv5HAVyDv1eSMhICWzYsDHdu12dtPz/BPW7f0YoCJ8b+pELPrpdd9a/9lP6mS6uoDtmgH7rNAdyLC7OEAGUAMEmcsGiYMEUpc/GO91DQbgI4xO3RrLWFkei3XBRMPXyjSLzOP/G7z4Fi+nRWK2MgJPu6C6M2xSRMPxK+0tM0=
DyliTyKjAafErKMPI+xF7AMWFzFiOK6BTN+gsyRRVevkFVSCY28MU07KGlMeeSg/kBdO+cG8p78Bot4meL6y5h0uIEBaBlFeIFZTfldff2gzsWwkx+1tUuYRTUMGPwEeUrVkMyx5Ff4IKWYElR31TJGvJJrL3gRCmYjxxbp3FgvbrbW0zg==
KZl4BczeW/EjVx82rlZHNgMWFidwPa6BTN+gsyRRVevkFV2DY28MU07KGlMeeSg/kBdO+cG8p78Bot4meL6y5h0uIEBaBlFeIFZTfldff2gzsWwkx+1tUuYRTUMGPwEeUrVkMyx5Ff4IKWYElR31TJGvJJrL3gRCmYjxxbp3FgvbrbW0zg==
jw9TF8g1SS4B5NtG2MM5HRYDqJuixQ1blL0nXyVlLhDqC/cPa14fRxZIgquahix27tmuFhdMV/2QcOU/AsYx2567jO5gQyS9yrcCYxTZ20h192MmZPaCmrCOT5q6wMCyAzYicqmu7dsdIOFFdgSdmf/aBNV3U3wbw/bAAT5zdk0HFsqNHJQv2RdEg9t+OlEq1gr7jMsVQNOUY4mZr7TU
H2QpmUgRcX6TPXBAgl+j8VfxZUaFp39JKmIqDuYJ/RNcc6lRThZ0KpKEt+n4qUKgvRHUaTapJfLUGfYrIXQdN8enjut2R84rUBkfADnHnx4A1maCrJ5Dkr7AxLoPJj5qTY6J4+EQrQ2yxNnRMyq4rdOz2INfZkyJuvPyxYuGVhW49IshqzTPE7p6FeIaOoe0LzUky4hzhZGrtNA=
JyNrExZ1ApnNLe6QGo/auFfxZUaFp39JKmIqDuYJ/RNcc6lRThZ0KpKEt+n4qUKgvRHUaTapJfLUGfYrIXQdN8enjut2R84rUBkfADnHnx4A1maCrJ5Dkr7AxLoPJj5qTY6J4+EQrQ2yxNnRMyq4rdOz2INfZkyJuvPyxYuGVhW49IshqzTPE7p6FesdOoe0LzUky4hzhZGrtNA=
acDcQ+cygWIuiY2p/mSgaLM3oMTIMbe/ACmJ2j+mtobjgkOljdqks5gLgJ5kKUtE4QmP5zxwso/MFgVqFtCO0tCs3r7c6o/i81DxKUqKqipjv1p1eU8EOXBng10lWS9AvEl7i/d++g3nV2PzUDQk+IsYAGNSO5bw4wkXCuZJ
