kJICvkRblfAbW191zQXiyB9GJHh2F5kmV8k8R6ClqaxTYTUbZwMXW5VqKDtrx8hMXLka0SVraQ/0AseVito+cds1fvkxXHf/UcJOpsheQiYtDjBASiZhntC24/7HPy8o41GcJPfNPRK2sd3D9p+xXiLVdDM8meU+uIkWhAW9JYxBjxaeu7dTgkloYUUKF2ZL642ltN4=
jFf0E9NMQW5k6cT/8AqFpWywosA5spTupLWepvyLBrVFr/jzHIGNCwwFXIFlf2QzFpoik8aJ0N84p8Z5SczPH7kSBuaAbmrGNT4oQFIWeX74hqu+j+/HyFvB5KRPXcWyHuGVgz5vWX46pWwzJGn9HtD5XkTNbY0sOR+uHkMn6+IhOKmFwidOK/O9vbTG
YZw093DyQa/IFMImwxdnOXz2i6wX3pP5OBPeACfmhs6+Q+gNPC6vZESQjOrQO8M/R2tMUz+5hJGEJMKddRaQ0rJDRoFRaW7TRgOi/bPzsnnjQlkDWsuo5hxj+PVuJ4bb+Jn3sHHnh244Fj4SVD4LQpbA7GpHhsb6FU6xk/kw5b1aRHEhe0qgnatzABPnhgTZUvOaFUPm7oXgtHMRs9QHYxD+fVvVGp9EF3X8W/DTTcGDtPg=
2iAmLnSQlj0Myu3vJk7Zh/qWmuTT9mkpU7qcfoHrixGDigcd87ikQFU7R1/EYVsbeycDmQFdCTxWQJsgnPV+LczNqkRoY4CX3Iaq0biI1vL90PRaxx+0Wmfq1mePxrvzrZ6y6xPHU0EDYqpZZ93MUN86sFh59a72/SQm+Paa3a9FKQfCq7a0ww==
9hY3dylCEtcxa3DmXfnteZjw07PMFvHARb/JKCwcAJbS56n5q0OgU4mfqy1bTtexWy0k3O2ft5MMVTtnYyMTdemJSWAuJCusFAHekZSJ+mhAd4CL5KLanfA8Ng5lVGQ2r0t0hp8O5muHspvPdVpiR7tT0927xlqVr+msLMc+oLSRIe6qhUCWdH5ufRMdbVfug6K03w==
50gPzl4ri7R1E0dfqpabZZjw07PMFvHARb/JKCwcAJbS9qH3rUyhAYmfqy1bTtexWyIk3O2ft5MMVTtnYyMTdemJSWAuJCusFAHekZSJ+mhAd4CL5KLanfA8Ng5lVGQ2r0t0hp8O5muHspvPdVpiR7tT0927xlqVr+msLMc+oLSRIe6qhUCWdH5ufRMdbVfug6K03w==
cROLPUwtw+OIR3x5lDwS4kpsm8k0MnPJcaIVEOoT2BPEWFZyRVMAKt+951Oy3wXi6a/rKRNU86kU6RbrUmOWJc8jHhF2xM/r9ptUviiD7M1yV6rzjFlD2J1XG5astspKaO5naoLA+EIrVvqi4e4la2WACdXuhAUJVzq8pb+TNEsb1qgxxnMOfe82kl3U1GcpryQrS+S+ybO5qgM8g9WIg8yDoemXtOw=
4MX5zRrNgU7LlefdUCajpj95bBOHbXvHNGeljpyd+xJWXydBmJmqE2YDgj3Tc1K5i0W7QzpLSKY8Y9i1zqcmm9iZl/CRZ+eu2BZe0vS+q4K2wMyq5wZmOnVOUVOZsAX9OkRRYdvKAN2LcyBTBwZkmbLz+tWjZo5FwLRT0RNUp6Mw/p2btZp/BHd1HBtQU+2Bo7TY
UA8CBj4UQbGyLDfXQDss8FDrbALY6WoIYT47RLVNoxwTN/psbS4dfN7a/bS7+RLjvkP6bQuTeqmCRbNTEisQdsSjgMV2R84rUBkfADnHnx4A1maCrJ5Dkr7AxLoPJj5qTY6J4+EQrQ2yxNnRMyq4rdOz2INfZkyJuvPyxYuGVhW49IshqzTPE7h+FesdOoe0LzUky4hzhZGrtNA=
tPwYEx4KwrbXLWxL6qqpeOTgigXp/llP7ywEFCsoNoCE1tMnDd+9zfsbh7Qf/x9q5RohVe/tWOfLsd95e9tNa+nGQk6TMuCTTucIM3LmxPUADWgoQiNkToaYmc7MWMvplGAzpJ41M2BLeSkgKol/kZOb94yCa3vb3Hr75EiatUPOjGmqrmoKfG3lAVdf4IegtNk=
zdXyOaaKj1iVXCB2OzTj0V9VLmJvGJh1TcA9R7Swo5ZTP3p0AW1+QZx/MDNU8eUrFPVOhX0PfBP+aurTjtl4f8A3fvkxXHf/UcJOpsheQiYtDjBASiZhntC24/7HPy8o41GcJPfNPRK2sd3D9p+xXiLVdDM8meU+uIkWhAW9JYxBjxaeu7dTgkloYUUKF2ZL642ltN4=
8nfEdoNfcLDc/7h6wEE+sraxfxARuJ6E5dGShGdro0Muw0rN+1NKyZpHo7Mia2DWdCMQZSYHngugGS9gaYdP/pBWFuIcXrOyrsDUmv/mjgo9DhkDMVD9bYLEKfFjaugNQzNoIy8mfGmq8+Klu0amtQh0G4F79B8zyH4lC83619S/tdQrODP1sbu0wA==
oeaovpf7lMdbxVEoxMDEiT9jYB6FLDKPK3D8g9DCpEBURmZBmJmqE2YDgj3Tc1K5ikS7QzpLSKY8Y9i1zqcmm9iZl/CRZ+eu2BZe0vS+q4K2wMyq5wZmOnVOUVOZsAX9OkRRYdvKAN2LcyBTBwZkmbLz+tWjZo5FwLRT0RNUp6Mw/p2btZp/BHd1HBtQU+2Bo7TY
R0pOzE/2JDca+6EyLgZkhDrYiZjU2JM5P43TyykYda+hG8u5SgF9geJvs558MI1c/ekntgosx1PFUd/ZGW/Z5qnDlHaIKo944nLez1M+OSpTns8zmHoYgwtVPPlSqumSbgduDXWTJuMi4HJryC7gwRMQqilx80u5k3JnFUPhpSeFA+eXtPkbM+tf4xExhYnUBvi7aGztvoXcNcpM2DuA/wy+ChnIEJbabagU0vfHNLI3UvYvf957W71m0uOjn1Mp01oKkRdFjHhPQlDQSS0uHq2cBrAGgh0HVdFnyhvutKs=
FqT89zrCdCHDyt5OeF90lSHb59MvV2iTwRoq4AbqoLVNgyRBt6IQ4w1BR27aZIer9Tn/wQln2d7Z63Qu2OJPAFKaflfDtrmSozav60gyWHs7PRzhQqLpqh4vjlUlW+abkgjS81imYHnjuMrxobsLQaMaRw1T7qMf9SsHz+Qx20tbt0OJoQ0JbPZQ27C8pf597F3qVMgzgMd8lupBmNhWot1AtEpnT7QKx/qW96+WO6ONDvL7s5dTEaNy6slHjUwA/6rwSNmlrqZdNGZo1spd/2W5R9IL5rST
QO/8+BpG0LIdm5IPvI2aw6csX9Ti+wWnX/QmLwr+hW/0d5Rt55Grlc+U+1hHI8pIbKAOGwqvwPhAaycuYrutlbvDFzx/N+9S4y3RnY9lyD+L6c9xW5P9k2m+8oazOvBLjr+Yu5KutM0ANRhgoqv0FkZAicbskHuRFJiD7L49IzgLobmoSkGPqZOjB0Ti4+sDnCLr7GjSBbtO9NlijmIapK29kd+/qPeYtOE=
I7Li+3fe8MCvW1ZG4s0B+sWA0RUuxCNoNb3HbgMp7lvayu2L1BN8Wfdlo5HPkPOsVxciLExEZi/a2wg8AK/vWrIPxXEbp/+I78Nn1mOpWWkf0SBbKw2nxYvnNVcpejryYw6Yr67bcI+CWrzJADEQlLKfHHJmpOHyPOSzVVRcS5huiUvcq8VRHNq1By0TJ4+wclcDZzzGg1i4ps1/DjARFl5WckCN2Xnrr1z/nLTl
K3lk6J6CTEQs00d/m2mJP/5ZMixjm1pW5aEHPfa11nzsTrdzMEya9tZ74CUSTxFxK9OarKfE/fxQRm6ez5A+Hc0Gkrvqo84VJ0MmAXXDyPvOezyO8MNUHRr3MoME2ctoBTezRtR2EjpAzh96isDwUlN20tI5Ll27zeCRZWYEjXnPmtR1B9Pse3M2kCHOcwZt11Z6bYwU33lHhLO7bD5BAyFKq2x7ldBz5KNZ+Z+05A==
SfJpxvU+ArPKnpIc42QsvWN72lqrxwSi0ngDda5EKVjyYcI8+bnEHXBT/2Onk8+Oz7YvARY+vGpKxbL9LF7gkbOg6jkRA8tps0KnhaOUo3cls6eH1Amb48tvI4HR9YmEpkj7eAwdPlX8BQrcOEuAr6wOSgmo4BYKTZjUQhe3NOKX4rY/Hy77i51WEnND71N5c+pKgXe1DKhvcpBAqV0uTg0sRqBmcp3XdeGnWvuetPs=
WvpooN8t/7JevQbo2jrkuj95bBOHbXvPNnG32pGU5UBWWW4V1szYE2YDgj3Tc1K5iE+0QzpLSKY8Y9i1zqcmm9iZl/CRZ+eu2BZe0vS+q4K2wMyq5wZmOnVOUVOZsAX9OkRRYdvKAN2LcyBTBwZkmbLz+tWjZo5FwLRT0RNUp6Mw/p2btZp/BHd1HBtQU+2Bo7TY
DL+GrgF1Xy9Lxei+SpNygrb6gAu7lBxS8yxXHhcocsXQlZZzSLu9zfsbh7Qf/x9t4hQhVe/tWOfLsd95e9tNa+nGQk6TMuCTTucIM3LmxPUADWgoQiNkToaYmc7MWMvplGAzpJ41M2BLeSkgKol/kZOb94yCa3vb3Hr75EiatUPOjGmqrmoKfG3lAVdf4IegtNk=
mliCAmZpYu24zM7/9PtFXeaMhJGU248DHdu12dtPz/BPW7f6YoCJ8b+pELPrpdd9a/9lP6mS6uoDtmgH7rNAdyLC7OEAGUAMEmcsGiYMEUpc/GO91DQbgI4xO3RrLWFkei3XBRMPXyjSLzOP/G7z4Fi+nReO2MEOPu6C6M2xSRMPxK+0tM0=
PaW86K2x6uR7q2/XwgprOwMWESd+Ja6BTN+gsyRRVevkFVqCY28MU07KGlMeeSg/kBdO+cG8p78Bot4meL6y5h0uIEBaBlFeIFZTfldff2gzsWwkx+1tUuYRTUMGPwEeUrVkMyx5Ff4IKWYElR31TJGvJp7L1wNCmYjxxbp3FgvbrbW0zg==
fkLRy+Oe4ABgyUd0UCgJGOSMhICWzYsDHdu12dtPz/BPW7f0YoCJ8b+pELPrpdd9a/9lP6mS6uoDtmgH7rNAdyLC7OEAGUAMEmcsGiYMEUpc/GO91DQbgI4xO3RrLWFkei3XBRMPXyjSLzOP/G7z4Fi+nReO2MEOPu6C6M2xSRMPxK+0tM0=
TKm/7nB8PYY1O7RwOi1mcgMWFzFiOK6BTN+gsyRRVevkFVSCY28MU07KGlMeeSg/kBdO+cG8p78Bot4meL6y5h0uIEBaBlFeIFZTfldff2gzsWwkx+1tUuYRTUMGPwEeUrVkMyx5Ff4IKWYElR31TJGvJp7L1wNCmYjxxbp3FgvbrbW0zg==
zK1k31zgFQhDPSHitXiphQMWFidwPa6BTN+gsyRRVevkFV2DY28MU07KGlMeeSg/kBdO+cG8p78Bot4meL6y5h0uIEBaBlFeIFZTfldff2gzsWwkx+1tUuYRTUMGPwEeUrVkMyx5Ff4IKWYElR31TJGvJp7L1wNCmYjxxbp3FgvbrbW0zg==
55ya34fj9abZl+oT6uV+o+n7Hr3Frqz7iWyTg7PJ6wIv7/KTgO80ajWx1Q1ieFmvJ+d9Eoj5+RUNWFgCJfLfhfV3Q8khTQksdhDbcDxl/r1sneoUSHOAh/zW6oEYGFZiXYC0CucPtEpHupY3L1Y7Yw3O8rsz11NRIzLqCcdNTMB/avAIWeau5t10ZqhWCl0/5XlHkoumtNM=
F6Gl7RbW5EySgTN1VFQKD+r3UKzBuOXljXOVj66A5lABy5ypyaN2O2jr1V0sdmSIK900XsimplZ1awcPZPHbi9t3Q8khTQksdhDbcDxl/r1sneoUSHOAh/zW6oEYGFZiXYC0CucPtEpHupY3L1Y7Yw3O8rsz11NRIzLqCcdNTMB/avAIWeeu5t10ZqhWCl0/5XlHkoumtNM=
oonHlS/+oyQWDjOZJkFsiy9dtPHYjB7nAyv3tbw/wZaY1vjQ/11weqjSRc2RbgxRfNuw0l6JxlEkYkRU85lk8ioSJuqNz3dDrCW7l8NzU6UJuUlQzvRr/LTxXuE0WTo4IEeAu4TyGk1QTLb+xQQk5k97dLZ/3qY7J0Ibv9WKohfbY9Pt25aaRQ+ZLNxnbuBkcRPummWQ1iTenv1jvb2XvuOStO8=
yL8Ek4Mmsvv6T5mrnu26GY1ZJSxj31pC5NoHNLGFyF/ZbZxRNnLU8uc07CJbfE5jJ9jVpOneuaNHWm6+z9l7N/4oiaHusLRgQXpsS2mGlZD9JBzw14VQHlz5KYEE2ctoBTezRtR2EjpAzh96isDwUlN20tI5Ll27zeCRZWYEjXnPmtR1B9Pse3M2kCHOcwZt11Z6bYwU33lHhLO7YT5BAyFKq2x7ldBz5KNZ+Z+05A==
yL8Ek4Mmsvv6T5mrnu26GY1ZJSxj31pC5NoHNLGFyF/ZbZxRNnLU8uc07CJbfE5jJ9jVpOneuaNHWm6+z9l7N/4oiaHusLRgQXpsS2mGlZD9JBzw14VQHlz5KYEE2ctoBTezRtR2EjpAzh96isDwUlN20tI5Ll27zeCRZWYEjXnPmtR1B9Pse3M2kCHOcwZt11Z6bYwU33lHhLO7YT5BAyFKq2x7ldBz5KNZ+Z+05A==
atfJmVIXKg9r2+eK6Qk/UTI1PeJlXyNlbwD8RQYuGm78hFtKTlg4/ZmcZHgomuH8IVF2qLN8wQT3l8hjasIWc9KxzK8UjzK5/aSjryXqkkb0NlYW2RY8QEY+la7E3t8eGxdbeDepUGS7denCAtmBYwo3JS6WTfizsAFRziwhaiTZVZHcFTfWXvfPB1K9QD0lNv9ye5+VqbTS
BfTs2NICkshoFbkdfBeO21jgju6s7oV3+ZW8r5ZbIjrulbKFjcZSnbRr2KQ09mcH/JiN7WSYqSF/WbADa9W3zasvhS+pgoq6QwaI924D4AdikszxAAlgXFIXjKqm/PH6HKwDrdQk+1BOgVsE653BlLr99xUTH3/4Et+TP3wek1CYbn0LjsihXn5eYhhNAeljT5SPpLTd
/2hmIhVuPURXZdpMpsYJud/4242Yog+Y1FQMv6lj2N23iAxpRuYQl1yK23QIqlWWy9wImm76Kgzt1eHHH5AncLQJ
qgco6wQVhHRXtPHJ6o8mX9qVjmQcPReX3h5wo93qrJy8fFN/x5sv7enwNDJaLaqBm0ShSpzqG98nH30sxfH4NllD/sZ5pF13aFntSrPFiZSGuLso7K2+xVx1ygxYe4C/jP4KWUhQlprt6BSSd4c08rcS9m//nnsbPSbSoyPfU2lTGgrRlwWMOM8CUJDJaCteLNwG8IbCHUfVkWeKm6606w==
HNgRJzhxI2K3dpb0YLkXFO9G837/Zok4M5eOMbM5DmC2n3mD1RfQOQ+axhnDtZmDuI8L3sfbYYM0McE1SyEObSmzbJBRTX5O5JgyNuaGBC0fSGieO2FYgEqvD6sW2YXfLCL8c0tJxtFqN2KjNNk7CNV3A+ZE9mLaEA4vWprA4HJjtoIySa7NG32gQQWWBL1Zn1qklZdTXNujdmBB3nMWjaeWKs08lE8Zt8Rjm1k7MeJxihvM6xUgEzTjadmPtPQ=
I4sCSjBOP1Nk0VIAXwvjdx5hpJUnE6jvXt87ajVlP4YeKiey9ikh7+/oJFluRv0NpHTbATv037MNe2WKDfoXVP+1FKv4M7Uxe7QA
22ZmceBMEvktYNxxeZ2UAjfV4vL36NM2V8nVOpp5U2epHx8aHX/Ntemwg0BOVRSlRuRRb28l1JRBTSVcOzqu3ahyWBdPYmB6teI6BHXdVcwx70Ob6xbjwnlI0cXaN3aLe21VtC4=
Zsf+ntmP+mAqtCWYGh6TuPaEJ1eNrSoBhh6IHc/VDwesVF1eWt65kPkuSkoYFZvhkQm2gJ9cU/lIlmdcdNDki7mXkHk3LESdVtL4E/xOs0DY3t0yi/gA7r5OQsjN0Qlzj2RvVLQt
L1XjJRnP+5khUD6Kq5T9uxd+YCxRRiViWuLBrAkSMvb4qeNdYbXOPF9gK8W4qh9glOycN0kr6MW3kDwhpm6ALxxyy3wo4qUOS0R4Uk7yOnQtbXFPf1gXaLQR
WelSIB7wa2S0A+uyNYtSLippy9cvmVEZQ08tZlrmybgZBhoS2M3LiTHhBvgfpOOR6H63BDQINKPZv2BBNxS0tTb6KMu8FmOoeLZtyguAsAYeJhIQDYlZW29MH2y0FQ==
glo+pol8fzoiTsjKXl7oNQNa5PIeq3ADdE8tZlrmybgZBhoS2M3LiTHhBvgfpOOR6H63BDQINKPZv2BBNxS0tTb6KMu8FmOoeLZtyguAsAYeJhIQDYlZW29MH2y0FQ==
YymYcdmRf0z5x7fBvk/J/HM1mRjFp93noeDaZE02kZyGhEg/f/eJC6qevwaHPwDEy7LEWmB9AfUsh/dWcHt+oPQd7CSXlgCcgexrYpRoNtwuZj2bTUV3RhNqtBc=
aQz/zwHxGfrhv9wJVCFS741ZJSxj31pC5NoHNLGFyF/ZbZxRNnLU8uc07CJbfE5jJ9jVpOneuaNHWm6+z9l7N/4oiaHusLRgQXpsS2mGlZD9JBzw14VQHlz5KYEE2ctoBTezRtR2EjpAzh96isDwUlN20tI5Ll27zeCRZWYEjXnPmtR1B9Pse3M2kCHOcwZt11Z6bYwU33lHhLO7aTtBAiFKq2x7ldBz5KNZ+Z+05A==
/BlEPf9uTHaV6d4ETpz4NR5hpJQnE6jvXt87ajVlP4YeKiey9ikh7+/oJFluRv0NpHTbATv037MMe2WKDfoXVP+1FKv4M7Uxe7QA
f58JNpEozVjnjO+fme+lfykFhbdm5hhiED4MWyvL4NAOT3mBjHjJ3trEDWZhzSvPnMIrDOgyxR5KVJgCDgJaxK0d0f8/iDd4tAE=
9h5EGWSoQBA9VztKCkZoqJwFinpShUtEvq4hDSOE/4nRUkElUpK3nMVBh6C58gJnOILtBiBPQPjTQ6t6c0OPXc7Z4sQ9jb1sqX/bGnOGeyLRGBkFkkdea0MdbbQW
mrmNZLRgkAFTHee0PBTZTut/NMAPI4yNkm2Qz+2dheJm+TW80JiFfIRwC7/5FPipOCEFGhdAOx8d3//I3qXIohCVfCbhQpjYEvCEiMLf2Jibk0N6GxNUslJTmoTlfYUM4c8zmtv2MwIpKEFFKtfGywtNRbQ+
kXruz9tPaw61wpGMTzP3L23NjAUqHpXk6zUMB8odVLff4rRwxW+qGgBtqelsUPnG2tw9XY6h4ffcOnukSFo1hsrM6Oquqoq8bSWBF1+gB2C0GQ==
sZjmhALBaaE+2olc62la9w+ewy7QctQXm2e4PG6j4S089FFSWkiV6tFhsyP8LnOgWH4dUIkYQE4+LgIozfHJ0w+EL3S0DQ==
Hso/aigBBjNtKkrS1vMGCE09y4BfsXEuGi5DFjGezuFAVXmBjHjJ3trEDXVuyTHPnMIrDOgyxRxJVJgCDgJaxK0d0f8/iDd4tAE=
ffsvZRKe/tBmJ8nSCA+0BLdYHG2maDVWLZ/aXD+O3IplyiwYMmOEC7XmhRcovUGrRcNcd0i1NG7K/9Eb19I1G9xYGWk7qxbDNXSmWRwISaui7Vieu2vPDeNbhApkh9Au7YxadRgXbVC4uirUN8fE96Wf/CawoJkkz39xuXubzSvpBsKOk3Jg006niPNyJkS1AE3o6ELj5A6G2BmOzJhLKZQgs+Se9bOgS7mpYCrJ/1GTW3fMgiv7G9y6eyRI2jUCyUzoaq4qijxtpYGXXyAH4LSZ
o/llBeDohXMAVd428uiDEGIaPKz68U6+s7uPQiaMhHKxbcWgqfs1rTwRZRjZ5zSsguoQLFbe14n3HK5p6Gc60Qzz4HL1AwO1YtElArpjFAZNqaLrVJSjVdt/0034EEzpNAyNanZf4ElZguiM9q7/CYA1ZdkwbOhezZY/Kc1jEzVpSUmgrmQr7JRB3lEUSfqowDeAy2Ri2l1w/DZO5RRkdi+LdEYfTuYrB/KbD/WaYoc7E9OdOwZaVS8prGxHfqD0EeDpagQAljT+Ln3Tna1XLgPitJ8=
HOjAtCECZZFOvWEKIj/2icrmgzagdknn82RFyFPR0nlDamTtXZXa9uENv3+wlUppGbO3/vFDXMH8JAsx9klCo2NzxWv2jz6YSK2NPN6Qhc8oImzaET/uUfZr0g6d2BqmvX39yMqM4sP7QCOQM1tqYpQFPp7JFAVnf2eWGw6n5huYmddw0WcnLhgWHlK0vusCdsAMKqcGJro1TpHTWbBFfXpEEeEbysBdy3Ng00cGpBly87pV42ZOxQC0k1FTVOcj8fldGnWaP4Q3ddybkFMtAeO0mA==
KxLs+M5AcH4IBphqPaEdBMrmgzagdknn82RFyFPR0nlDamTtXZXa8OENv3+2lUppGbO3/vFDXMH8JAsx2l5Cqn990mv2jz6YSK2NPN6Qhc8oImzaET/uUfZr0g6d2BqmvX39yMqM4sP7QCOQM1tqYpQFPp7JFAVnf2eWGw6n5huYmddw0WcnLhgWHlK0vusCdsAMKqcGJro1TpHTWbBFfXpEEeEbysBdy3Ng00cGpBly87pV42ZOxQC0k1FTVOcj8fldGnWaP4Q3ddybkFMtAeO0mA==
PquoaNYgfb7cuPULmvoejjK9RxRvrFaG7XR3n9Pu9lu9kKUG6whEW3GKfr2nohbG2HpYcOSbcXgtV75MyxDdhCSlTxjhR5CXCPRenZsw6IiDwy4iatYXJ9hd4FvEYqvAfIqbHdvkrFTUry1wdVwFA6wu0sV40g9Ms6sp10B3uH+Atz75cdy3/5FCjqaI3gImbY7wQIqmIZ6QNqP+B7/vKCPR3CS3TX0SdjEdwzYf8V5iVTQz/BklPngJVoRFPWWMgQ/XmXs2E4IJ6CFFypemSysN5bSe
hb33N0Zdv6Wud/Y4xDPFIMrmgzagdknn82RFyFPR0nlDamTtXZXa8OENv3+2lUppGbO3/vFDXMH8JAsx9klCvX5yz2v2jz6YSK2NPN6Qhc8oImzaET/uUfZr0g6d2BqmvX39yMqM4sP7QCOQM1tqYpQFPp7JFAVnf2eWGw6n5huYmddw0WcnLhgWHlK0vusCdsAMKqcGJro1TpHTWbBFfXpEEeEbysBdy3Ng00cGpBly87pV42ZOxQC0k1FTVOcj8fldGnWaP4Q3ddybkFMtAeO0mA==
92tI4dNM4HUajOk0iEyaqDK9RxRvrFaG7XR3n9Pu9lu9kKUG6whEXXGKfr2hohbG2HpYcOSbcXgtV75M2hbfkSCxTxjhR5CXCPRenZsw6IiDwy4iatYXJ9hd4FvEYqvAfIqbHdvkrFTUry1wdVwFA6wu0sV40g9Ms6sp10B3uH+Atz75cdy3/5FCjqaI3gImbY7wQIqmIZ6QNqP+B7/vKCPR3CS3TX0SdjEdwzYf8V5iVTQz/BklPngJVoRFPWWMgQ/XmXs2E4IJ6CFFypemSysN5bSe
m3uUordq6cXSomFmhOyZD7dYHG2maDVWLZ/aXD+O3IplyiwYMmOEDaS+3Qc+thX0QsBJXg7Wcyzdp8Zb0+AyDclFGWk7qxbDNXSmWRwISaui7Vieu2vPDeNbhApkh9Au7YxadRgXbVC4uirUN8fE96Wf/CawoJkkz39xuXubzSvpBsKOk3Jg006niPNyJkS1AE3o6ELj5A6G2BmOzJhLKZQgs+Se9bOgS7mpYCrJ/1GTW3fMgiv7G9y6eyRI2jUCyUzoaq4qijxtpYGXXyAH4LSZ
4GaWdrBt8DsZFK56Dfo/RLdYHG2maDVWLZ/aXD+O3IplyiwYMmOEDaS+3Qc+thX0QsBJXg7Wcyzdp8Zb2vM4EMlHGWk7qxbDNXSmWRwISaui7Vieu2vPDeNbhApkh9Au7YxadRgXbVC4uirUN8fE96Wf/CawoJkkz39xuXubzSvpBsKOk3Jg006niPNyJkS1AE3o6ELj5A6G2BmOzJhLKZQgs+Se9bOgS7mpYCrJ/1GTW3fMgiv7G9y6eyRI2jUCyUzoaq4qijxtpYGXXyAH4LSZ
r+pgwiUwNVittetFLsxqdE2ep+gLeibegHJ+9kme/PYEjx0HkOxTsxNPEWGCPMW+9Syj0x9H1sOJ8HNVnOVFGVKcYGHAub65rTfz6Uo1BS5CdwT6Ra2i50xgk0kzW7OhwESc1XzITSau65CV8eZIII46b3UIseVVqBhYwqUy30V1t0OJoQ0JbPZQ27C8pf597F3qVMgzgMd8lupBmNhWot1AtEpnT7QKx/qW96+WO6ONDvL7s5dTEaNy6slHjUwA/6rwSNmkqaZcNGZo1spd/2W5R9IL5rST
LX0EjyXiLIGfTqPaMbtNRx/MBUkk56MzZ5f/8sP5BsmzjZv7biMrNfXlpeu/M/sZuR3AnDz2MbOC2252Jw3+LpD/2zl2oH+kUzSD8QOUFwNg+M36xdpvZCf1rDtgk31hU7Qo
wymYlxzqy/J07TMG4ceusTT2+FW7pmre2fVRTaACL1wk9Cthy7Qv0xh/dao9uqf0TzWEC6jz5dELtHA=
frHLMItO3H6d24zLQiDs9IYgOMJxdxrhIlhu8h+NTGC/inBoGUWvRpwU5kiWql2fJZnH8ssGtHM=
XhFYR14zUD9xeeYOZtCf8zT2+FW7pmre2fVRTaACL1wk9Cthy7Qv0xV+dag9uqf0TzWEC6jz5dELtHA=
UntmJh2OOC+W6RLRYhGSwYYgOMJxdxrhIlhu8h+NTGC/inBoGUiuRp4U5kiWql2fJZnH8ssGtHM=
MzMqc+z9rdw434lhowUDwDT2+FW7pmre2fVRTaACL1wk9Cthy7Qv0xx7da89uqf0TzWEC6jz5dELtHA=
V6Eja0Hngtdr2RbaIxWmt4YgOMJxdxrhIlhu8h+NTGC/inBoGUGrRpkU5kiWql2fJZnH8ssGtHM=
MzMqc+z9rdw434lhowUDwDT2+FW7pmre2fVRTaACL1wk9Cthy7Qv0xx7da89uqf0TzWEC6jz5dELtHA=
V6Eja0Hngtdr2RbaIxWmt4YgOMJxdxrhIlhu8h+NTGC/inBoGUGrRpkU5kiWql2fJZnH8ssGtHM=
jMT7Mc3NU/PrrLO1eht+6FFGMdc+5mDc+eRQFIbhfjcMhdtOU70ePEZFLHynjmBEMXXr+iGwVsQePv3D/d0XniNytA8=
yTsRbEy5JTNycnP5nDxzMR+uc/tIdCC7oi1e1YGxc7/9P09szyysZLHlSTydZ6bbzxuPcuUwFeXe78oblyVxtAo=
MzMqc+z9rdw434lhowUDwDT2+FW7pmre2fVRTaACL1wk9Cthy7Qv0xx7da89uqf0TzWEC6jz5dELtHA=
V6Eja0Hngtdr2RbaIxWmt4YgOMJxdxrhIlhu8h+NTGC/inBoGUGrRpkU5kiWql2fJZnH8ssGtHM=
cdeTzu/fxYganHBHbwDvOlqx+kifPJNZyHKlMnTwpCs591BZNwyE/dZyuDP8LnOgWH4dVIsYRU4+LgIozfHJ0w+EL3S0DQ==
z8soR1KJwek4yOvcQupXZ7X8rfSWZVDxZAJEtDM55JJlOSfJza/342zFu/eD09NFyZlJcA4U61z0kV4B9Pm6WGBngJvEkprtkKy2noWkpAaPW3SWvz4mm2ciG18VKiJ3m0PTzZv2GuXPeSy8J85ghLEy67qhcFaEnv79g30dF96jsrTP
q0BKwywis711A2sXAsbSgHM1mRjFp93noeDaZE02kZyGhEg/f/eJC6qevwaHPwDAybzEWmB9AfUsh/dWcHt+oPQd7CSXlgCcgeprYpFoNtwuZj2bTUV3RhNqtBc=
GN32BwtaKiJxMGtMoXlvlwNa5PIeq3ADdE8tZlrmybgZBhoS2M3LiTHhBvgfpOOR6Hq1CjQINKPZv2BBNxS0tTb6KMu8FmOoeLZtzAuAtQYeJhIQDYlZW29MH2y0FQ==
jwZRnIvF3P3nPQGqNOBVLCppy9cvmVEZQ08tZlrmybgZBhoS2M3LiTHhBvgfpOOR6Hq1CjQINKPZv2BBNxS0tTb6KMu8FmOoeLZtzAuAtQYeJhIQDYlZW29MH2y0FQ==
APSdNVpOhq5KzV/PlLeOCRd+YCxRRiViWuLBrAkSMvb4qeNdYbXOPF9gK8W4rh1ulOycN0kr6MW3kDwhpm6ALxxyy3wo4qUIS0R9Uk7yOnQtbXFPf1gXaLQR
g21uOjsv+mXgvZovS/CWv/aEJ1eNrSoBhh6IHc/VDwesVF1eWt65kPkuSkoYFZvhkQm2gJ9cU/lIkmVSdNDki7mXkHk3LESdVtL4E/xOs0DY3t00i/gF7r5OQsjN0Qlzj2RvVLQt
lcED5bacQ04FKegXuP5LOzfV4vL36NM2V8nVOpp5U2epHx8aHX/Ntemwg0BOVRSlRuRRb28l1JRFTytcOzqu3ahyWBdPYmB6teI6BHXdVcwx70Wb6xPjwnlI0cXaN3aLe21VtC4=
tC9N435BD5BL3LkUBDM67cLF+4FWTZC1LVMqZWAW9RSvG2IaX1VwKW+d873ET5PVRMJFHIUp2jgv+0CHcB9U88Y6shN2aSAfaMf2ebnsn18JsvZmEA46BsUeOEBCNom+qOY7Pn9Pd4gL4RSkfz2Vcu4BJQOuz4m+CsV8MzSJzV6AWc7EfQ39bOn/nRszAzsikZjZBVLHnmuDna201g==
7S3vsP0/LeAFJ0DCfo3SZO3Gqw31jDM+uon+BXMQWs7wtWUvJQdpky/bDlCkP+wtk6yVAxsnDAn68zVKXpu4hRL0S6FrNI+T+3tVb106xzRvNWRLSHNFEWu0EA==
aIYo0Ytmb+ZU/I0MmT+aqS/O4PUwNKDVFRghuAix0xWynNv7vPYjCPjWrewLoPXmnobScA2pGbvv7N8MtHU=
aIYo0Ytmb+ZU/I0MmT+aqS/O4PUwNKDVFRghuAix0xWynNv7vPYjCPjWrewLoPXmnobScA2pGbvv7N8MtHU=
acDcQ+cygWIuiY2p/mSgaLM3oMTIMbe/ACmJ2j+mtobjgkOljdqks5gLgJ5kKUtE4QmP5zxwso/MFgVqFtCO0tCs3r7c6o/i81DxKUqKqipjv1p1eU8EOXBng10lWS9AvEl7i/d++g3nV2PzUDQk+IsYAGNSO5bw4wkXCuZJ
