KTbf/JFSeffuZZtbdDDoeR9GJHh2F5kmV8k8R6ClqaxTYTUbZwMXW5VqKDtrx8hMXLka0SVraQ/0AseVito+cds1fvkxXHf/UcJOpsheQiYtDjBASiZhntC24/7HPy8o41GcJPfNPRK2sd3D9p+xXiLVdDM8meU+uIkWhAW9JYxBjxKau7FTgkhpYUQKF2ZL6424p8s=
S0SB3aZuT8Yda73BtuhsrGywosA5spTupLWepvyLBrVFr/jzHIGNCwwFXIFlf2QzFpoik8aJ0N84p8Z5SczPH7kSBuaAbmrGNT4oQFIWeX74hqu+j+/HyFvB5KRPXcWyHuGVgz5vWX46pWwzJGn9HtD5XkTNbY0sOR+qGkMh6+IgOamEwidOK/O9oKfT
5oaIjPznYr7287hTvY0KE3z2i6wX3pP5OBPeACfmhs6+Q+gNPC6vZESQjOrQO8M/R2tMUz+5hJGEJMKddRaQ0rJDRoFRaW7TRgOi/bPzsnnjQlkDWsuo5hxj+PVuJ4bb+Jn3sHHnh244Fj4SVD4LQpbA7GpHhsb6FU6xk/kw5b1aRHEhe0qgnatzABPnhgTZUvOaFUPm7oXgtHMRs9QHYxT6fV3VGp5FF3T8W/DTTcGep+0=
qlC4Jd9eNIqEO32Sm0exkvqWmuTT9mkpU7qcfoHrixGDigcd87ikQFU7R1/EYVsbeycDmQFdCTxWQJsgnPV+LczNqkRoY4CX3Iaq0biI1vL90PRaxx+0Wmfq1mePxrvzrZ6y6xPHU0EDYqpZZ93MUN86sFh58ar2+yQm+fea3K9FKQfCq6un1g==
rqtIMdqomxpDg4NEKXsskpjw07PMFvHARb/JKCwcAJbS56n5q0OgU4mfqy1bTtexWy0k3O2ft5MMVTtnYyMTdemJSWAuJCusFAHekZSJ+mhAd4CL5KLanfA8Ng5lVGQ2r0t0hp8O5muHspvPdVpiR7tT0927xlqVr+msLMc+oLSRJeqqg0CWdX9ufBMdbVfug7+nyg==
F+zB9g0zh5SZzq++zYf2n5jw07PMFvHARb/JKCwcAJbS9qH3rUyhAYmfqy1bTtexWyIk3O2ft5MMVTtnYyMTdemJSWAuJCusFAHekZSJ+mhAd4CL5KLanfA8Ng5lVGQ2r0t0hp8O5muHspvPdVpiR7tT0927xlqVr+msLMc+oLSRJeqqg0CWdX9ufBMdbVfug7+nyg==
9ks9XBjk0b1VVzofQT2OuUpsm8k0MnPJcaIVEOoT2BPEWFZyRVMAKt+951Oy3wXi6a/rKRNU86kU6RbrUmOWJc8jHhF2xM/r9ptUviiD7M1yV6rzjFlD2J1XG5astspKaO5naoLA+EIrVvqi4e4la2WACdXuhAUJVzq8pb+TNEsb1qgxxnMOfe82kl3U1GcpryQrS+C6ybW5qgI9g9SIg8yDoemKp/k=
Bk6lGg0WngiNbresHJn2Tz95bBOHbXvHNGeljpyd+xJWXydBmJmqE2YDgj3Tc1K5i0W7QzpLSKY8Y9i1zqcmm9iZl/CRZ+eu2BZe0vS+q4K2wMyq5wZmOnVOUVOZsAX9OkRRYdvKAN2LcyBTBwZkmbLz+tWjZo5FwLRT0RNUp6M0+p2dtZp+BXd0HBtQU+2BvqfN
viX50bIjwz5XKCunJETL9lDrbALY6WoIYT47RLVNoxwTN/psbS4dfN7a/bS7+RLjvkP6bQuTeqmCRbNTEisQdsSjgMV2R84rUBkfADnHnx4A1maCrJ5Dkr7AxLoPJj5qTY6J4+EQrQ2yxNnRMyq4rdOz2INfZkyJuvPyxYuGVhW49IshqzTPE7x6Fe0dOoa1LzQky4hzhZG2p8U=
H/m5ihTPu18cVbIN+6Ycb+TgigXp/llP7ywEFCsoNoCE1tMnDd+9zfsbh7Qf/x9q5RohVe/tWOfLsd95e9tNa+nGQk6TMuCTTucIM3LmxPUADWgoQiNkToaYmc7MWMvplGAzpJ41M2BLeSkgKol/kZOb94yCa3vb3Hr75EiatUfKjG+qrmsLfGzlAVdf4Ie9p8w=
LzC1ACSLbR/SlAuJTWkmPl9VLmJvGJh1TcA9R7Swo5ZTP3p0AW1+QZx/MDNU8eUrFPVOhX0PfBP+aurTjtl4f8A3fvkxXHf/UcJOpsheQiYtDjBASiZhntC24/7HPy8o41GcJPfNPRK2sd3D9p+xXiLVdDM8meU+uIkWhAW9JYxBjxKau7FTgkhpYUQKF2ZL6424p8s=
nMvnOPOLO03I+mN72loJfraxfxARuJ6E5dGShGdro0Muw0rN+1NKyZpHo7Mia2DWdCMQZSYHngugGS9gaYdP/pBWFuIcXrOyrsDUmv/mjgo9DhkDMVD9bYLEKfFjaugNQzNoIy8mfGmq8+Klu0amtQh0G4F79B8zzHolDc361tW/tNQrODP1saan1Q==
g5NcMIx/v9j2fxbCsHv2XD9jYB6FLDKPK3D8g9DCpEBURmZBmJmqE2YDgj3Tc1K5ikS7QzpLSKY8Y9i1zqcmm9iZl/CRZ+eu2BZe0vS+q4K2wMyq5wZmOnVOUVOZsAX9OkRRYdvKAN2LcyBTBwZkmbLz+tWjZo5FwLRT0RNUp6M0+p2dtZp+BXd0HBtQU+2BvqfN
jPM6/n9BzGGZYgfv3wY39TrYiZjU2JM5P43TyykYda+hG8u5SgF9geJvs558MI1c/ekntgosx1PFUd/ZGW/ZuernmmbSKo944nLez1M+OSpTns8zmHoYgwtVPPlSqumSbgduDXWTJuMi4HJryC7gwRMQqilx80u5k3JnFUPhpSeFA+eXtPkbM+tf4xExhYnUBvi7aGztvoXcNcpM2DuA/wy+ChnIEJbabagU0vfHNLI3UvYvf957W71m0uOjn1Mp01oKkRdFjHhPQlDQSSkqHqucBrEHghwHVdFnyhvzp74=
B0UJzTlt5bC3/qJhvCxOiyHb59MvV2iTwRoq4AbqoLVNgyRBt6IQ4w1BR27aZIer9Tn/wQln2YGaz3o+guJPAFKaflfDtrmSozav60gyWHs7PRzhQqLpqh4vjlUlW+abkgjS81imYHnjuMrxobsLQaMaRw1T7qMf9SsHz+Qx20tbt0OJoQ0JbPZQ27C8pf597F3qVMgzgMd8lupBmNhWot1AtEpnT7QKx/qW96+WO6ONDvL7s5dTEaNy6slHjUwA/6rwSNmhqqZbNGZp18pc/2W5R9IL+6eG
yDPfX5j0KpnRv85E5Q9qLKcsX9Ti+wWnX/QmLwr+hW/0d5Rt55Grlc+U+1hHI8pIbKAOGwqvwPhAaycuYrutlbvDFzx/N+9S4y3RnY9lyD+L6c9xW5P9k2m+8oazOvBLjr+Yu5KutM0ANRhgoqv0FkZAicbskHuRFJiD7L49IzgLobmoSkGPqZOjB0Ti4+sDnCLr7GjSBb9K9N9ijmMbpKy9kd+/qPeFp/Q=
t4ppTdY2+pnd8RBFZn4GLsWA0RUuxCNoNb3HbgMp7lvayu2L1BN8Wfdlo5HPkPOsVxciLExEZi/a2wg8AK/vWrIPxXEbp/+I78Nn1mOpWWkf0SBbKw2nxYvnNVcpejryYw6Yr67bcI+CWrzJADEQlLKfHHJmpOHyPOSzVVRcS5huiUvcq8VRHNq1By0TJ4+wclcDZzzGg1i4ps17CjAXFl5Xc0CM2Xnrr1z/gafw
V8V4tdbaHRlYT38ibKzQvf5ZMixjm1pW5aEHPfa11nzsTrdzMEya9tZ74CUSTxFxK9OarKfE/fxQRm6ez5A+Hc0Gkrvqo84VJ0MmAXXDyPvOezyO8MNUHRr3MoME2ctoBTezRtR2EjpAzh96isDwUlN20tI5Ll27zeCRZWYEjXnPmtR1B9Pse3M2kCHOcwZt11Z6bYwU33lHhLO7aDpBBSFKqm17lNBz5KNZ+YKn8Q==
a2nfcpcHdfYvbxU90koTE2N72lqrxwSi0ngDda5EKVjyYcI8+bnEHXBT/2Onk8+Oz7YvARY+vGpKxbL9LF7gkbOg6jkRA8tps0KnhaOUo3cls6eH1Amb48tvI4HR9YmEpkj7eAwdPlX8BQrcOEuAr6wOSgmo4BYKTZjUQhe3NOKX4rY/Hy77i51WEnND71N5c+pKgXe1DKhvcpBAqVkqTgssRqFncpzXdeGnWvuDp+4=
tPJHWimY8/UdMfjIUt7P6D95bBOHbXvPNnG32pGU5UBWWW4V1szYE2YDgj3Tc1K5iE+0QzpLSKY8Y9i1zqcmm9iZl/CRZ+eu2BZe0vS+q4K2wMyq5wZmOnVOUVOZsAX9OkRRYdvKAN2LcyBTBwZkmbLz+tWjZo5FwLRT0RNUp6M0+p2dtZp+BXd0HBtQU+2BvqfN
AP1IHUaEgaFCU21yrwkTLbb6gAu7lBxS8yxXHhcocsXQlZZzSLu9zfsbh7Qf/x9t4hQhVe/tWOfLsd95e9tNa+nGQk6TMuCTTucIM3LmxPUADWgoQiNkToaYmc7MWMvplGAzpJ41M2BLeSkgKol/kZOb94yCa3vb3Hr75EiatUfKjG+qrmsLfGzlAVdf4Ie9p8w=
j9rPBjEkyowqqSoI2ZGjs+aMhJGU248DHdu12dtPz/BPW7f6YoCJ8b+pELPrpdd9a/9lP6mS6uoDtmgH7rNAdyLC7OEAGUAMEmcsGiYMEUpc/GO91DQbgI4xO3RrLWFkei3XBRMPXyjSLzOP/G7z4Fi+nROK2McOPu+D6MyxSRMPxK+pp9g=
NNSj6jI0Pq6J6vxoz/ilRAMWESd+Ja6BTN+gsyRRVevkFVqCY28MU07KGlMeeSg/kBdO+cG8p78Bot4meL6y5h0uIEBaBlFeIFZTfldff2gzsWwkx+1tUuYRTUMGPwEeUrVkMyx5Ff4IKWYElR31TJGvIprL0QNCmInxxLp3Fgvbrain2w==
5yeUOHONm5jJifkyxhTuBeSMhICWzYsDHdu12dtPz/BPW7f0YoCJ8b+pELPrpdd9a/9lP6mS6uoDtmgH7rNAdyLC7OEAGUAMEmcsGiYMEUpc/GO91DQbgI4xO3RrLWFkei3XBRMPXyjSLzOP/G7z4Fi+nROK2McOPu+D6MyxSRMPxK+pp9g=
XJhdn/2i2iY1D5GIBfKgGgMWFzFiOK6BTN+gsyRRVevkFVSCY28MU07KGlMeeSg/kBdO+cG8p78Bot4meL6y5h0uIEBaBlFeIFZTfldff2gzsWwkx+1tUuYRTUMGPwEeUrVkMyx5Ff4IKWYElR31TJGvIprL0QNCmInxxLp3Fgvbrain2w==
xx2yp1cgKQv8ZxWL0ekurQMWFidwPa6BTN+gsyRRVevkFV2DY28MU07KGlMeeSg/kBdO+cG8p78Bot4meL6y5h0uIEBaBlFeIFZTfldff2gzsWwkx+1tUuYRTUMGPwEeUrVkMyx5Ff4IKWYElR31TJGvIprL0QNCmInxxLp3Fgvbrain2w==
2UmaCHVpGtS5gUsraRxtp+n7Hr3Frqz7iWyTg7PJ6wIv7/KTgO80ajWx1Q1ieFmvJ+d9Eoj5+RUNWFgCJfLfhfV3Q8khTQksdhDbcDxl/r1sneoUSHOAh/zW6oEYGFZiXYC0CucPtEpHupY3L1Y7Yw3O8rsz11NRIzLqCcdNTMB/avAIWeKq5tt0ZqlXClw/5XlHkou7p8Y=
bhfLpN+nVrQe4lHO+C0Gf+r3UKzBuOXljXOVj66A5lABy5ypyaN2O2jr1V0sdmSIK900XsimplZ1awcPZPHbi9t3Q8khTQksdhDbcDxl/r1sneoUSHOAh/zW6oEYGFZiXYC0CucPtEpHupY3L1Y7Yw3O8rsz11NRIzLqCcdNTMB/avAIWeOq5tt0ZqlXClw/5XlHkou7p8Y=
hhhIQBJ4EJdznpzKR2Cn1i9dtPHYjB7nAyv3tbw/wZaY1vjQ/11weqjSRc2RbgxRfNuw0l6JxlEkYkRU85lk8ioSJuqNz3dDrCW7l8NzU6UJuUlQzvRr/LTxXuE0WTo4IEeAu4TyGk1QTLb+xQQk5k97dLZ/3qY7J0Ibv9WKohfbY9Pt25aaRQ+ZLNxnbuBkcRfqmmOQ1iXfnvxjvb2XvuOPp/o=
EDT6oIkufUYqt2RZwanJ641ZJSxj31pC5NoHNLGFyF/ZbZxRNnLU8uc07CJbfE5jJ9jVpOneuaNHWm6+z9l7N/4oiaHusLRgQXpsS2mGlZD9JBzw14VQHlz5KYEE2ctoBTezRtR2EjpAzh96isDwUlN20tI5Ll27zeCRZWYEjXnPmtR1B9Pse3M2kCHOcwZt11Z6bYwU33lHhLO7bTpBBSFKqm17lNBz5KNZ+YKn8Q==
EDT6oIkufUYqt2RZwanJ641ZJSxj31pC5NoHNLGFyF/ZbZxRNnLU8uc07CJbfE5jJ9jVpOneuaNHWm6+z9l7N/4oiaHusLRgQXpsS2mGlZD9JBzw14VQHlz5KYEE2ctoBTezRtR2EjpAzh96isDwUlN20tI5Ll27zeCRZWYEjXnPmtR1B9Pse3M2kCHOcwZt11Z6bYwU33lHhLO7bTpBBSFKqm17lNBz5KNZ+YKn8Q==
AZinCbclE5/TpHemnQ8PnDI1PeJlXyNlbwD8RQYuGm78hFtKTlg4/ZmcZHgomuH8IVF2qLN8wQT3l8hjasIWc9KxzK8UjzK5/aSjryXqkkb0NlYW2RY8QEY+la7E3t8eGxdbeDepUGS7denCAtmBYwo3JS6WTfizsAFRziwhaiTZVZHcFTfaWvfJB1K8QT0kNv9ye5+VtKfH
1HFOTmH3a7pmhmYcd1Ghrljgju6s7oV3+ZW8r5ZbIjrulbKFjcZSnbRr2KQ09mcH/JiN7WSYqSF/WbADa9W3zasvhS+pgoq6QwaI924D4AdikszxAAlgXFIXjKqm/PH6HKwDrdQk+1BOgVsE653BlLr99xUTH3/4Et+TP3wek1CYbn0HisinXn5fYxhMAeljT5SPuafI
ZkqZiMfZj1yEj92G9i+NCN/4242Yog+Y1FQMv6lj2N23iAxpRuYQl1yK23QIqlWQytwPmm77Kwzs1eHHH5Anbacc
qcd3p7OeUoMrog1W5iYMadqVjmQcPReX3h5wo93qrJy8fFN/x5sv7enwNDJaLaqBm0ShSpzqG98nH30sxfH4NllD/sZ5pF13aFntSrPFiZSGuLso7K2+xVx1ygxYe4C/jP4KWUhQlprt6BSSd4c08rcS9m//nnsbPSbSoyPfU2lTGgrRlwWMOM8CUJDJbipeK9wG8YfCHEfVkWeKm7On/g==
LnnnrPcyvGAlWP4qkzpo/u9G837/Zok4M5eOMbM5DmC2n3mD1RfQOQ+axhnDtZmDuI8L3sfbYYM0McE1SyEObSmzbJBRTX5O5JgyNuaGBC0fSGieO2FYgEqvD6sW2YXfLCL8c0tJxtFqN2KjNNk7CNV3A+ZE9mLaEA4vWprA4HJjtoIySa7NG32gQQWWBL1Zn1qklZdTXNujdmBB3nMWjaeWKs08lE8Zt8Rjm186MeVxihrN6xQgEzTjadmSp+E=
9cJB3cxcRlblTuF8JSL7pR5hpJUnE6jvXt87ajVlP4YeKiey9ikh7+/oJFluRv0NpHTbATv037MLemWNDfoWVf+0FKv4M7UxZqcV
HpX9ln10mSTQ78tclipaGzfV4vL36NM2V8nVOpp5U2epHx8aHX/Ntemwg0BOVRSlRuRRb28l1JRBTSVcOzqu3ahyWBdPYmB6teI6BHXdVcwx70Wa6xHjwnhJ0cTaN3aLe21Ipzs=
uuMkxLH0MZLYyELja9lBevaEJ1eNrSoBhh6IHc/VDwesVF1eWt65kPkuSkoYFZvhkQm2gJ9cU/lIlmdcdNDki7mXkHk3LESdVtL4E/xOs0DY3t00ivgH7r5PQ8jM0Qlzj2RvSac4
syI24fFsEhszR5/gnSTWnhd+YCxRRiViWuLBrAkSMvb4qeNdYbXOPF9gK8W4qh9glOycN0kr6MW3kDwhpm6ALxxyy3wo4qUISkR/Uk7zO3QsbXFPf1gXdacE
5QIYV/zxbHOYO+Q2J43Smyppy9cvmVEZQ08tZlrmybgZBhoS2M3LiTHhBvgfpOOR6H63BDQINKPZv2BBNxS0tTb6KMu8FmOoeLZtzAqAtwYeJxMQDIlZW29MH3GnAA==
i0IfjgFfGMPNeYFxypzjVQNa5PIeq3ADdE8tZlrmybgZBhoS2M3LiTHhBvgfpOOR6H63BDQINKPZv2BBNxS0tTb6KMu8FmOoeLZtzAqAtwYeJxMQDIlZW29MH3GnAA==
98D4iY43WV/kuHipcmf46XM1mRjFp93noeDaZE02kZyGhEg/f/eJC6qevwaHPwDEy7LEWmB9AfUsh/dWcHt+oPQd7CSXlgCcgepqYpNoNt0vZjybTUV3RhN3pwI=
iWyfBaLK09XevSYDOIGKpI1ZJSxj31pC5NoHNLGFyF/ZbZxRNnLU8uc07CJbfE5jJ9jVpOneuaNHWm6+z9l7N/4oiaHusLRgQXpsS2mGlZD9JBzw14VQHlz5KYEE2ctoBTezRtR2EjpAzh96isDwUlN20tI5Ll27zeCRZWYEjXnPmtR1B9Pse3M2kCHOcwZt11Z6bYwU33lHhLO7bzpBBSFKqm17lNBz5KNZ+YKn8Q==
Dnac3qXq5uKBsCi0EIpD9R5hpJQnE6jvXt87ajVlP4YeKiey9ikh7+/oJFluRv0NpHTbATv037MLemWNDfoWVf+0FKv4M7UxZqcV
