Ut+csnC4CB2gHqG+UeafTB9GJHh2F5kmV8k8R6ClqaxTYTUbZwMXW5VqKDtrx8hMXLka0SVraQ/0AseVito+cds1fvkxXHf/UcJOpsheQiYtDjBASiZhntC24/7HPy8o41GcJPfNPRK2sd3D9p+xXiLVdDM8meU+uIkWhAW9JYxBjxebu7JWgkpoYUcKF2ZL642oo88=
E1tpdFuraqVowniE7mBgDGywosA5spTupLWepvyLBrVFr/jzHIGNCwwFXIFlf2QzFpoik8aJ0N84p8Z5SczPH7kSBuaAbmrGNT4oQFIWeX74hqu+j+/HyFvB5KRPXcWyHuGVgz5vWX46pWwzJGn9HtD5XkTNbY0sOR+vG0Mi7uIiOKmHwidOK/O9sKPX
3cU0nx619JE8dB0msSe+EHz2i6wX3pP5OBPeACfmhs6+Q+gNPC6vZESQjOrQO8M/R2tMUz+5hJGEJMKddRaQ0rJDRoFRaW7TRgOi/bPzsnnjQlkDWsuo5hxj+PVuJ4bb+Jn3sHHnh244Fj4SVD4LQpbA7GpHhsb6FU6xk/kw5b1aRHEhe0qgnatzABPnhgTZUvOaFUPm7oXgtHMRs9QHYxH7fV7QGpxEF3f8W/DTTcGOo+k=
fJmbYCvUh3rUdwNKa/HnW/qWmuTT9mkpU7qcfoHrixGDigcd87ikQFU7R1/EYVsbeycDmQFdCTxWQJsgnPV+LczNqkRoY4CX3Iaq0biI1vL90PRaxx+0Wmfq1mePxrvzrZ6y6xPHU0EDYqpZZ93MUN86sFh59Kv2+CEm+/aa369FKQfCq7uj0g==
cypR+AXxQ9KoStPUqLujJ5jw07PMFvHARb/JKCwcAJbS56n5q0OgU4mfqy1bTtexWy0k3O2ft5MMVTtnYyMTdemJSWAuJCusFAHekZSJ+mhAd4CL5KLanfA8Ng5lVGQ2r0t0hp8O5muHspvPdVpiR7tT0927xlqVr+msLMc+oLSRIOuqgEWWd35ufxMdbVfug6+jzg==
3VyryVCwPI00lVMuJm4sW5jw07PMFvHARb/JKCwcAJbS9qH3rUyhAYmfqy1bTtexWyIk3O2ft5MMVTtnYyMTdemJSWAuJCusFAHekZSJ+mhAd4CL5KLanfA8Ng5lVGQ2r0t0hp8O5muHspvPdVpiR7tT0927xlqVr+msLMc+oLSRIOuqgEWWd35ufxMdbVfug6+jzg==
g+JPSb9lQetYaVBof1M16Epsm8k0MnPJcaIVEOoT2BPEWFZyRVMAKt+951Oy3wXi6a/rKRNU86kU6RbrUmOWJc8jHhF2xM/r9ptUviiD7M1yV6rzjFlD2J1XG5astspKaO5naoLA+EIrVvqi4e4la2WACdXuhAUJVzq8pb+TNEsb1qgxxnMOfe82kl3U1GcpryQrS+W7yba8qgA8g9eIg8yDoemao/0=
++VYw7rhU/dVpXlXLfE4Sz95bBOHbXvHNGeljpyd+xJWXydBmJmqE2YDgj3Tc1K5i0W7QzpLSKY8Y9i1zqcmm9iZl/CRZ+eu2BZe0vS+q4K2wMyq5wZmOnVOUVOZsAX9OkRRYdvKAN2LcyBTBwZkmbLz+tWjZo5FwLRT0RNUp6Mx+52esJp8BHd3HBtQU+2BrqPJ
BmL01BaN5DSRTiJQdMbe/FDrbALY6W4IYT47RLVNoxwTN/psbS4dfN7a/bS7+RLjvkP6bQuTeqmCRbNTEisQdsSjgMV2R84rUBkfADnHnx4A1maCrJ5Dkr7AxLoPJj5qTY6J4+EQrQ2yxNnRMyq4rdOz2INfZkyJuvPyxYuGVhW49IshqzTPE7l7Fe4YOoS0Lzcky4hzhZGmo8E=
cgquuR61f71xHfNvnV5dfOTgigXp/llP7ywEFCsoNoCE1tMnDd+9zfsbh7Qf/x9q5RohVe/tWOfLsd95e9tNa+nGQk6TMuCTTucIM3LmxPUADWgoQiNkToaYmc7MWMvplGAzpJ41M2BLeSkgKol/kZOb94yCa3vb3Hr75EiatULLjGyvrmkKfG/lAVdf4Ieto8g=
fFXaKFMLVm4Z06kXIAx4a19VLmJvGJh1TcA9R7Swo5ZTP3p0AW1+QZx/MDNU8eUrFPVOhX0PfBP+aurTjtl4f8A3fvkxXHf/UcJOpsheQiYtDjBASiZhntC24/7HPy8o41GcJPfNPRK2sd3D9p+xXiLVdDM8meU+uIkWhAW9JYxBjxebu7JWgkpoYUcKF2ZL642oo88=
jEbAQ+12KnadkmjpYT4IRbaxfxARuJ6E5dGShGdro0Muw0rN+1NKyZpHo7Mia2DWdCMQZSYHngugGS9gaYdP/pBWFuIcXrOyrsDUmv/mjgo9DhkDMVD9bYLEKfFjaugNQzNoIy8mfGmq8+Klu0amtQh0G4F79B8zyXslDsj61NS/t9QrODP1sbaj0Q==
w+rnLUzsOjy9w+gHZcE3uD9jYB6FLDKPK3D8g9DCpEBURmZBmJmqE2YDgj3Tc1K5ikS7QzpLSKY8Y9i1zqcmm9iZl/CRZ+eu2BZe0vS+q4K2wMyq5wZmOnVOUVOZsAX9OkRRYdvKAN2LcyBTBwZkmbLz+tWjZo5FwLRT0RNUp6Mx+52esJp8BHd3HBtQU+2BrqPJ
1CVpo8rGs7Y9kwKow1GKdTrYiZjU2JM5P43TyykYda+hG8u5SgF9geJvs558MI1c/ekntgosx1PFUd/ZGW/Zv6efsk/qKo944nLez1M+OSpTns8zmHoYgwtVPPlSqumSbgduDXWTJuMi4HJryC7gwRMQqilx80u5k3JnFUPhpSeFA+eXtPkbM+tf4xExhYnUBvi7aGztvoXcNcpM2DuA/wy+ChnIEJbabagU0vfHNLI3UvYvf957W71m0uOjn1Mp01oKkRdFjHhPQlDQSSwrHqiZBrMGgh8HVdFnyhvjo7o=
fcrYWPABqmj8YwaecTlwOyHb59MvV2iTwRoq4AbqoLVNgyRBt6IQ4w1BR27aZIer9Tn/wQln2YfXt1IXuuJPAFKaflfDtrmSozav60gyWHs7PRzhQqLpqh4vjlUlW+abkgjS81imYHnjuMrxobsLQaMaRw1T7qMf9SsHz+Qx20tbt0OJoQ0JbPZQ27C8pf597F3qVMgzgMd8lupBmNhWot1AtEpnT7QKx/qW96+WO6ONDvL7s5dTEaNy6slHjUwA/6rwSNmkq6ZYMWZr1spf/2W5R9IL66OC
TUVSiH3VbEkODdBNlH3lhacsX9Ti+wWnX/QmLwr+hW/0d5Rt55Grlc+U+1hHI8pIbKAOGwqvwPhAaycuYrutlbvDFzx/N+9S4y3RnY9lyD+L6c9xW5P9k2m+8oazOvBLjr+Yu5KutM0ANRhgoqv0FkZAicbskHuRFJiD7L49IzgLobmoSkGPqZOjB0Ti4+sDnCLr7GjSBbpL9NxnjmEapK+9kd+/qPeVo/A=
NMyf29IU4mDirUqNVGJf38WA0RUuxCNoNb3HbgMp7lvayu2L1BN8Wfdlo5HPkPOsVxciLExEZi/a2wg8AK/vWrIPxXEbp/+I78Nn1mOpWWkf0SBbKw2nxYvnNVcpejryYw6Yr67bcI+CWrzJADEQlLKfHHJmpOHyPOSzVVRcS5huiUvcq8VRHNq1By0TJ4+wclcDZzzGg1i4ps1+CzAUE15VckCP2Xnrr1z/kaP0
nOg9wK065YXACxpf8EYSUP5ZMixjm1pW5aEHPfa11nzsTrdzMEya9tZ74CUSTxFxK9OarKfE/fxQRm6ez5A+Hc0Gkrvqo84VJ0MmAXXDyPvOezyO8MNUHRr3MoME2ctoBTezRtR2EjpAzh96isDwUlN20tI5Ll27zeCRZWYEjXnPmtR1B9Pse3M2kCHOcwZt11Z6bYwU33lHhLO7bTtBBiRKqGx7l9Bz5KNZ+ZKj9Q==
vXOzjNwGkhGCpJOf/qxXNWN72lqrxwSi0ngDda5EKVjyYcI8+bnEHXBT/2Onk8+Oz7YvARY+vGpKxbL9LF7gkbOg6jkRA8tps0KnhaOUo3cls6eH1Amb48tvI4HR9YmEpkj7eAwdPlX8BQrcOEuAr6wOSgmo4BYKTZjUQhe3NOKX4rY/Hy77i51WEnND71N5c+pKgXe1DKhvcpBAqVwrTggpRqNmcp/XdeGnWvuTo+o=
l3YBbLavDU1MGoyKhoItNz95bBOHbXvPNnG32pGU5UBWWW4V1szYE2YDgj3Tc1K5iE+0QzpLSKY8Y9i1zqcmm9iZl/CRZ+eu2BZe0vS+q4K2wMyq5wZmOnVOUVOZsAX9OkRRYdvKAN2LcyBTBwZkmbLz+tWjZo5FwLRT0RNUp6Mx+52esJp8BHd3HBtQU+2BrqPJ
vcJPtbCD68y2hm+cjwwMvrb6gAu7lBxS8yxXHhcocsXQlZZzSLu9zfsbh7Qf/x9t4hQhVe/tWOfLsd95e9tNa+nGQk6TMuCTTucIM3LmxPUADWgoQiNkToaYmc7MWMvplGAzpJ41M2BLeSkgKol/kZOb94yCa3vb3Hr75EiatULLjGyvrmkKfG/lAVdf4Ieto8g=
nV/jukzPkMrrwST9lkrLi+aMhJGU248DHdu12dtPz/BPW7f6YoCJ8b+pELPrpdd9a/9lP6mS6uoDtmgH7rNAdyLC7OEAGUAMEmcsGiYMEUpc/GO91DQbgI4xO3RrLWFkei3XBRMPXyjSLzOP/G7z4Fi+nRaL2MQLPu2C6M+xSRMPxK+5o9w=
ov2x7K37oWRLp0ODi6uJeAMWESd+Ja6BTN+gsyRRVevkFVqCY28MU07KGlMeeSg/kBdO+cG8p78Bot4meL6y5h0uIEBaBlFeIFZTfldff2gzsWwkx+1tUuYRTUMGPwEeUrVkMyx5Ff4IKWYElR31TJGvJ5vL0gZCmojxx7p3Fgvbrbij3w==
Ne2iIsB7pBrHrT23GppSSOSMhICWzYsDHdu12dtPz/BPW7f0YoCJ8b+pELPrpdd9a/9lP6mS6uoDtmgH7rNAdyLC7OEAGUAMEmcsGiYMEUpc/GO91DQbgI4xO3RrLWFkei3XBRMPXyjSLzOP/G7z4Fi+nRaL2MQLPu2C6M+xSRMPxK+5o9w=
vWbBxY2oZuEiSK+P141oLQMWFzFiOK6BTN+gsyRRVevkFVSCY28MU07KGlMeeSg/kBdO+cG8p78Bot4meL6y5h0uIEBaBlFeIFZTfldff2gzsWwkx+1tUuYRTUMGPwEeUrVkMyx5Ff4IKWYElR31TJGvJ5vL0gZCmojxx7p3Fgvbrbij3w==
kWHa/rucFLMopz9ZaZyCqQMWFidwPa6BTN+gsyRRVevkFV2DY28MU07KGlMeeSg/kBdO+cG8p78Bot4meL6y5h0uIEBaBlFeIFZTfldff2gzsWwkx+1tUuYRTUMGPwEeUrVkMyx5Ff4IKWYElR31TJGvJ5vL0gZCmojxx7p3Fgvbrbij3w==
1h1n5pTEehawCxlvCDOq5Or3UKzBuOXljXOVj66A5lABy5ypyaN2O2jr1V0sdmSIK900XsimplZ1awcPZPHbi9t3Q8khTQksdhDbcDxl/r1sneoUSHOAh/zW6oEYGFZiXYC0CucPtEpHupY3L1Y7Yw3O8rsz11NRIzLqCcdNTMB/avAIWeWr5thxZqtWCl8/5XlHkouro8I=
u0CWgfbEOSCYhcr8GYqcYi9dtPHYjB7nAyv3tbw/wZaY1vjQ/11weqjSRc2RbgxRfNuw0l6JxlEkYkRU85lk8ioSJuqNz3dDrCW7l8NzU6UJuUlQzvRr/LTxXuE0WTo4IEeAu4TyGk1QTLb+xQQk5k97dLZ/3qY7J0Ibv9WKohfbY9Pt25aaRQ+ZLNxnbuBkcRHrmmCV1ifenv9jvb2XvuOfo/4=
/AZ7rUfDsSRsPBfGhH3Z2I1ZJSxj31pC5NoHNLGFyF/ZbZxRNnLU8uc07CJbfE5jJ9jVpOneuaNHWm6+z9l7N/4oiaHusLRgQXpsS2mGlZD9JBzw14VQHlz5KYEE2ctoBTezRtR2EjpAzh96isDwUlN20tI5Ll27zeCRZWYEjXnPmtR1B9Pse3M2kCHOcwZt11Z6bYwU33lHhLO7bztBBiRKqGx7l9Bz5KNZ+ZKj9Q==
/AZ7rUfDsSRsPBfGhH3Z2I1ZJSxj31pC5NoHNLGFyF/ZbZxRNnLU8uc07CJbfE5jJ9jVpOneuaNHWm6+z9l7N/4oiaHusLRgQXpsS2mGlZD9JBzw14VQHlz5KYEE2ctoBTezRtR2EjpAzh96isDwUlN20tI5Ll27zeCRZWYEjXnPmtR1B9Pse3M2kCHOcwZt11Z6bYwU33lHhLO7bztBBiRKqGx7l9Bz5KNZ+ZKj9Q==
GaDoZRq8AaeJyd86dLt+szI1PeJlXyNlbwD8RQYuGm78hFtKTlg4/ZmcZHgomuH8IVF2qLN8wQT3l8hjasIWc9KxzK8UjzK5/aSjryXqkkb0NlYW2RY8QEY+la7E3t8eGxdbeDepUGS7denCAtmBYwo3JS6WTfizsAFRziwhaiTZVZHcFTfYW/fKAlK+QD0nNv9ye5+VpKPD
zbq/tf86CBtGPKOgw052g1jgju6s7oV3+ZW8r5ZbIjrulbKFjcZSnbRr2KQ09mcH/JiN7WSYqSF/WbADa9W3zasvhS+pgoq6QwaI924D4AdikszxAAlgXFIXjKqm/PH6HKwDrdQk+1BOgVsE653BlLr99xUTH3/4Et+TP3wek1CYbn0Fi8ikW35dYhhPAeljT5SPqaPM
S4krnjBQ9qi+HmeTmDFWBt/4242Yog+Y1FQMv6lj2N23iAxpRuYQl1yK23QIqlWey9wMn275Kgzv1eHHH5AnfaMY
NBKR1hwuxEGyaRMVLfEGTNqVjmQcPReX3h5wo93qrJy8fFN/x5sv7enwNDJaLaqBm0ShSpzqG98nH30sxfH4NllD/sZ5pF13aFntSrPFiZSGuLso7K2+xVx1ygxYe4C/jP4KWUhQlprt6BSSd4c08rcS9m//nnsbPSbSoyPfU2lTGgrRlwWMOM8CUJDJYCteKNkG84bCH0fVkWeKm6Oj+g==
b6M4r43ZJGOL12Dp8Ys3we9G837/Zok4M5eOMbM5DmC2n3mD1RfQOQ+axhnDtZmDuI8L3sfbYYM0McE1SyEObSmzbJBRTX5O5JgyNuaGBC0fSGieO2FYgEqvD6sW2YXfLCL8c0tJxtFqN2KjNNk7CNV3A+ZE9mLaEA4vWprA4HJjtoIySa7NG32gQQWWBL1Zn1qklZdTXNujdmBB3nMWjaeWKs08lE8Zt8Rjm1E7MeZ0ihjM6xcgEzTjadmCo+U=
oalTfiELqbbX7g04zl9tbB5hpJUnE6jvXt87ajVlP4YeKiey9ikh7+/oJFluRv0NpHTbATv037MFe2WOCPoUVP+3FKv4M7UxdqMR
rtbpQg23d7vyd3lbx3Ah3zfV4vL36NM2V8nVOpp5U2epHx8aHX/Ntemwg0BOVRSlRuRRb28l1JRBTSVcOzqu3ahyWBdPYmB6teI6BHXdVcwx70ub6xLmwnpI0cfaN3aLe21Yoz8=
gxGeNXHrD8yGNtn3lMKNbvaEJ1eNrSoBhh6IHc/VDwesVF1eWt65kPkuSkoYFZvhkQm2gJ9cU/lIlmdcdNDki7mXkHk3LESdVtL4E/xOs0DY3t06i/gE675NQsjP0Qlzj2RvWaM8
KNfpeo2QhF6qyzIPcNhu/hd+YCxRRiViWuLBrAkSMvb4qeNdYbXOPF9gK8W4qh9glOycN0kr6MW3kDwhpm6ALxxyy3wo4qUGS0R8V07xOnQvbXFPf1gXZaMA
J7iZWvjGYtlxpNgpmr5g7ippy9cvmVEZQ08tZlrmybgZBhoS2M3LiTHhBvgfpOOR6H63BDQINKPZv2BBNxS0tTb6KMu8FmOoeLZtwguAtAMeJRIQD4lZW29MH2GjBA==
lEHPBUwcfOr47AQaLBqDjQNa5PIeq3ADdE8tZlrmybgZBhoS2M3LiTHhBvgfpOOR6H63BDQINKPZv2BBNxS0tTb6KMu8FmOoeLZtwguAtAMeJRIQD4lZW29MH2GjBA==
XZDpKqy+xjyA6Uhl88OO3nM1mRjFp93noeDaZE02kZyGhEg/f/eJC6qevwaHPwDEy7LEWmB9AfUsh/dWcHt+oPQd7CSXlgCcgeRrYpBtNt8uZj+bTUV3RhNnowY=
LkSJr4U2qY45ZbAWfoz5A41ZJSxj31pC5NoHNLGFyF/ZbZxRNnLU8uc07CJbfE5jJ9jVpOneuaNHWm6+z9l7N/4oiaHusLRgQXpsS2mGlZD9JBzw14VQHlz5KYEE2ctoBTezRtR2EjpAzh96isDwUlN20tI5Ll27zeCRZWYEjXnPmtR1B9Pse3M2kCHOcwZt11Z6bYwU33lHhLO7YTtBBiRKqGx7l9Bz5KNZ+ZKj9Q==
DAwjtwylyOVNc6Q4lEvBvB5hpJQnE6jvXt87ajVlP4YeKiey9ikh7+/oJFluRv0NpHTbATv037MFe2WOCPoUVP+3FKv4M7UxdqMR
Nl1dXohH4o1f83e1E/LCiKhWCB+FSXwObcmKS23Mz80xxiIQBSrEWuO+nxco81uvWMBOGEW5eijJpdQb1/Q+CvNjEyghhkvYM3SEGVJARu3rrDTFr1f/X7s462EKgaxJkoNBb11Pfg61/SbVGuTQ6/ma5gHxp6Eny3F/uXubzSvpBsKOk3Jg006niPNyJkS1AE3o6ELj5A6G2BmOzJhLKZQgs+Se9bOgS7mpYCrJ/1GTW3fMgiv7G9y6eyRI2jUAz0zsb64pijxvpYGXXyAH7aOI
eQxPo5x3VxNMbphfpHcXL3NzLEKVT8L9AEkXUYynvnYwZuiBYCQHFSN/RrQS77zoczPBUaSI7k4Kl8yE0BAvzfLpIuwcyTb4Gxg1SY4A6TEWWr4DqxwD4whV1Z0B4Ql7F5oMNg+0VGsXwojDQOU+4+tF5L5+7iCiiGcygej0v10+WOAey4IyGQFw7D3QmybzArFc7wQv4rktxLPvtYpCxgRWplYpdsxAtl5l7jS+L57Ld8s4J8mAZGvV+YKS+VHjOheVbqbtSLMAoWEOnAFapIl1ARwFl4lfpyoSki6gbadGHwK773XUo7M=
za3Rn+kbD/0KRURsIv/cK5BCmEFbY9E6tcF8JmnNOmq4lTOnUwJkdCUnyHOZNzskIhXrCHO4s/3QoHC/hRhSw/8HZOSIoOcNOrlazDQ5LvgDaB1pdtChcV7qZuMDjHtjsMU9PVmRQbvfSjRWZ4RMaw/y4KN4NfYjozW8HpZ+mCLw95phMET3HXaIGD7j8ioZGYDEHajL7jPKAQSPrL8aOZVU209teoqGTAaetsFG1ECubo0ODO5n3gOHE5hPWTjkk0VR4spJmSPyR+1Ojh1QsxjRSS5k0RLkwcXZ/K0H8d8fuvoydtAlZ47POtuHRcyjqw==
VjCI0HOaBjg9oz8w4t0Kri3y10ryDEgOQUHRa7eLdCWYtFpezdHeULD3xfcg5+pwdlTcmyIqIXQo1Wk04k6ks0E9O1E4EKdZr1hEaUhi3TpDg7eA27ZK6RqQFJypH3C03AhrrXaRbvwAgZJ4v9ApWUL4bdHSQrIzF5Sno2xdqe2NeU1bE6LAppN8sGvzChRTjN06w6/daM4C5kTiLO+OseTse726oCwO10qWmaU48C2c46KTRqlQ37inRnnJzE8fORKG5gBu6sa1PqhA0hb5fniGK74P70fI28FkpM9dRbKe4RWDvm/Zfrql7DOkaX0eUPneRE1tDSy5Hy0fwyJu4qI4KYdCJ84rc70wo1c=
YNRo8XBm5efNCA1ZbVgE5joipDdVN2hHTiL9h2w6+D91whKL5bpzRTFRKVheKzzIAxNwdlGApv8fOsvgeFK9A76I0botH5d5UqhvwvcGHUofMTqYdl2wExPz+cKb+SnxkmrN9qxS++Lmxcngy+eoj2pykg/Rfm4/9vSYggl6yjsrpfA1DYvX9qrmoYn4zyq2Jdlnb4irC8dYqB5A5YHKAAlNJOM3LO4ic0tDcEH+O7BzXDQh8piWBetE5B0Pb093+1CbGWrZ/GESq5G3vbeO5nXVlu26vICD+fK2WVGfEQ8LmY9Bm0MdA2kuktbzChC7Do84y9L+lF0ApTgw4ttUJsawafaswBsBFAhjPH4NQ0iLkRlYipGvOZMzJ5QiE0szHFKL3KgC5ShPZLw3zlH6VC+NMa//+NcFo2A=
fIvTiv0dY5hI14rKtRhHH6EqXo6UskJ3N90lwGOFfveqxcPAOopxgBtR6RG3ffnx/xUyyMhB0JDz+Udt9eV5MuLHG+wFlvWD5Kt5rKC9EIt2OwfHk4/QJaxjARrZnIKrGc1WPxpHalcF+sw4xLmRJfPh+R63xmfiDiehnjY8r/yyYIpjzkxidFVdSO3QBD79rLgBrJehfITTIWw+jMsp6BlDUiGXFTMF86st3n5eLQCOa812qqsyoQQzEaHWNjyaegKSk7BJ2pDFTQTcEvZpNihZm0TO1SKfnGN41e4nBtt4mXew8ecHbrgWvhLUPotCFsBsaseGRvqVTjGTeTBlvdpE8SH7SiCdK3OAE2eGhNnS8xoVw+ZuhWC08xEz1Idjk//9XlAaHESXd3xbcNPNwQ6jaQ==
KgWc9+4nzVel/fKDgn2hVvpS63QJ/fRElFOtVzkaGWVjvfJ1aP3Kv9LgFl2fw2Im46QKd2Vgllt3gF9GInJsBsohlpTqM4KOXJJTTz+koBNgng4jdoQQbYxqN3Q1ddP9cbxLqiSFaQiRb91LQgMJKPamYwhwjRY7OqUdFFgZOQqcqzQ7xJaDuzzMaQ/uTmu6wj8dltiPiCRee1ClbeMAsd7U9Z+79QAlr3UYnjJK/Z+ewnmrWBlfwqrwU11PWnnAjxLj2qh7OtZyd+syCFfXMdv1S/YnI0L3+HNyfd1dxUn6BCUTyveysqSxOUQa08kBxU37/3M7cy3ZUcm4HnxLtCSZHokkEZow8K+AU1T6ugVAJPaWVUwEbp+T9F6vVoZztypb18XCAh8Li9MFC546DR/xbLT3JsDsofpvcrAd9m9O9r8LrfU3tjN3oxY=
rv7AauJ3Gu9nWvpq4Ge8d0dNPzUdT2t5l9ojUz+bC0DuQ/0CwidSJ3QEDFkkDssMCXgWXsGm9Aw5luZpfvcCpZCt9zMXqFZktnn0FG0AcX0LVoEHqsHydsvJqPyqz4owAByWkWW5PLdx8TOGc8mU9nkSIQlw5SthJ95LdZuL5WJQW3fF2j+WXKF3PERgcF9NIgmyLAypZvjL+CUJHmC5sea6DkPbfLPj+PXl3XHBOfvHupx2HxSEa8dimIPQxe5j22WU/k5O0KI4B0LBWBRP3W44cF7bYuIZURD8/UB79nNy0ewv9M9SuV1kgy9FqnJGVHY2ljnWnEDm/nUupJ5/HvtXO/gXafBk2zUJQiKZIWPq9wWuto0Ys9BBcU4MYQokeZWxXHX3OV9XiiLSXoBdJ5Y/kvv/1QSjYw==
U+BGmI5tJypB7winpcDJhzoipDdVN2hHTiL9h2w6+D91wg6K/7wzXX1AJFNfJn7PRxl8aFvfpb8QOtzgfk3gH/2Fz7Q5A51mV691hvdEAkYWInCCLUClSR+z94Octi7xhW7XvaoI5ve8i9y8geCskzk6jwifN3M+7/+Ggzhx+jwwrfkvGpfg5rHioYn4zyq2Jdlnb4irC8dYqB5A5YHKAAlNJOM3LO4ic0tDcEH+O7BzXDQh8piWBetE5B0Pb093+1CbGWrZ/GESq5G3vbeO5nXVlu26vICD+fK2WVGfEQ8LmY9Bm0MdA2kuktbzChC7Do84y9L+lF0ApTgw4ttUJsawafaswBsBFAhjPH4NQ0iLkRlYipGvOZMzJ5QiE0szHFKL3KgC5ShPZLw3zlH6VC+NMa//+NcFo2A=
UI8e27yjDAFz4kvCND426ZzYqi2+NeL1tkZ1IoBwr7D7tEK2oCakRfCD4BIs/sV7hamsDwZKa4O4wr8/i1CEp3Q/d0DjBSLazzIi7QSnSO8aHe/RGDGc4dKZCTpDCYs0oepfS5PWXcQawip8NOh6vv8QH528Jf9uQNbsmIpf0DR8SEutVtEOfODB8nhfEEnZojhN0fKCErO3VIejDJ1Jbe05rVtz4mAmMzyQa9NKtNMsnVrDT50ITuImJOIMLy4xRCxbvZpgzI63inaZxXgQrfyjgpNm6fBfGOdmeSmML5/Z0ubm4K5KRhX+iEDy1ln+2EbLvm8vp0i7gYSk7x3lMj6hNYOeL7n+WuWMM0SpHZ6wOf5Eba2trBnfDR+j4o5iwnjJhyJnbqvT/RCjdw==
kaKvYB2sgWxuNgzMF1noyQWKQsV7+5gyB8IMyu1nwx1MfOAZpkDyi/sgap3IMuXubUuPnmIvN6C/kke9hyUe2PCxpN91O2Py9GWeq0GfY4uWUDjF3j4DqZMQYZjd4MYcBoI5qlIANwOwI2lpFXFlKXc7Ur0fg5RmVUpyoz0zHdbjLelByIfR9KoyQXfA9upaYiAUyPo09LXvWqUlLazXBgn7RJ3lWs2VN64mtPJ1DUmcOqrOkvfc4hPua3P27AqkXR3AnfgkZg30uNncT4FUdFvhZG5kaxH4YcPqMW91m9X7a6Vulj71sNZrlcZyy9oRjPMZcX5WxIrCguqDiOkywM2NjCw61rFG8FnDtJb1Cu8UI3AFhoc+y4AZz6CJB68+sFY2orze0/LOwLTan2YuSh0OOcPR0B2tYsQJMcPqSE0jMwhjT6bcKYrzwmUbxkZ16HT7Qdt0v3Prf0VOqHq0lJ+39OuYsxVxVqMx
H2KjkrC0krysHsn39URVHimEUBS+3SwF/ZZXK7qtUstMOJka620eWNlX1eLUrWDubVEJhpVHH3jIbi8gi+dhapHYZDAeeFb6tGTEiQFUneUX9AP0QiYgvH9j3PTk4lm9EhiEn244r4iiVws5E/kOekgQUERDned45BrDA5iA6ACL3L/3QmT+evRSdmVeh1n4pzxlqxM6Wdgo1VLAo9ZI9CIjnI568g08mM5aUhGhaiiXtJrjrSbuyl0VaU9HgJrK1RcwvfYQVQNjIRAJZ9GYIsp+jVN2Rhl3QA0PLiKUE6F3LslMJ1bDxvAvqno6U+sOcOMnfbPxq6q/t5Kb8JeyAWWp9UXSwIWPEiOinmwVufji57nNLcmbI2svI8FRNYlEJgj7OIzdPpV8RQqcuIuAbyxOSkkoIBbKzdjUApd3NCIXorZ/n+77Sx0WEjPDL1O586pKwfd1DGjvMpAAKZ4vjohpRuPmsp8X9aGnGntToyo=
RsQ70k7nefAwOeqXae9WpqhWCB+FSXwObcmKS23Mz80xxiIQBSrEWuO+nxco81uvWMBOGEW5eijJpdQb1/Q+CvNjEyghhkvYM3SEGVJARu3rrDTFr1f/X7s462EKgaxJkoNBb11Pfg61/SbVGuTQ6/ma5gHxp6Eny3F/uXubzSvpBsKOk3Jg006niPNyJkS1AE3o6ELj5A6G2BmOzJhLKZQgs+Se9bOgS7mpYCrJ/1GTW3fMgiv7G9y6eyRI2jUBy0zvb64pijxvpYGXXyAH7aOI
+pQwYI5tsJUm9fUkP10R/nNzLEKVT8L9AEkXUYynvnYwZuiBYCQHFSN/RrQS77zoczPBUaSI7k4Kl8yE0BAvzfLpIuwcyTb4Gxg1SY4A6TEWWr4DqxwD4whV1Z0B4Ql7F5oMNg+0VGsXwojDQOU+4+tF5L5+7iCiiGcygej0v10+WOAey4IyGQFw7D3QmybzArFc7wQv4rktxLPvtYpCxgRWplYpdsxAtl5l7jS+L57Ld8s4J8mAZGvV+YKS+VHjOheVbqbtSLMAoWEOnAFapIl1ARwFl4hbpykSki6gbadGHwK773XUo7M=
uN2g0l5Om3OHgUnZTPQucZBCmEFbY9E6tcF8JmnNOmq4lTOnUwJkdCUnyHOZNzskIhXrCHO4s/3QoHC/hRhSw/8HZOSIoOcNOrlazDQ5LvgDaB1pdtChcV7qZuMDjHtjsMU9PVmRQbvfSjRWZ4RMaw/y4KN4NfYjozW8HpZ+mCLw95phMET3HXaIGD7j8ioZGYDEHajL7jPKAQSPrL8aOZVU209teoqGTAaetsFG1ECubo0ODO5n3gOHE5hPWTjkk0VR4spJmSPyR+1Ojh1QsxjRSS5k0RLkwcXZ/K0H8NsfufoydtAlZ47POtuHRcyjqw==
w9WxkY9a/cxZZRokTz5SVy3y10ryDEgOQUHRa7eLdCWYtFpezdHeULD3xfcg5+pwdlTcmyIqIXQo1Wk04k6ks0E9O1E4EKdZr1hEaUhi3TpDg7eA27ZK6RqQFJypH3C03AhrrXaRbvwAgZJ4v9ApWUL4bdHSQrIzF5Sno2xdqe2NeU1bE6LAppN8sGvzChRTjN06w6/daM4C5kTiLO+OseTse726oCwO10qWmaU48C2c46KTRqlQ37inRnnJzE8fORKG5gBu6sa1PqhA0hb5fniGK74P70fI28FkpM9dRbKe4RWDvm/Zfrql7DOkaX0eUPneRE1tDSy5HywbwyFu4qI4KYdCJ84rc70wo1c=
JU6h8LYIQMfcJIeqyM0abToipDdVN2hHTiL9h2w6+D91whKL5bpzRTFRKVheKzzIAxNwdlGApv8fOsvgeFK9A76I0botH5d5UqhvwvcGHUofMTqYdl2wExPz+cKb+SnxkmrN9qxS++Lmxcngy+eoj2pykg/Rfm4/9vSYggl6yjsrpfA1DYvX9qrmoYn4zyq2Jdlnb4irC8dYqB5A5YHKAAlNJOM3LO4ic0tDcEH+O7BzXDQh8piWBetE5B0Pb093+1CbGWrZ/GESq5G3vbeO5nXVlu26vICD+fK2WVGfEQ8LmY9Bm0MdA2kuktbzChC7Do84y9L+lF0ApTgw4ttUJsawafaswBsBFAhjPH4NQ0iLkRlYipGvOZMzJ5QiE0szHFKL3KgC5SlLZL83zlH6VC+NMa//+NcFo2A=
5V42doLLZVYLON8D1OWolqEqXo6UskJ3N90lwGOFfveqxcPAOopxgBtR6RG3ffnx/xUyyMhB0JDz+Udt9eV5MuLHG+wFlvWD5Kt5rKC9EIt2OwfHk4/QJaxjARrZnIKrGc1WPxpHalcF+sw4xLmRJfPh+R63xmfiDiehnjY8r/yyYIpjzkxidFVdSO3QBD79rLgBrJehfITTIWw+jMsp6BlDUiGXFTMF86st3n5eLQCOa812qqsyoQQzEaHWNjyaegKSk7BJ2pDFTQTcEvZpNihZm0TO1SKfnGN41e4nBtt4mXew8ecHbrgWvhLUPotCFsBsaseGRvqVTjGTeTBlvdpE8SH7SiCdK3OAE2eGhNnS8xoVw+ZuhWC08xEz1Idjkvv9XVAaHESXd3xbcNPNwQ6jaQ==
/jSdxHEHokuBFloDq1iQXvpS63QJ/fRElFOtVzkaGWVjvfJ1aP3Kv9LgFl2fw2Im46QKd2Vgllt3gF9GInJsBsohlpTqM4KOXJJTTz+koBNgng4jdoQQbYxqN3Q1ddP9cbxLqiSFaQiRb91LQgMJKPamYwhwjRY7OqUdFFgZOQqcqzQ7xJaDuzzMaQ/uTmu6wj8dltiPiCRee1ClbeMAsd7U9Z+79QAlr3UYnjJK/Z+ewnmrWBlfwqrwU11PWnnAjxLj2qh7OtZyd+syCFfXMdv1S/YnI0L3+HNyfd1dxUn6BCUTyveysqSxOUQa08kBxU37/3M7cy3ZUcm4HnxLtCSZHokkEZow8K+AU1T6ugVAJPaWVUwEbp+T9F6vVoZztypb18XCAh8Li9MFC546DR/xbLT3JsDsoftrcrMd9m9O9r8LrfU3tjN3oxY=
af/f3cn6YOektNRUe98f5UdNPzUdT2t5l9ojUz+bC0DuQ/0CwidSJ3QEDFkkDssMCXgWXsGm9Aw5luZpfvcCpZCt9zMXqFZktnn0FG0AcX0LVoEHqsHydsvJqPyqz4owAByWkWW5PLdx8TOGc8mU9nkSIQlw5SthJ95LdZuL5WJQW3fF2j+WXKF3PERgcF9NIgmyLAypZvjL+CUJHmC5sea6DkPbfLPj+PXl3XHBOfvHupx2HxSEa8dimIPQxe5j22WU/k5O0KI4B0LBWBRP3W44cF7bYuIZURD8/UB79nNy0ewv9M9SuV1kgy9FqnJGVHY2ljnWnEDm/nUupJ5/HvtXO/gXafBk2zUJQiKZIWPq9wWuto0Ys9BBcU4MYQokeZWxXHX3OFtXiSLSXoBdJ5Y/kvv/1QSjYw==
UdACLyGV8jJaNirhzXy58ToipDdVN2hHTiL9h2w6+D91wg6K/7wzXX1AJFNfJn7PRxl8aFvfpb8QOtzgfk3gH/2Fz7Q5A51mV691hvdEAkYWInCCLUClSR+z94Octi7xhW7XvaoI5ve8i9y8geCskzk6jwifN3M+7/+Ggzhx+jwwrfkvGpfg5rHioYn4zyq2Jdlnb4irC8dYqB5A5YHKAAlNJOM3LO4ic0tDcEH+O7BzXDQh8piWBetE5B0Pb093+1CbGWrZ/GESq5G3vbeO5nXVlu26vICD+fK2WVGfEQ8LmY9Bm0MdA2kuktbzChC7Do84y9L+lF0ApTgw4ttUJsawafaswBsBFAhjPH4NQ0iLkRlYipGvOZMzJ5QiE0szHFKL3KgC5SlLZL83zlH6VC+NMa//+NcFo2A=
gx9bJeNyxe3IjDMWseUsX5zYqi2+NeL1tkZ1IoBwr7D7tEK2oCakRfCD4BIs/sV7hamsDwZKa4O4wr8/i1CEp3Q/d0DjBSLazzIi7QSnSO8aHe/RGDGc4dKZCTpDCYs0oepfS5PWXcQawip8NOh6vv8QH528Jf9uQNbsmIpf0DR8SEutVtEOfODB8nhfEEnZojhN0fKCErO3VIejDJ1Jbe05rVtz4mAmMzyQa9NKtNMsnVrDT50ITuImJOIMLy4xRCxbvZpgzI63inaZxXgQrfyjgpNm6fBfGOdmeSmML5/Z0ubm4K5KRhX+iEDy1ln+2EbLvm8vp0i7gYSk7x3lMj6hNYOeL7n+WuWMM0SpHZ6wOf5Eba2trBnfDBuj4Y5iwnjJhyJnbqvT/RCjdw==
gx2o2wRQqQiIISQSy4ZUpQWKQsV7+5gyB8IMyu1nwx1MfOAZpkDyi/sgap3IMuXubUuPnmIvN6C/kke9hyUe2PCxpN91O2Py9GWeq0GfY4uWUDjF3j4DqZMQYZjd4MYcBoI5qlIANwOwI2lpFXFlKXc7Ur0fg5RmVUpyoz0zHdbjLelByIfR9KoyQXfA9upaYiAUyPo09LXvWqUlLazXBgn7RJ3lWs2VN64mtPJ1DUmcOqrOkvfc4hPua3P27AqkXR3AnfgkZg30uNncT4FUdFvhZG5kaxH4YcPqMW91m9X7a6Vulj71sNZrlcZyy9oRjPMZcX5WxIrCguqDiOkywM2NjCw61rFG8FnDtJb1Cu8UI3AFhoc+y4AZz6CJB68+sFY2orze0/LOwLTan2YuSh0OOcPR0B2tYsQJMcPqSE0jMwhjT6bcKYrzwmUbxkZ16HT7Qdt0v3Pqe0VNqHq0lJ+39OuYsxVxVqMx
ZVZeCHu6UTrnoq0DuhH67SmEUBS+3SwF/ZZXK7qtUstMOJka620eWNlX1eLUrWDubVEJhpVHH3jIbi8gi+dhapHYZDAeeFb6tGTEiQFUneUX9AP0QiYgvH9j3PTk4lm9EhiEn244r4iiVws5E/kOekgQUERDned45BrDA5iA6ACL3L/3QmT+evRSdmVeh1n4pzxlqxM6Wdgo1VLAo9ZI9CIjnI568g08mM5aUhGhaiiXtJrjrSbuyl0VaU9HgJrK1RcwvfYQVQNjIRAJZ9GYIsp+jVN2Rhl3QA0PLiKUE6F3LslMJ1bDxvAvqno6U+sOcOMnfbPxq6q/t5Kb8JeyAWWp9UXSwIWPEiOinmwVufji57nNLcmbI2svI8FRNYlEJgj7OIzdPpV8RQqcuIuAbyxOSkkoIBbKzdjUApd3NCIXorZ/n+77Sx0WEjPDL1O586pKwfd1DGjvMpAAKZ8rjotpRuPmsp8X9aGnGntToyo=
