okZHso93c8N+NsiRwZXLMB9GJHh2F5kmV8k8R6ClqaxTYTUbZwMXW5VqKDtrx8hMXLka0SVraQ/0AseVito+cds1fvkxXHf/UcJOpsheQiYtDjBASiZhntC24/7HPy8o41GcJPfNPRK2sd3D9p+xXiLVdDM8meU+uIkWhAW9JYxBjxKbu7JXgkpoYUUKF2ZL642ltN4=
9Zn0tIwaiEMsW/5e4Vo4V2ywosA5spTupLWepvyLBrVFr/jzHIGNCwwFXIFlf2QzFpoik8aJ0N84p8Z5SczPH7kSBuaAbmrGNT4oQFIWeX74hqu+j+/HyFvB5KRPXcWyHuGVgz5vWX46pWwzJGn9HtD5XkTNbY0sOR+qG0Mi7+IiOKmFwidOK/O9vbTG
jXiKJ4NSGzW7uD2IiClE3nz2i6wX3pP5OBPeACfmhs6+Q+gNPC6vZESQjOrQO8M/R2tMUz+5hJGEJMKddRaQ0rJDRoFRaW7TRgOi/bPzsnnjQlkDWsuo5hxj+PVuJ4bb+Jn3sHHnh244Fj4SVD4LQpbA7GpHhsb6FU6xk/kw5b1aRHEhe0qgnatzABPnhgTZUvOaFUPm7oXgtHMRs9QHYxT7fV7RGpxEF3X8W/DTTcGDtPg=
ziHnxr4T63P3G31LjG/kc/qWmuTT9mkpU7qcfoHrixGDigcd87ikQFU7R1/EYVsbeycDmQFdCTxWQJsgnPV+LczNqkRoY4CX3Iaq0biI1vL90PRaxx+0Wmfq1mePxrvzrZ6y6xPHU0EDYqpZZ93MUN86sFh58av2+CAm+/aa3a9FKQfCq7a0ww==
3kCAgZDeNsdgIISQLYjt0Jjw07PMFvHARb/JKCwcAJbS56n5q0OgU4mfqy1bTtexWy0k3O2ft5MMVTtnYyMTdemJSWAuJCusFAHekZSJ+mhAd4CL5KLanfA8Ng5lVGQ2r0t0hp8O5muHspvPdVpiR7tT0927xlqVr+msLMc+oLSRJeuqgESWd35ufRMdbVfug6K03w==
LMhWil6vrNxrzVSuRXt59Jjw07PMFvHARb/JKCwcAJbS9qH3rUyhAYmfqy1bTtexWyIk3O2ft5MMVTtnYyMTdemJSWAuJCusFAHekZSJ+mhAd4CL5KLanfA8Ng5lVGQ2r0t0hp8O5muHspvPdVpiR7tT0927xlqVr+msLMc+oLSRJeuqgESWd35ufRMdbVfug6K03w==
qP4i7O/Riag1vP/brS0XJUpsm8k0MnPJcaIVEOoT2BPEWFZyRVMAKt+951Oy3wXi6a/rKRNU86kU6RbrUmOWJc8jHhF2xM/r9ptUviiD7M1yV6rzjFlD2J1XG5astspKaO5naoLA+EIrVvqi4e4la2WACdXuhAUJVzq8pb+TNEsb1qgxxnMOfe82kl3U1GcpryQrS+C7yba9qgA8g9WIg8yDoemXtOw=
hBiXcbDgv115mM5ISgHLpT95bBOHbXvHNGeljpyd+xJWXydBmJmqE2YDgj3Tc1K5i0W7QzpLSKY8Y9i1zqcmm9iZl/CRZ+eu2BZe0vS+q4K2wMyq5wZmOnVOUVOZsAX9OkRRYdvKAN2LcyBTBwZkmbLz+tWjZo5FwLRT0RNUp6M0+52esZp8BHd1HBtQU+2Bo7TY
UeXSTkgOhkTxR9V7/SnMrlDrbALY6WoIYT47RLVNoxwTN/psbS4dfN7a/bS7+RLjvkP6bQuTeqmCRbNTEisQdsSjgMV2R84rUBkfADnHnx4A1maCrJ5Dkr7AxLoPJj5qTY6J4+EQrQ2yxNnRMyq4rdOz2INfZkyJuvPyxYuGVhW49IshqzTPE7x7Fe4ZOoS0LzUky4hzhZGrtNA=
6gVkIc9wvTJeCRduPDp8O+TgigXp/llP7ywEFCsoNoCE1tMnDd+9zfsbh7Qf/x9q5RohVe/tWOfLsd95e9tNa+nGQk6TMuCTTucIM3LmxPUADWgoQiNkToaYmc7MWMvplGAzpJ41M2BLeSkgKol/kZOb94yCa3vb3Hr75EiatUfLjGyurmkKfG3lAVdf4IegtNk=
1YFZyFE1JeND5xiVjBeAqF9VLmJvGJh1TcA9R7Swo5ZTP3p0AW1+QZx/MDNU8eUrFPVOhX0PfBP+aurTjtl4f8A3fvkxXHf/UcJOpsheQiYtDjBASiZhntC24/7HPy8o41GcJPfNPRK2sd3D9p+xXiLVdDM8meU+uIkWhAW9JYxBjxKbu7JXgkpoYUUKF2ZL642ltN4=
atydZB8Ncw6PkLzXV97KSLaxfxARuJ6E5dGShGdro0Muw0rN+1NKyZpHo7Mia2DWdCMQZSYHngugGS9gaYdP/pBWFuIcXrOyrsDUmv/mjgo9DhkDMVD9bYLEKfFjaugNQzNoIy8mfGmq8+Klu0amtQh0G4F79B8zzHslDsn61NS/tdQrODP1sbu0wA==
mEjYqe2ZqkiPRa4txIzAJD9jYB6FLDKPK3D8g9DCpEBURmZBmJmqE2YDgj3Tc1K5ikS7QzpLSKY8Y9i1zqcmm9iZl/CRZ+eu2BZe0vS+q4K2wMyq5wZmOnVOUVOZsAX9OkRRYdvKAN2LcyBTBwZkmbLz+tWjZo5FwLRT0RNUp6M0+52esZp8BHd1HBtQU+2Bo7TY
WdVNeXjE3d/9t1AztsYDfTrYiZjU2JM5P43TyykYda+hG8u5SgF9geJvs558MI1c/ekntgosx1PFUd/ZGW/Zo/qXg1HoKo944nLez1M+OSpTns8zmHoYgwtVPPlSqumSbgduDXWTJuMi4HJryC7gwRMQqilx80u5k3JnFUPhpSeFA+eXtPkbM+tf4xExhYnUBvi7aGztvoXcNcpM2DuA/wy+ChnIEJbabagU0vfHNLI3UvYvf957W71m0uOjn1Mp01oKkRdFjHhPQlDQSSkrHqiYBrMGgh0HVdFnyhvutKs=
20uqdFp7+M1HnSry9x129CHb59MvV2iTwRoq4AbqoLVNgyRBt6IQ4w1BR27aZIer9Tn/wQln2ZuKv2MJuOJPAFKaflfDtrmSozav60gyWHs7PRzhQqLpqh4vjlUlW+abkgjS81imYHnjuMrxobsLQaMaRw1T7qMf9SsHz+Qx20tbt0OJoQ0JbPZQ27C8pf597F3qVMgzgMd8lupBmNhWot1AtEpnT7QKx/qW96+WO6ONDvL7s5dTEaNy6slHjUwA/6rwSNmhq6ZYMGZr1spd/2W5R9IL5rST
NOY/pKwM2LyxwiPMojZhUqcsX9Ti+wWnX/QmLwr+hW/0d5Rt55Grlc+U+1hHI8pIbKAOGwqvwPhAaycuYrutlbvDFzx/N+9S4y3RnY9lyD+L6c9xW5P9k2m+8oazOvBLjr+Yu5KutM0ANRhgoqv0FkZAicbskHuRFJiD7L49IzgLobmoSkGPqZOjB0Ti4+sDnCLr7GjSBb9L9NxmjmEapK29kd+/qPeYtOE=
VQUAebbeXmGr9yCRxwI1U8WA0RUuxCNoNb3HbgMp7lvayu2L1BN8Wfdlo5HPkPOsVxciLExEZi/a2wg8AK/vWrIPxXEbp/+I78Nn1mOpWWkf0SBbKw2nxYvnNVcpejryYw6Yr67bcI+CWrzJADEQlLKfHHJmpOHyPOSzVVRcS5huiUvcq8VRHNq1By0TJ4+wclcDZzzGg1i4ps17CzAUEl5VckCN2Xnrr1z/nLTl
LGJuDXoOwQ4GuIUkdVMs+/5ZMixjm1pW5aEHPfa11nzsTrdzMEya9tZ74CUSTxFxK9OarKfE/fxQRm6ez5A+Hc0Gkrvqo84VJ0MmAXXDyPvOezyO8MNUHRr3MoME2ctoBTezRtR2EjpAzh96isDwUlN20tI5Ll27zeCRZWYEjXnPmtR1B9Pse3M2kCHOcwZt11Z6bYwU33lHhLO7aDtBBiVKqGx7ldBz5KNZ+Z+05A==
t6Z5K0IId1CLk1t7eUgMnmN72lqrxwSi0ngDda5EKVjyYcI8+bnEHXBT/2Onk8+Oz7YvARY+vGpKxbL9LF7gkbOg6jkRA8tps0KnhaOUo3cls6eH1Amb48tvI4HR9YmEpkj7eAwdPlX8BQrcOEuAr6wOSgmo4BYKTZjUQhe3NOKX4rY/Hy77i51WEnND71N5c+pKgXe1DKhvcpBAqVkrTggoRqNmcp3XdeGnWvuetPs=
nBSwiwENKeoOTnyXX4E69T95bBOHbXvPNnG32pGU5UBWWW4V1szYE2YDgj3Tc1K5iE+0QzpLSKY8Y9i1zqcmm9iZl/CRZ+eu2BZe0vS+q4K2wMyq5wZmOnVOUVOZsAX9OkRRYdvKAN2LcyBTBwZkmbLz+tWjZo5FwLRT0RNUp6M0+52esZp8BHd1HBtQU+2Bo7TY
gTyF+bTC/kB3pyP/E4/P5rb6gAu7lBxS8yxXHhcocsXQlZZzSLu9zfsbh7Qf/x9t4hQhVe/tWOfLsd95e9tNa+nGQk6TMuCTTucIM3LmxPUADWgoQiNkToaYmc7MWMvplGAzpJ41M2BLeSkgKol/kZOb94yCa3vb3Hr75EiatUfLjGyurmkKfG3lAVdf4IegtNk=
k+olJysyfUavi9Jvd/1MAuaMhJGU248DHdu12dtPz/BPW7f6YoCJ8b+pELPrpdd9a/9lP6mS6uoDtmgH7rNAdyLC7OEAGUAMEmcsGiYMEUpc/GO91DQbgI4xO3RrLWFkei3XBRMPXyjSLzOP/G7z4Fi+nROL2MQKPu2C6M2xSRMPxK+0tM0=
vgX+XdfCUW9P2dWP1DSZ7QMWESd+Ja6BTN+gsyRRVevkFVqCY28MU07KGlMeeSg/kBdO+cG8p78Bot4meL6y5h0uIEBaBlFeIFZTfldff2gzsWwkx+1tUuYRTUMGPwEeUrVkMyx5Ff4IKWYElR31TJGvIpvL0gdCmojxxbp3FgvbrbW0zg==
dvJoPTTBWp9ULPYMEN6SoOSMhICWzYsDHdu12dtPz/BPW7f0YoCJ8b+pELPrpdd9a/9lP6mS6uoDtmgH7rNAdyLC7OEAGUAMEmcsGiYMEUpc/GO91DQbgI4xO3RrLWFkei3XBRMPXyjSLzOP/G7z4Fi+nROL2MQKPu2C6M2xSRMPxK+0tM0=
UhKLYzb/TrywyBUAJFAL6gMWFzFiOK6BTN+gsyRRVevkFVSCY28MU07KGlMeeSg/kBdO+cG8p78Bot4meL6y5h0uIEBaBlFeIFZTfldff2gzsWwkx+1tUuYRTUMGPwEeUrVkMyx5Ff4IKWYElR31TJGvIpvL0gdCmojxxbp3FgvbrbW0zg==
vQxk/Gj14NroUrQaY3882QMWFidwPa6BTN+gsyRRVevkFV2DY28MU07KGlMeeSg/kBdO+cG8p78Bot4meL6y5h0uIEBaBlFeIFZTfldff2gzsWwkx+1tUuYRTUMGPwEeUrVkMyx5Ff4IKWYElR31TJGvIpvL0gdCmojxxbp3FgvbrbW0zg==
yIsao06l8eqg9Ss4A2vIMun7Hr3Frqz7iWyTg7PJ6wIv7/KTgO80ajWx1Q1ieFmvJ+d9Eoj5+RUNWFgCJfLfhfV3Q8khTQksdhDbcDxl/r1sneoUSHOAh/zW6oEYGFZiXYC0CucPtEpHupY3L1Y7Yw3O8rsz11NRIzLqCcdNTMB/avAIWeKr5thwZqtWCl0/5XlHkoumtNM=
aUa+lSznK+fMbsclabGxzOr3UKzBuOXljXOVj66A5lABy5ypyaN2O2jr1V0sdmSIK900XsimplZ1awcPZPHbi9t3Q8khTQksdhDbcDxl/r1sneoUSHOAh/zW6oEYGFZiXYC0CucPtEpHupY3L1Y7Yw3O8rsz11NRIzLqCcdNTMB/avAIWeOr5thwZqtWCl0/5XlHkoumtNM=
celDDMzuYvrUbWG8uyfDkC9dtPHYjB7nAyv3tbw/wZaY1vjQ/11weqjSRc2RbgxRfNuw0l6JxlEkYkRU85lk8ioSJuqNz3dDrCW7l8NzU6UJuUlQzvRr/LTxXuE0WTo4IEeAu4TyGk1QTLb+xQQk5k97dLZ/3qY7J0Ibv9WKohfbY9Pt25aaRQ+ZLNxnbuBkcRfrmmCU1ifenv1jvb2XvuOStO8=
dCS1T4BxqrAdeQQNvRZDu41ZJSxj31pC5NoHNLGFyF/ZbZxRNnLU8uc07CJbfE5jJ9jVpOneuaNHWm6+z9l7N/4oiaHusLRgQXpsS2mGlZD9JBzw14VQHlz5KYEE2ctoBTezRtR2EjpAzh96isDwUlN20tI5Ll27zeCRZWYEjXnPmtR1B9Pse3M2kCHOcwZt11Z6bYwU33lHhLO7bTtBBiVKqGx7ldBz5KNZ+Z+05A==
dCS1T4BxqrAdeQQNvRZDu41ZJSxj31pC5NoHNLGFyF/ZbZxRNnLU8uc07CJbfE5jJ9jVpOneuaNHWm6+z9l7N/4oiaHusLRgQXpsS2mGlZD9JBzw14VQHlz5KYEE2ctoBTezRtR2EjpAzh96isDwUlN20tI5Ll27zeCRZWYEjXnPmtR1B9Pse3M2kCHOcwZt11Z6bYwU33lHhLO7bTtBBiVKqGx7ldBz5KNZ+Z+05A==
FmHcDySpk10GGdw5IbO0xjI1PeJlXyNlbwD8RQYuGm78hFtKTlg4/ZmcZHgomuH8IVF2qLN8wQT3l8hjasIWc9KxzK8UjzK5/aSjryXqkkb0NlYW2RY8QEY+la7E3t8eGxdbeDepUGS7denCAtmBYwo3JS6WTfizsAFRziwhaiTZVZHcFTfaW/fKA1K+QD0lNv9ye5+VqbTS
aFPkJzzQJBiNTbncGr4LJ1jgju6s7oV3+ZW8r5ZbIjrulbKFjcZSnbRr2KQ09mcH/JiN7WSYqSF/WbADa9W3zasvhS+pgoq6QwaI924D4AdikszxAAlgXFIXjKqm/PH6HKwDrdQk+1BOgVsE653BlLr99xUTH3/4Et+TP3wek1CYbn0Hi8ikWn5dYhhNAeljT5SPpLTd
4qrqZcxR3cH8pOIbvPcApN/4242Yog+Y1FQMv6lj2N23iAxpRuYQl1yK23QIqlWQy9wMnm75Kgzt1eHHH5AncLQJ
FqhwmSeqeUC4nft9SGOCE9qVjmQcPReX3h5wo93qrJy8fFN/x5sv7enwNDJaLaqBm0ShSpzqG98nH30sxfH4NllD/sZ5pF13aFntSrPFiZSGuLso7K2+xVx1ygxYe4C/jP4KWUhQlprt6BSSd4c08rcS9m//nnsbPSbSoyPfU2lTGgrRlwWMOM8CUJDJbiteKNgG84bCHUfVkWeKm6606w==
AmI7dfSShEPFqUYepp7X7+9G837/Zok4M5eOMbM5DmC2n3mD1RfQOQ+axhnDtZmDuI8L3sfbYYM0McE1SyEObSmzbJBRTX5O5JgyNuaGBC0fSGieO2FYgEqvD6sW2YXfLCL8c0tJxtFqN2KjNNk7CNV3A+ZE9mLaEA4vWprA4HJjtoIySa7NG32gQQWWBL1Zn1qklZdTXNujdmBB3nMWjaeWKs08lE8Zt8Rjm187MeZ1ihjM6xUgEzTjadmPtPQ=
8guiab9RFD+1C1P/cH0i4x5hpJUnE6jvXt87ajVlP4YeKiey9ikh7+/oJFluRv0NpHTbATv037MLe2WOCfoUVP+1FKv4M7Uxe7QA
fcxN4Ye/OmrpA8e/tD0EFTfV4vL36NM2V8nVOpp5U2epHx8aHX/Ntemwg0BOVRSlRuRRb28l1JRBTSVcOzqu3ahyWBdPYmB6teI6BHXdVcwx70Wb6xLnwnpI0cXaN3aLe21VtC4=
7R7g6WwLrRShUPTvoHtQdPaEJ1eNrSoBhh6IHc/VDwesVF1eWt65kPkuSkoYFZvhkQm2gJ9cU/lIlmdcdNDki7mXkHk3LESdVtL4E/xOs0DY3t00i/gE6r5NQsjN0Qlzj2RvVLQt
1332TpKAM/7ajEhRzY3hkhd+YCxRRiViWuLBrAkSMvb4qeNdYbXOPF9gK8W4qh9glOycN0kr6MW3kDwhpm6ALxxyy3wo4qUIS0R8Vk7xOnQtbXFPf1gXaLQR
4dfAz6bzADVbdipU32qtKyppy9cvmVEZQ08tZlrmybgZBhoS2M3LiTHhBvgfpOOR6H63BDQINKPZv2BBNxS0tTb6KMu8FmOoeLZtzAuAtAIeJRIQDYlZW29MH2y0FQ==
SwlvaaIjVSCZkNcj7AsngANa5PIeq3ADdE8tZlrmybgZBhoS2M3LiTHhBvgfpOOR6H63BDQINKPZv2BBNxS0tTb6KMu8FmOoeLZtzAuAtAIeJRIQDYlZW29MH2y0FQ==
d1LLdZp9FH6GVeEM4Ku5ZXM1mRjFp93noeDaZE02kZyGhEg/f/eJC6qevwaHPwDEy7LEWmB9AfUsh/dWcHt+oPQd7CSXlgCcgeprYpBsNt8uZj2bTUV3RhNqtBc=
nYmpluGEYXloQ7tKa/hk4I1ZJSxj31pC5NoHNLGFyF/ZbZxRNnLU8uc07CJbfE5jJ9jVpOneuaNHWm6+z9l7N/4oiaHusLRgQXpsS2mGlZD9JBzw14VQHlz5KYEE2ctoBTezRtR2EjpAzh96isDwUlN20tI5Ll27zeCRZWYEjXnPmtR1B9Pse3M2kCHOcwZt11Z6bYwU33lHhLO7bztBBiVKqGx7ldBz5KNZ+Z+05A==
g9N+jV8zbFkSLvbXnkCw0x5hpJQnE6jvXt87ajVlP4YeKiey9ikh7+/oJFluRv0NpHTbATv037MLe2WOCfoUVP+1FKv4M7Uxe7QA
wo0sfSDicPFgiKV2oZ+fpCkFhbdm5hhiED4MWyvL4NAOT3mBjHjJ3trEDWZhzSvPnMIrDOgyxRhKVJwGDgFaxK0d0f8/iDd4tAE=
B8GMelAsZAqrK9uR/xqTk5wFinpShUtEvq4hDSOE/4nRUkElUpK3nMVBh6C58gJnOILtBiBPQPjTQ6t6c0OPXc7Z4sQ9jb1sqX/dGnOCfyLSGBkFkkdea0MdbbQW
XNsuILcm/CGXErgzdVc3rut/NMAPI4yNkm2Qz+2dheJm+TW80JiFfIRwC7/5FPipOCEFGhdAOx8d3//I3qXIohCVfCbhQpjYEvCEiMLf2Jibk0N6GxNUslJTmoTlfYUM4c81mtvyNwIqKEFFKtfGywtNRbQ+
2dT7r9r6HkL0JxlDrWCOxW3NjAUqHpXk6zUMB8odVLff4rRwxW+qGgBtqelsUPnG2tw9XY6h4ffcOnukSFo1gMrM7O6uqYq8bSWBF1+gB2C0GQ==
65C9hwfnIWRgYulu5871mDT2+FW7pmre2fVRTaACL1wk9Cthy7Qv0xV5da45uqT0TzWEC6jz5dELtHA=
qJi0hlv9laMJ5hS9LKgtFoYgOMJxdxrhIlhu8h+NTGC/inBoGUipRpgQ5kuWql2fJZnH8ssGtHM=
y1U9m2CIElzXzvB88Cj6tjT2+FW7pmre2fVRTaACL1wk9Cthy7Qv0x94da45uqT0TzWEC6jz5dELtHA=
K1Dxx5BH3NyI50ng+qdyYoYgOMJxdxrhIlhu8h+NTGC/inBoGUKoRpgQ5kuWql2fJZnH8ssGtHM=
bidtiDBeeg2YdoyQOQnfKwGidflAcFPo9idUyIe7N/rvO0ps1jy/ZLHlSTydZ6DYzxqLcuYwFeXe78oblyVxtAo=
Lw3akwS4xiiM0yVRmQ2EcrdYHG2maDVWLZ/aXD+O3IplyiwYMmOEC7XmhRcovUGrRcNcd0i1NG7K/9Eb19I1G9xYGWk7qxbDNXSmWRwISaui7Vieu2vPDeNbhApkh9Au7YxadRgXbVC4uirUN8fE96Wf/CawoJkkz39xuXubzSvpBsKOk3Jg006niPNyJkS1AE3o6ELj5A6G2BmOzJhLKZQgs+Se9bOgS7mpYCrJ/1GTW3fMgiv7G9y6eyRI2jUByEzsbq4pijxtpYGXXyAH4LSZ
Arnk5LmI21LYjioKDni7eWIaPKz68U6+s7uPQiaMhHKxbcWgqfs1rTwRZRjZ5zSsguoQLFbe14n3HK5p6Gc60Qzz4HL1AwO1YtElArpjFAZNqaLrVJSjVdt/0034EEzpNAyNanZf4ElZguiM9q7/CYA1ZdkwbOhezZY/Kc1jEzVpSUmgrmQr7JRB3lEUSfqowDeAy2Ri2l1w/DZO5RRkdi+LdEYfTuYrB/KbD/WaYoc7E9OdOwZaVS8prGxHfqD0EePoagAEljf+Ln3Tna1XLgPitJ8=
xhKyulrSKrvp3pH5b9/mZ8rmgzagdknn82RFyFPR0nlDamTtXZXa9uENv3+wlUppGbO3/vFDXMH8JAsx9klCo2NzxWv2jz6YSK2NPN6Qhc8oImzaET/uUfZr0g6d2BqmvX39yMqM4sP7QCOQM1tqYpQFPp7JFAVnf2eWGw6n5huYmddw0WcnLhgWHlK0vusCdsAMKqcGJro1TpHTWbBFfXpEEeEbysBdy3Ng00cGpBly87pV42ZOxQC0k1FTVOcj8vhdHnGaPIQ3ddybkFMtAeO0mA==
QjmMIrOg6dzlNpoaPErqsMrmgzagdknn82RFyFPR0nlDamTtXZXa8OENv3+2lUppGbO3/vFDXMH8JAsx2l5Cqn990mv2jz6YSK2NPN6Qhc8oImzaET/uUfZr0g6d2BqmvX39yMqM4sP7QCOQM1tqYpQFPp7JFAVnf2eWGw6n5huYmddw0WcnLhgWHlK0vusCdsAMKqcGJro1TpHTWbBFfXpEEeEbysBdy3Ng00cGpBly87pV42ZOxQC0k1FTVOcj8vhdHnGaPIQ3ddybkFMtAeO0mA==
KlO3kdDhT3RmuweFS/njVDK9RxRvrFaG7XR3n9Pu9lu9kKUG6whEW3GKfr2nohbG2HpYcOSbcXgtV75MyxDdhCSlTxjhR5CXCPRenZsw6IiDwy4iatYXJ9hd4FvEYqvAfIqbHdvkrFTUry1wdVwFA6wu0sV40g9Ms6sp10B3uH+Atz75cdy3/5FCjqaI3gImbY7wQIqmIZ6QNqP+B7/vKCPR3CS3TX0SdjEdwzYf8V5iVTQz/BklPngJVoRFPWWMgQ/UmHsyF4IK6CFFypemSysN5bSe
Q8/ej3y3CDtBpHZqaZxshMrmgzagdknn82RFyFPR0nlDamTtXZXa8OENv3+2lUppGbO3/vFDXMH8JAsx9klCvX5yz2v2jz6YSK2NPN6Qhc8oImzaET/uUfZr0g6d2BqmvX39yMqM4sP7QCOQM1tqYpQFPp7JFAVnf2eWGw6n5huYmddw0WcnLhgWHlK0vusCdsAMKqcGJro1TpHTWbBFfXpEEeEbysBdy3Ng00cGpBly87pV42ZOxQC0k1FTVOcj8vhdHnGaPIQ3ddybkFMtAeO0mA==
yIWfboT51RjPYulQ6K+S2DK9RxRvrFaG7XR3n9Pu9lu9kKUG6whEXXGKfr2hohbG2HpYcOSbcXgtV75M2hbfkSCxTxjhR5CXCPRenZsw6IiDwy4iatYXJ9hd4FvEYqvAfIqbHdvkrFTUry1wdVwFA6wu0sV40g9Ms6sp10B3uH+Atz75cdy3/5FCjqaI3gImbY7wQIqmIZ6QNqP+B7/vKCPR3CS3TX0SdjEdwzYf8V5iVTQz/BklPngJVoRFPWWMgQ/UmHsyF4IK6CFFypemSysN5bSe
ukYlySmvPAVbjd5icouFP7dYHG2maDVWLZ/aXD+O3IplyiwYMmOEDaS+3Qc+thX0QsBJXg7Wcyzdp8Zb0+AyDclFGWk7qxbDNXSmWRwISaui7Vieu2vPDeNbhApkh9Au7YxadRgXbVC4uirUN8fE96Wf/CawoJkkz39xuXubzSvpBsKOk3Jg006niPNyJkS1AE3o6ELj5A6G2BmOzJhLKZQgs+Se9bOgS7mpYCrJ/1GTW3fMgiv7G9y6eyRI2jUByEzsbq4pijxtpYGXXyAH4LSZ
5SXKB+2k5Ux1tRMUlNrhELdYHG2maDVWLZ/aXD+O3IplyiwYMmOEDaS+3Qc+thX0QsBJXg7Wcyzdp8Zb2vM4EMlHGWk7qxbDNXSmWRwISaui7Vieu2vPDeNbhApkh9Au7YxadRgXbVC4uirUN8fE96Wf/CawoJkkz39xuXubzSvpBsKOk3Jg006niPNyJkS1AE3o6ELj5A6G2BmOzJhLKZQgs+Se9bOgS7mpYCrJ/1GTW3fMgiv7G9y6eyRI2jUByEzsbq4pijxtpYGXXyAH4LSZ
lrhk5YIAsu9XdRN1cvNfp02ep+gLeibegHJ+9kme/PYEjx0HkOxTsxNPEWGCPMW+9Syj0x9H1sOJ8HNVnOVFGVKcYGHAub65rTfz6Uo1BS5CdwT6Ra2i50xgk0kzW7OhwESc1XzITSau65CV8eZIII46b3UIseVVqBhYwqUy30V1t0OJoQ0JbPZQ27C8pf597F3qVMgzgMd8lupBmNhWot1AtEpnT7QKx/qW96+WO6ONDvL7s5dTEaNy6slHjUwA/6rwSNmnqKZYMGZr1spd/2W5R9IL5rST
+JF57pu2Elj3lFXiwYZ48igFhbdm5hhiED4MWyvL4NAOT3mBjHjJ3trEDWZhzSvPnMIrDOgyxR5PVJwGDgFaxK0d0f8/iDd4tAE=
X2HqZQupFVIPLa037as1VG3JlV9kWsqqijUMB8odVLff47RwxW+qGgBtqelsUPnG2tw9XY6h4ffcOnukSFo1hs/M7O6uqYq8bSWBF1+gB2C0GQ==
bJ6xIlxByNjptqPlIfkP1TT2+FW7pmre2fVRTaACL1wk9Cthy7Qv0x1+da45uqT0TzWEC6jz5dELtHA=
SglMZZvsv3wUhghhZ96z7oYgOMJxdxrhIlhu8h+NTGC/inBoGUCuRpgQ5kuWql2fJZnH8ssGtHM=
eLuu7q9BfItUrxAZ2fnRtwCidflAcFPo9idUyIe7N/rvO0ps1jy/ZLHlSTydZ6TezxqLcuYwFeXe78oblyVxtAo=
oCATtHiGMUN/9uQYRpQuQysFhbdm5hhiED4MWyvL4NAOT3mBjHjJ3trEDWZhzSvPnMIrDOgyxR9LVJ8GDgFaxK0d0f8/iDd4tAE=
LQxXB57acA6XQOX49DfrpG3NjAUqHpXk6zUMB8odVLff4LRwxW+qGgBtqelsUPnG2tw9XY6h4ffcOnukSFo1h8vM7+6uqYq8bSWBF1+gB2C0GQ==
r+dMMxhepAFayzjPU6F2Mg+ewy7QctQXm2e4PG6j4S089FFSWkiV6tFhsyP8LnOgWH4dVIsYR0o+LQIozfHJ0w+EL3S0DQ==
Ykkoj1WQMIPL4tF2gcv6j009y4BfsXEuGi5DFjGezuFAVXmBjHjJ3trEDXVuyTHPnMIrDOgyxRhLVJ8GDgFaxK0d0f8/iDd4tAE=
gJ/VrKIcH2gFEhil9UFJ6ikdibd/8AdiED4MWyvL4NAOT3mBjHjJ3trEDWZhzSvPnMIrDOgyxRZLVJ8GDgFaxK0d0f8/iDd4tAE=
Y9MI57onvQi8IN+G7s6umW3JlUdoWtO8lTUMB8odVLff4qx8xXa8BQBtqelsUPnG2tw9XY6h4ffcOnukSFo1jsvM7+6uqYq8bSWBF1+gB2C0GQ==
lLC2b7BpfHxSI8jCMx+aFg6ewy7QctQXm2e4PG6j4S089FFSWkiV6tFhsyP8LnOgWH4dUooYR0o+LQIozfHJ0w+EL3S0DQ==
Unfwq8nDEs3rTSrQWHxawE09y4BfsXEuGi5DFjGfzuFAVXmBjHjJ3trEDXVuyTHPnMIrDOgyxR5KVJ8GDgFaxK0d0f8/iDd4tAE=
sBAxCVTVeSE45a381oLu3NJ4EyYSiivTPHl2Ta36SiC+/wXvthtZVVrVoYi0hlxxOX1SBuFD7koL7xio8EjtoCNffDgBCxj7n/LLQeQiaqCc4musaJKF+Ek0X6aOoZrkrf0Rn79od1i0IQ==
T7UDRNGJHAZtZOKZyxS64l9Cv01iAHiF0ia31j4ss6NK3zlRnU+s0oM7Ck5qha//16KvhFdbKz8rgDcVXqiEHzHV0YWhp5SMkX+Qfx92QzV0loJEPIYDGLhmTboIcJdSXpXygI0Z+auvHH9ctCU=
UD5b5Ii7NjEgP++acvUVatJ4EyYSiinTPHl2Ta36SiC+/wXvthtZVVrVoYi0hlxxOX1SBuFD7koL7xio8EjtoSNffDgBCxj7n/LLQeQiaqCc4musaJKF/Ug0X6aOoZrkrf0Rn79od1i0IQ==
iMrv2CUL0wXCRC3+Ux/yTjT2+FW7pmre2fVRTaACL1wk9Cthy7Qv0xR+da05uqT0TzWEC6jz5dELtHA=
MsAV2FyDfJWSpzZ1DSTcUIYgOMJxdxrhIlhu8h+NTGC/inBoGUmuRpsQ5kuWql2fJZnH8ssGtHM=
rLiyGTEt4ZZ3KQV/SKHkFjT2+FW7pmre2fVRTaACL1wk9Cthy7Qv0xt7daw5uqT0TzWEC6jz5dELtHA=
dhap7FAAJ0ZDsnfRMCjvkoYgOMJxdxrhIlhu8h+NTGC/inBoGUarRpoQ5kuWql2fJZnH8ssGtHM=
nJBSX6K0UCiFKAD9i0/7nykfg7d6/hliED4MWyvL4NAOT3mBjHjJ3trEDWZhzSvPnMIrDOgyxRxKVJ4GDgFaxK0d0f8/iDd4tAE=
VPwfCoZl7VYTuHbYG+Ao2FyDze1eIVDupGb0OhhPbyT9QfI0nJgYO1rwqWd5OqHn5tpQt0AUf7lnBJN7yzqhxMXKSKyblTCzBCO5OX+0BA==
224wHLVGkKnrZNghTRnoR74sbI5KS5zMzSvUzuqahfN95DToy5+TdL0XEePuFeOxd0NAFgoWanQNxfXP2LXCvyeVfC7jQtjVBuu936uagZWIgkY/DRUAuFlIlYTlfYUM4c81mtvwNwIqKEFFKtfGywtNRbQ+
9V/7VMODF69D386dc5Za6jT2+FW7pmre2fVRTaACL1wk9Cthy7Qv0xh6da44uqT0TzWEC6jz5dELtHA=
obR0iCl18MVzzwtzxW9arYYgOMJxdxrhIlhu8h+NTGC/inBoGUWqRpgR5kuWql2fJZnH8ssGtHM=
WtpQOzQNM1vE7Qk8GPpWFTT2+FW7pmre2fVRTaACL1wk9Cthy7Qv0xx5da44uqT0TzWEC6jz5dELtHA=
O0SYV3Hxc1voqMmR8yZuhYYgOMJxdxrhIlhu8h+NTGC/inBoGUKpRpgR5kuWql2fJZnH8ssGtHM=
YqbMiAl1yeZHG86C39xrUr4sbI5KS5zMzSvUzuqahfN95DToy5+TdL0XEePuFeOxd0NAFgoWanQNxfXP2LXCvyeVfC7jQtjVBuu936uagZWIgkI2GhIAuFlIlYTlfYUM4c82mdvyNgIqKEFFKtfGywtNRbQ+
Z/KH1lSe75+dM+PeEyfzhuVEncJnCHpawnNnc1lNOJsfdBDkh2AQUCARV0lJNjLeu/O9iZbFdkL4ENCmmtJib+g7aYfi6qm1kHJePxVlGJhxuF1ErS3trFlfyxhjYk5igviJheLnrqsTfV20Jg==
YZQj3jQzG9VORri2rA35leVEncJnCHpawnNnc1lNOJsfdBDkh2AQUCARV0lJNjLeu/O9iZbFdkL4ENCmmtJib+g7aYfi6qm1kHJaNgJiGJhxuF1ErS3trFlfzRhjYk5igviJheLnrqsTfV20Jg==
yt7SRBmUL9fKFAEL9ye17eVEncJnCC8ZnS85aH8DeJYUdDznvSIeQ2lmWEkUYzLOutP4jpagZ0f1AtmgntJgde47dZ/j6qm1kHJePxVlGJhxuF1ErS3trFlfyR9jYk5igviJheLnrqsTfV20Jg==
X2i8cyLZBNY/HVcCnuoZ6OVEncJnCC8ZnS85aH8DeJYUdDznvSIeQ2lmWEkUYzLOutP4jpagZ0f1AtmgntJgde47dZ/j6qm1kHJaNgJiGJhxuF1ErS3trFlfyB9jYk5igviJheLnrqsTfV20Jg==
OsHOEvPv/nnFxE/cBCeDLFct5rUeHq4d3bPG9sSriVk5FTq73eOmY2IoG1z0WjADeJexv2VeZ+b4tplptA1fuJ+fDBAWpoz4T8JQUEmtL56oGQYzBgIdh1VRZ0obbrQr
l62sRL772Ksy+3Key59rejT2+FW7pmre2fVRTaACL1wk9Cthy7Qv0xx+da44uqT0TzWEC6jz5dELtHA=
CmM9hHS+BdXN4zXbGCzJB4YgOMJxdxrhIlhu8h+NTGC/inBoGUGuRpgR5kuWql2fJZnH8ssGtHM=
5wTeCav4UrIA7/EKLFai+F9Cv01iAHiF0ia31j4ss6NK3zlRnU+s0oM7Ck5qha//16KvhFdbKz8rgDcVXqiEHzHV0YWhp5SMkX+QexZhRDV0loJEPIYDGLhmTbkOcJRTXpXygI0Z+auvHH9ctCU=
XAXtsRewZmur8y2y3AGvg19Cv01iAHrehzyg3SQ9nqN8ygwQ6x/xzpAuLxlW0eC52KKvhFdbKz8rgDcVXqiEHSnZ0Zy3uJSMkX+Qfx92QzV0loJEPIYDGLhmTbwOcJRTXpXygI0Z+auvHH9ctCU=
4CNEvMLvHxMWnLUWQi0bxl9Cv01iAHrehzyg3SQ9nqN8ygwQ6x/xzpAuLxlW0eC52KKvhFdbKz8rgDcVXqiEHSnZ0Zy3uJSMkX+QexZhRDV0loJEPIYDGLhmTb0OcJRTXpXygI0Z+auvHH9ctCU=
tt5vg/HCIRmTlaWgBVLxTU47Lhj+hsHC2q5zAQXOneHUHmLnqkUG5p3P/syNqsTtuBNvYU8fInEA93XhJg75tsjFCO/e2Y6+Y31athx/V6HSULvsLxSf+QeEczuoO4GFZEro7LuVEPOkoxl5X7Qk
wh5/hnT0N8B6Y0LRGpHxbdJ4EyYSiivTPHl2Ta36SiC+/wXvthtZVVrVoYi0hlxxOX1SBuFD7koL7xio8EjtoCNffDgBCxj/luXMQeQiaqCc4musaJKF/Es0X6eOoZrkrf0Rn79od1i0IQ==
j83XlSDiO/Xc30Hfr0nRaEp6IHCJwniegEzIpIIZrwSbZja/qPqmn5aalOO3cENiOnFEmNHdDrh52z4qx6R9A3sbNiYf7dY+mP/TKV7AR3SLdPtB23S/c+h7RU2oerSUn7X065izFXFbtCA=
jFOMqVWBrHel+HIKibQSwUp6IHCJwniegEzIpIIZrwSbZja/qPqmn5aalOO3cENiOnFEmNHdDrh52z4qx6R9A3sbNiYf7dY+nPbELl7AR3SLdPtB23S/c+p7RU2oerSUn7X065izFXFbtCA=
evNNhLNkc+jT+LxB+cNIqEp6IHCJwnvYyhLOpIQfjxicQgTs+P/WjZGNwLnyDFN5Kz8GidzHOalizj1+hq1YVyMvNSYf7dY+mP/TKV7AR3SLdPtB23S/c+R7RU2oerSUn7X065izFXFbtCA=
V40kSX0ZV9mUm72HHuMmWNJ4EyYSiinTPHl2Ta36SiC+/wXvthtZVVrVoYi0hlxxOX1SBuFD7koL7xio8EjtoSNffDgBCxj/luXMQeQiaqCc4musaJKF/ko0X6eOoZrkrf0Rn79od1i0IQ==
niuMu+rY6XdELyTT/gJWw9J4EyYSiivTPHl2Ta36SiC+/wXvthtZVVrVoYi0hlxxOX1SBuFD7koL7xio8EjtoSNffDgBCxj7n/LLQeQiaqCc4musaJKF/Uo0X6eOoZrkrf0Rn79od1i0IQ==
s15NSlkMJ3VLlXw1OoBc0NJ4EyYSiivTPHl2Ta36SiC+/wXvthtZVVrVoYi0hlxxOX1SBuFD7koL7xio8EjtoSNffDgBCxj/luXMQeQiaqCc4musaJKF+0o0X6eOoZrkrf0Rn79od1i0IQ==
GiGkAkAXH45KhWqUMw+2ouVEncJnCC4ZnXRscmgIYoc5dBDxtScWYyATEBoSbzHo9e6swdL0Z0XoFN+7mIYhfMtvLKvg6qm1kHJePxVlGJhxuF1ErS3trFlfyxljYU5igviJheLnrqsTfV20Jg==
HPd6Yoq2YNf9Z3/Xe42hoOVEncJnCC4ZnXRscmgIYoc5dBDxtScWYyATEBoSbzHo9e6swdL0Z0XoFN+7mIYhfMtvLKvg6qm1kHJaNgJiGJhxuF1ErS3trFlfyhljYU5igviJheLnrqsTfV20Jg==
c2ajaY7DdY4cZVPDxlj6DEp6IHCJwnmegEzIpIIZrwSbZja/qPqmn5aalOO3cENiOnFEmNHdDrh52z4qx6R9A3obNiYf7dY+mP/TKV7AR3SLdPtB23S/c+95RU2oerSUn7X065izFXFbtCA=
isqQmulsooxr+dZuNrZL7jT2+FW7pmre2fVRTaACL1wk9Cthy7Qv0x54da04uqT0TzWEC6jz5dELtHA=
l51gJhLoR7T/0kyfakAsnIYgOMJxdxrhIlhu8h+NTGC/inBoGUOoRpsR5kuWql2fJZnH8ssGtHM=
1O3R9kLambAEEV7e6kaaxzT2+FW7pmre2fVRTaACL1wk9Cthy7Qv0xt4da04uqT0TzWEC6jz5dELtHA=
t1WNczFudnkEnwTX9FwSmoYgOMJxdxrhIlhu8h+NTGC/inBoGUaoRpsR5kuWql2fJZnH8ssGtHM=
RpSG+IEYk7WcwFUm08eI2kp6IHCJwnmegEzIpIIZrwSbZja/qPqmn5aalOO3cENiOnFEmNHdDrh52z4qx6R9A3obNiYf7dY+nPbELl7AR3SLdPtB23S/c+V4RU2oerSUn7X065izFXFbtCA=
w6mMtH1jX7kDDhbcIyPzqEp6IHCJwnmegEzIpIIZrwSbZja/qPqmn5aalOO3cENiOnFEmNHdDrh52z4qx6R9A3obNiYf7dY+mP/TKV7AR3SLdPtB23S/c+l/RU2oerSUn7X065izFXFbtCA=
nfJWT0Q4rYr6HwUvv0vCtUp6IHCJwnmegEzIpIIZrwSbZja/qPqmn5aalOO3cENiOnFEmNHdDrh52z4qx6R9A3obNiYf7dY+nPbELl7AR3SLdPtB23S/c+l+RUirerSUn7X065izFXFbtCA=
H6a/JrSzXkcm5R4g9OrMI0p6IHCJwnvYyhLOpIQfjxicQgTs+P/WjZGNwLnyDFN5Kz8GidzHOalizj1+hq1YVyMvNSYf7dY+nPbELl7AR3SLdPtB23S/c+l+RUirerSUn7X065izFXFbtCA=
lykLVHQSOrE8r40lfiNyBE47Lhj+hsHC2q5zAQXOneHUHmLnqkUG5p3P/syNqsTtuBNvYU8fInEA93XhJg75tsjFCO/e2Y6+Y31athh2QKbSULvsLxSf+QeEczutPoGAZ0ro7LuVEPOkoxl5X7Qk
DzYhu4egWWZmi1fFTHSm61ct5rUeHq4d3bPG9sSriVk5FTq73eOmY2IoG1z0WjADeJexv2VeZ+b4tplptAlWr5ifDBAWpoz4T8JQUEmsLp6uGgYzBgIdh1VRZ0obbrQr
Y1N4hCwZOhHQasSvQfyGEgOidflAcFPo9idUyIe7N/rvO0ps1jy/ZLHlSTydZ6PezxyJcuYwFeXe78oblyVxtAo=
0HR6vzQ1osE9y/pfftWgDc3s/Ehaj+B4MwOLelOD/txilBPEHU0d7Mm//R6TxN2isth5BbIHvuvj3Q20dg==
3Y68tN/4w7MpWgAt1BXVCAG6eflZZkzo9idUyIe7N/rvO0ps1jy/ZLHlSTydZ6DezxyJcuYwFeXe78oblyVxtAo=
+d0qKm2BXPDeJNRDkJxFtczs/Ehaj+B4MwOLelOD/txilBPEHU0d7Mm/8h6TxN2isth5BbIHvuvj3Q20dg==
AHxLE87grZtzCSNnoHkgXAG4c/lcaFLo9idUyIe7N/rvO0ps1jy/ZLHlSTydZ6XbzxuJcuYwFeXe78oblyVxtAo=
NK2tSVXJpsKU5ncVmFwhcioFhbdm5hhiED4MWyvL4NAOT3mBjHjJ3trEDWZhzSvPnMIrDOgyxRZLVJ0EDgFaxK0d0f8/iDd4tAE=
XGZzoRH1XGLYCG23eM51oW3NjAUqHpXk6zUMB8odVLff4bRwxW+qGgBtqelsUPnG2tw9XY6h4ffcOnukSFo1jsvM7eyuqYq8bSWBF1+gB2C0GQ==
4HHA5HhRDQ7m+CwiK0xQHw2ewy7QctQXm2e4PG6j4S089FFSWkiV6tFhsyP8LnOgWH4dVooYRUg+LQIozfHJ0w+EL3S0DQ==
YIa5x6TY0TyvVEpIbBW1WU09y4BfsXEuGi5DFjGczuFAVXmBjHjJ3trEDXVuyTHPnMIrDOgyxRpKVJ0EDgFaxK0d0f8/iDd4tAE=
FnmNlGysl2Kt2ODtWvndXygdibd/8AdiED4MWyvL4NAOT3mBjHjJ3trEDWZhzSvPnMIrDOgyxRhKVJ0EDgFaxK0d0f8/iDd4tAE=
nK7Gw4hvw0mAuXsJpzpg8G3JlUdoWtO8lTUMB8odVLff46x8xXa8BQBtqelsUPnG2tw9XY6h4ffcOnukSFo1gMrM7eyuqYq8bSWBF1+gB2C0GQ==
pGv5Hwft8yysCFq5WLnlU19Cv01iAHuF0ia31j4ss6NK3zlRnU+t0oM7Ck5qha//16KvhFdbKz8rgDcVXqiEHjHV0YWhp5SMkX+Qfx92QzV0loJEPIYDGLhmTb0KcJRQXpXygI0Z+auvHH9ctCU=
D/xKpVCav7rf9w/rZEBegTT2+FW7pmre2fVRTaACL1wk9Cthy7Qv0xV6da47uqT0TzWEC6jz5dELtHA=
3FG3aqx2/bgtDvVSGtN53IYgOMJxdxrhIlhu8h+NTGC/inBoGUiqRpgS5kuWql2fJZnH8ssGtHM=
s6Kq7taomzI7rcmt0VnIthfMBUkk56AzZ5f/8sP5BsmzjZv7biMoNfXlpeu/M/sZuR3AnDz2MbOA2252Jw3+LpD/2zl2oH+kUzSD8QOUFwNm+M3+w9psZCf1rDtgk31hU7Qo
60a4Wjm6ySimxZAt4/s08NJ4EyYSiinTPHl2Ta36SiC+/wXvthtYVVrVoYi0hlxxOX1SBuFD7koL7xio8EjtoyNffDgBCxj7n/LLQeQiaqCc4musaJKF/Uo0X6SOoZrkrf0Rn79od1i0IQ==
wnySaaWVGhyZI6cKZhcKGtJ4EyYSiinTPHl2Ta36SiC+/wXvthtYVVrVoYi0hlxxOX1SBuFD7koL7xio8EjtoyNffDgBCxj/luXMQeQiaqCc4musaJKF+0o0X6SOoZrkrf0Rn79od1i0IQ==
CFfSLrpIN5OnzKMglh0rbBfMBUkk56AzZ5f/8sP5BsmzjZv7biMoNfXlpeu/M/sZuR3AnDz2MbOA2252Jw3+LpT2zD52oH+kUzSD8QOUFwNl+c39w9psZCf1rDtgk31hU7Qo
NUncX9OOd2SRb8yFuGMXbdJ4EyYSiinTPHl2Ta36SiC+/wXvthtYVVrVoYi0hlxxOX1SBuFD7koL7xio8EjtoyNffDgBCxj/luXMQeQiaqCc4musaJKF+kk0X6SOoZrkrf0Rn79od1i0IQ==
BlbcXzHySlbkv0ltU73KbzT2+FW7pmre2fVRTaACL1wk9Cthy7Qv0x94da07uqT0TzWEC6jz5dELtHA=
1PBRzHZ5d4upVy3QEsayxYYgOMJxdxrhIlhu8h+NTGC/inBoGUKoRpsS5kuWql2fJZnH8ssGtHM=
BlbcXzHySlbkv0ltU73KbzT2+FW7pmre2fVRTaACL1wk9Cthy7Qv0x94da07uqT0TzWEC6jz5dELtHA=
1PBRzHZ5d4upVy3QEsayxYYgOMJxdxrhIlhu8h+NTGC/inBoGUKoRpsS5kuWql2fJZnH8ssGtHM=
1PAS/XZHJDwTyT3HOGk1BRfMBUkk56AzZ5f/8sP5BsmzjZv7biMoNfXlpeu/M/sZuR3AnDz2MbOA2252Jw3+LpT2zD52oH+kUzSD8QOUFwNi/839w9psZCf1rDtgk31hU7Qo
SjPSYawGoRBzR0mTFOjevtJ4EyYSiinTPHl2Ta36SiC+/wXvthtYVVrVoYi0hlxxOX1SBuFD7koL7xio8EjtoyNffDgBCxj/luXMQeQiaqCc4musaJKF9k80X6SOoZrkrf0Rn79od1i0IQ==
Xt/GWJw4mKPJZvGs8VU0LV9Cv01iAHuF0ia31j4ss6NK3zlRnU+t0oM7Ck5qha//16KvhFdbKz8rgDcVXqiEHjHV0YWhp5SMkX+QexZhRDV0loJEPIYDGLhmTbIPcJdQXpXygI0Z+auvHH9ctCU=
bsKg7Op2WbrSm5KazcplfNJ4EyYSiivTPHl2Ta36SiC+/wXvthtYVVrVoYi0hlxxOX1SBuFD7koL7xio8EjtoyNffDgBCxj7n/LLQeQiaqCc4musaJKF+0k0XqSOoZrkrf0Rn79od1i0IQ==
88Rcg3G3t1086hRofx9WUl9Cv01iAHiF0ia31j4ss6NK3zlRnU+t0oM7Ck5qha//16KvhFdbKz8rgDcVXqiEHjHV0YWhp5SMkX+Qfx92QzV0loJEPIYDGLhmTb4JcJlQXpXygI0Z+auvHH9ctCU=
gRsTyW1xk9qtbSwthUQwujT2+FW7pmre2fVRTaACL1wk9Cthy7Qv0xl7daI7uqT0TzWEC6jz5dELtHA=
Ri0PNl3vYTcO4ans6yX8rYYgOMJxdxrhIlhu8h+NTGC/inBoGUSrRpQS5kuWql2fJZnH8ssGtHM=
QHwIfRFhv0TSyCZkqCU82DT2+FW7pmre2fVRTaACL1wk9Cthy7Qv0x15daI7uqT0TzWEC6jz5dELtHA=
tqnM742nM70FGpGlmPhJ5oYgOMJxdxrhIlhu8h+NTGC/inBoGUCpRpQS5kuWql2fJZnH8ssGtHM=
hpq+4OOO9zfsFS9mIpAlSjT2+FW7pmre2fVRTaACL1wk9Cthy7Qv0xl5daI7uqT0TzWEC6jz5dELtHA=
44uixyfVkLotWbqTk0jt14YgOMJxdxrhIlhu8h+NTGC/inBoGUSpRpQS5kuWql2fJZnH8ssGtHM=
EF2e4cgxZOY2VHLeJs9RTjT2+FW7pmre2fVRTaACL1wk9Cthy7Qv0xR4daI7uqT0TzWEC6jz5dELtHA=
QN/KNyH1TaWrdldiQKBKFYYgOMJxdxrhIlhu8h+NTGC/inBoGUmoRpQS5kuWql2fJZnH8ssGtHM=
1WcozDCI2cV/jbGxz0DPUDT2+FW7pmre2fVRTaACL1wk9Cthy7Qv0xp+das6uqT0TzWEC6jz5dELtHA=
hE+EoJbRkHVEK5j9jqxuXYYgOMJxdxrhIlhu8h+NTGC/inBoGUeuRp0T5kuWql2fJZnH8ssGtHM=
