m6dPp+kdsFV+5yCLakcvEx9GJHh2F5kmV8k8R6ClqaxTYTUbZwMXW5VqKDtrx8hMXLka0SVraQ/0AseVito+cds1fvkxXHf/UcJOpsheQiYtDjBASiZhntC24/7HPy8o41GcJPfNPRK2sd3D9p+xXiLVdDM8meU+uIkWhAW9JYxBjxubu7NTgkloYUUKF2ZL642ltN4=
JdLfJPBzHwMIb408Rtn6EmywosA5spTupLWepvyLBrVFr/jzHIGNCwwFXIFlf2QzFpoik8aJ0N84p8Z5SczPH7kSBuaAbmrGNT4oQFIWeX74hqu+j+/HyFvB5KRPXcWyHuGVgz5vWX46pWwzJGn9HtD5XkTNbY0sOR+jG0Mj6+IhOKmFwidOK/O9vbTG
f1KK1QdsNp2qCd76O/vXhnz2i6wX3pP5OBPeACfmhs6+Q+gNPC6vZESQjOrQO8M/R2tMUz+5hJGEJMKddRaQ0rJDRoFRaW7TRgOi/bPzsnnjQlkDWsuo5hxj+PVuJ4bb+Jn3sHHnh244Fj4SVD4LQpbA7GpHhsb6FU6xk/kw5b1aRHEhe0qgnatzABPnhgTZUvOaFUPm7oXgtHMRs9QHYx37fV/VGp9EF3X8W/DTTcGDtPg=
qowR+Pu83O795EGG8Tgc7PqWmuTT9mkpU7qcfoHrixGDigcd87ikQFU7R1/EYVsbeycDmQFdCTxWQJsgnPV+LczNqkRoY4CX3Iaq0biI1vL90PRaxx+0Wmfq1mePxrvzrZ6y6xPHU0EDYqpZZ93MUN86sFh5+Kv2+SQm+Paa3a9FKQfCq7a0ww==
g5UP81C0eXvu083vmliRjpjw07PMFvHARb/JKCwcAJbS56n5q0OgU4mfqy1bTtexWy0k3O2ft5MMVTtnYyMTdemJSWAuJCusFAHekZSJ+mhAd4CL5KLanfA8Ng5lVGQ2r0t0hp8O5muHspvPdVpiR7tT0927xlqVr+msLMc+oLSRLOuqgUCWdH5ufRMdbVfug6K03w==
FqAqU7WFAI9JnaIIstMIPpjw07PMFvHARb/JKCwcAJbS9qH3rUyhAYmfqy1bTtexWyIk3O2ft5MMVTtnYyMTdemJSWAuJCusFAHekZSJ+mhAd4CL5KLanfA8Ng5lVGQ2r0t0hp8O5muHspvPdVpiR7tT0927xlqVr+msLMc+oLSRLOuqgUCWdH5ufRMdbVfug6K03w==
w61onizokiogO36vu0Nl6kpsm8k0MnPJcaIVEOoT2BPEWFZyRVMAKt+951Oy3wXi6a/rKRNU86kU6RbrUmOWJc8jHhF2xM/r9ptUviiD7M1yV6rzjFlD2J1XG5astspKaO5naoLA+EIrVvqi4e4la2WACdXuhAUJVzq8pb+TNEsb1qgxxnMOfe82kl3U1GcpryQrS+m7ybe5qgM8g9WIg8yDoemXtOw=
aOORE6IrpvBrfpC+GCfHHz95bBOHbXvHNGeljpyd+xJWXydBmJmqE2YDgj3Tc1K5i0W7QzpLSKY8Y9i1zqcmm9iZl/CRZ+eu2BZe0vS+q4K2wMyq5wZmOnVOUVOZsAX9OkRRYdvKAN2LcyBTBwZkmbLz+tWjZo5FwLRT0RNUp6M9+52ftZp/BHd1HBtQU+2Bo7TY
gPv193HPT0vPT94aw7956VDrbALY6WoIYT47RLVNoxwTN/psbS4dfN7a/bS7+RLjvkP6bQuTeqmCRbNTEisQdsSjgMV2R84rUBkfADnHnx4A1maCrJ5Dkr7AxLoPJj5qTY6J4+EQrQ2yxNnRMyq4rdOz2INfZkyJuvPyxYuGVhW49IshqzTPE7V7Fe8dOoe0LzUky4hzhZGrtNA=
cH82u/6QsfidbLlyTg7TCuTgigXp/llP7ywEFCsoNoCE1tMnDd+9zfsbh7Qf/x9q5RohVe/tWOfLsd95e9tNa+nGQk6TMuCTTucIM3LmxPUADWgoQiNkToaYmc7MWMvplGAzpJ41M2BLeSkgKol/kZOb94yCa3vb3Hr75EiatU7LjG2qrmoKfG3lAVdf4IegtNk=
PwFFxl70Sc+7qkDVfBhBWF9VLmJvGJh1TcA9R7Swo5ZTP3p0AW1+QZx/MDNU8eUrFPVOhX0PfBP+aurTjtl4f8A3fvkxXHf/UcJOpsheQiYtDjBASiZhntC24/7HPy8o41GcJPfNPRK2sd3D9p+xXiLVdDM8meU+uIkWhAW9JYxBjxubu7NTgkloYUUKF2ZL642ltN4=
0MS1HooSUUdX3yk5EodlG7axfxARuJ6E5dGShGdro0Muw0rN+1NKyZpHo7Mia2DWdCMQZSYHngugGS9gaYdP/pBWFuIcXrOyrsDUmv/mjgo9DhkDMVD9bYLEKfFjaugNQzNoIy8mfGmq8+Klu0amtQh0G4F79B8zxXslD83619S/tdQrODP1sbu0wA==
nq3k5xqveo/FL7S4MRfZWj9jYB6FLDKPK3D8g9DCpEBURmZBmJmqE2YDgj3Tc1K5ikS7QzpLSKY8Y9i1zqcmm9iZl/CRZ+eu2BZe0vS+q4K2wMyq5wZmOnVOUVOZsAX9OkRRYdvKAN2LcyBTBwZkmbLz+tWjZo5FwLRT0RNUp6M9+52ftZp/BHd1HBtQU+2Bo7TY
UNn2WLK2Ur2qf0fQHFTc5TrYiZjU2JM5P43TyykYda+hG8u5SgF9geJvs558MI1c/ekntgosx1PFUd/ZGW/ZsdGarVPcKo944nLez1M+OSpTns8zmHoYgwtVPPlSqumSbgduDXWTJuMi4HJryC7gwRMQqilx80u5k3JnFUPhpSeFA+eXtPkbM+tf4xExhYnUBvi7aGztvoXcNcpM2DuA/wy+ChnIEJbabagU0vfHNLI3UvYvf957W71m0uOjn1Mp01oKkRdFjHhPQlDQSSArHqmcBrAGgh0HVdFnyhvutKs=
jXy4dhkRKWRtkCFh+VixNiHb59MvV2iTwRoq4AbqoLVNgyRBt6IQ4w1BR27aZIer9Tn/wQln2Ymhsk0LjOJPAFKaflfDtrmSozav60gyWHs7PRzhQqLpqh4vjlUlW+abkgjS81imYHnjuMrxobsLQaMaRw1T7qMf9SsHz+Qx20tbt0OJoQ0JbPZQ27C8pf597F3qVMgzgMd8lupBmNhWot1AtEpnT7QKx/qW96+WO6ONDvL7s5dTEaNy6slHjUwA/6rwSNmoq6ZZNGZo1spd/2W5R9IL5rST
LWE81uJAgjeuojQjbwXX2acsX9Ti+wWnX/QmLwr+hW/0d5Rt55Grlc+U+1hHI8pIbKAOGwqvwPhAaycuYrutlbvDFzx/N+9S4y3RnY9lyD+L6c9xW5P9k2m+8oazOvBLjr+Yu5KutM0ANRhgoqv0FkZAicbskHuRFJiD7L49IzgLobmoSkGPqZOjB0Ti4+sDnCLr7GjSBbZL9N1ijmIapK29kd+/qPeYtOE=
EHTNCu4FStooOTNUbuUyisWA0RUuxCNoNb3HbgMp7lvayu2L1BN8Wfdlo5HPkPOsVxciLExEZi/a2wg8AK/vWrIPxXEbp/+I78Nn1mOpWWkf0SBbKw2nxYvnNVcpejryYw6Yr67bcI+CWrzJADEQlLKfHHJmpOHyPOSzVVRcS5huiUvcq8VRHNq1By0TJ4+wclcDZzzGg1i4ps1yCzAVFl5WckCN2Xnrr1z/nLTl
Gdar8UsUV0w9fcVoSkb1Gf5ZMixjm1pW5aEHPfa11nzsTrdzMEya9tZ74CUSTxFxK9OarKfE/fxQRm6ez5A+Hc0Gkrvqo84VJ0MmAXXDyPvOezyO8MNUHRr3MoME2ctoBTezRtR2EjpAzh96isDwUlN20tI5Ll27zeCRZWYEjXnPmtR1B9Pse3M2kCHOcwZt11Z6bYwU33lHhLO7YTtBByFKq2x7ldBz5KNZ+Z+05A==
lYmu9EeM6/UMQpTKRGN4B2N72lqrxwSi0ngDda5EKVjyYcI8+bnEHXBT/2Onk8+Oz7YvARY+vGpKxbL9LF7gkbOg6jkRA8tps0KnhaOUo3cls6eH1Amb48tvI4HR9YmEpkj7eAwdPlX8BQrcOEuAr6wOSgmo4BYKTZjUQhe3NOKX4rY/Hy77i51WEnND71N5c+pKgXe1DKhvcpBAqVArTgksRqBmcp3XdeGnWvuetPs=
9BtvGa9w31032gE9mgevCz95bBOHbXvPNnG32pGU5UBWWW4V1szYE2YDgj3Tc1K5iE+0QzpLSKY8Y9i1zqcmm9iZl/CRZ+eu2BZe0vS+q4K2wMyq5wZmOnVOUVOZsAX9OkRRYdvKAN2LcyBTBwZkmbLz+tWjZo5FwLRT0RNUp6M9+52ftZp/BHd1HBtQU+2Bo7TY
lb3PeFD7dwiXNDXNzeDIBLb6gAu7lBxS8yxXHhcocsXQlZZzSLu9zfsbh7Qf/x9t4hQhVe/tWOfLsd95e9tNa+nGQk6TMuCTTucIM3LmxPUADWgoQiNkToaYmc7MWMvplGAzpJ41M2BLeSkgKol/kZOb94yCa3vb3Hr75EiatU7LjG2qrmoKfG3lAVdf4IegtNk=
V0GZPN3S1Dj0jLPeuZzh0uaMhJGU248DHdu12dtPz/BPW7f6YoCJ8b+pELPrpdd9a/9lP6mS6uoDtmgH7rNAdyLC7OEAGUAMEmcsGiYMEUpc/GO91DQbgI4xO3RrLWFkei3XBRMPXyjSLzOP/G7z4Fi+nRqL2MUOPu6C6M2xSRMPxK+0tM0=
C9CFsWSKfihMkU8OchtxvAMWESd+Ja6BTN+gsyRRVevkFVqCY28MU07KGlMeeSg/kBdO+cG8p78Bot4meL6y5h0uIEBaBlFeIFZTfldff2gzsWwkx+1tUuYRTUMGPwEeUrVkMyx5Ff4IKWYElR31TJGvK5vL0wNCmYjxxbp3FgvbrbW0zg==
2ZEyo09rxhqywoSTNiRviuSMhICWzYsDHdu12dtPz/BPW7f0YoCJ8b+pELPrpdd9a/9lP6mS6uoDtmgH7rNAdyLC7OEAGUAMEmcsGiYMEUpc/GO91DQbgI4xO3RrLWFkei3XBRMPXyjSLzOP/G7z4Fi+nRqL2MUOPu6C6M2xSRMPxK+0tM0=
NVxrjhyYm7MezRtG5g9jgQMWFzFiOK6BTN+gsyRRVevkFVSCY28MU07KGlMeeSg/kBdO+cG8p78Bot4meL6y5h0uIEBaBlFeIFZTfldff2gzsWwkx+1tUuYRTUMGPwEeUrVkMyx5Ff4IKWYElR31TJGvK5vL0wNCmYjxxbp3FgvbrbW0zg==
9wRqkv6O977re4k2uKfXKAMWFidwPa6BTN+gsyRRVevkFV2DY28MU07KGlMeeSg/kBdO+cG8p78Bot4meL6y5h0uIEBaBlFeIFZTfldff2gzsWwkx+1tUuYRTUMGPwEeUrVkMyx5Ff4IKWYElR31TJGvK5vL0wNCmYjxxbp3FgvbrbW0zg==
yg4yACZVgdqonn7o6mt0s+r3UKzBuOXljXOVj66A5lABy5ypyaN2O2jr1V0sdmSIK900XsimplZ1awcPZPHbi9t3Q8khTQksdhDbcDxl/r1sneoUSHOAh/zW6oEYGFZiXYC0CucPtEpHupY3L1Y7Yw3O8rsz11NRIzLqCcdNTMB/avAIWemr5tl0ZqhWCl0/5XlHkoumtNM=
XRBIJSvHoFuKSo92ecFNli9dtPHYjB7nAyv3tbw/wZaY1vjQ/11weqjSRc2RbgxRfNuw0l6JxlEkYkRU85lk8ioSJuqNz3dDrCW7l8NzU6UJuUlQzvRr/LTxXuE0WTo4IEeAu4TyGk1QTLb+xQQk5k97dLZ/3qY7J0Ibv9WKohfbY9Pt25aaRQ+ZLNxnbuBkcR3rmmGQ1iTenv1jvb2XvuOStO8=
PST/f7mQd5qDfkNoEqqAHI1ZJSxj31pC5NoHNLGFyF/ZbZxRNnLU8uc07CJbfE5jJ9jVpOneuaNHWm6+z9l7N/4oiaHusLRgQXpsS2mGlZD9JBzw14VQHlz5KYEE2ctoBTezRtR2EjpAzh96isDwUlN20tI5Ll27zeCRZWYEjXnPmtR1B9Pse3M2kCHOcwZt11Z6bYwU33lHhLO7aTpBByFKq2x7ldBz5KNZ+Z+05A==
PST/f7mQd5qDfkNoEqqAHI1ZJSxj31pC5NoHNLGFyF/ZbZxRNnLU8uc07CJbfE5jJ9jVpOneuaNHWm6+z9l7N/4oiaHusLRgQXpsS2mGlZD9JBzw14VQHlz5KYEE2ctoBTezRtR2EjpAzh96isDwUlN20tI5Ll27zeCRZWYEjXnPmtR1B9Pse3M2kCHOcwZt11Z6bYwU33lHhLO7aTpBByFKq2x7ldBz5KNZ+Z+05A==
CL1NyBugWH3b1rS3CN+aLDI1PeJlXyNlbwD8RQYuGm78hFtKTlg4/ZmcZHgomuH8IVF2qLN8wQT3l8hjasIWc9KxzK8UjzK5/aSjryXqkkb0NlYW2RY8QEY+la7E3t8eGxdbeDepUGS7denCAtmBYwo3JS6WTfizsAFRziwhaiTZVZHcFTfdWvfLB1K9QD0lNv9ye5+VqbTS
5e1f7CQxL3UCLFHbdxfap1jgju6s7oV3+ZW8r5ZbIjrulbKFjcZSnbRr2KQ09mcH/JiN7WSYqSF/WbADa9W3zasvhS+pgoq6QwaI924D4AdikszxAAlgXFIXjKqm/PH6HKwDrdQk+1BOgVsE653BlLr99xUTH3/4Et+TP3wek1CYbn0AisilXn5eYhhNAeljT5SPpLTd
KR3jFClr0tnqyxrVFEZSHd/4242Yog+Y1FQMv6lj2N23iAxpRuYQl1yK23QIqlWUytwNmm76Kgzt1eHHH5AncLQJ
fSmXubJHRtvGW6FCTDZATdqVjmQcPReX3h5wo93qrJy8fFN/x5sv7enwNDJaLaqBm0ShSpzqG98nH30sxfH4NllD/sZ5pF13aFntSrPFiZSGuLso7K2+xVx1ygxYe4C/jP4KWUhQlprt6BSSd4c08rcS9m//nnsbPSbSoyPfU2lTGgrRlwWMOM8CUJDJaipeKdwG8IbCHUfVkWeKm6606w==
Qfvzgwr2QEeiyey3LK3g9O9G837/Zok4M5eOMbM5DmC2n3mD1RfQOQ+axhnDtZmDuI8L3sfbYYM0McE1SyEObSmzbJBRTX5O5JgyNuaGBC0fSGieO2FYgEqvD6sW2YXfLCL8c0tJxtFqN2KjNNk7CNV3A+ZE9mLaEA4vWprA4HJjtoIySa7NG32gQQWWBL1Zn1qklZdTXNujdmBB3nMWjaeWKs08lE8Zt8Rjm1s6MedxihvM6xUgEzTjadmPtPQ=
As5uo/3vb6Fq0h9dFnfAKx5hpJUnE6jvXt87ajVlP4YeKiey9ikh7+/oJFluRv0NpHTbATv037MPemWPDfoXVP+1FKv4M7Uxe7QA
GBYB++RglXeLcXUM4sg8eTfV4vL36NM2V8nVOpp5U2epHx8aHX/Ntemwg0BOVRSlRuRRb28l1JRBTSVcOzqu3ahyWBdPYmB6teI6BHXdVcwx70Ga6xPjwnlI0cXaN3aLe21VtC4=
xclldY4abRcLJINQNGa0N/aEJ1eNrSoBhh6IHc/VDwesVF1eWt65kPkuSkoYFZvhkQm2gJ9cU/lIlmdcdNDki7mXkHk3LESdVtL4E/xOs0DY3t0wivgF7r5OQsjN0Qlzj2RvVLQt
ygE7e1j5PtPa6trO2sd4QRd+YCxRRiViWuLBrAkSMvb4qeNdYbXOPF9gK8W4qh9glOycN0kr6MW3kDwhpm6ALxxyy3wo4qUMSkR9Uk7yOnQtbXFPf1gXaLQR
owJAziEmDuUAmaSrlDo7dCppy9cvmVEZQ08tZlrmybgZBhoS2M3LiTHhBvgfpOOR6H63BDQINKPZv2BBNxS0tTb6KMu8FmOoeLZtyAqAtQYeJhIQDYlZW29MH2y0FQ==
ATcXvQ7umrYLgjnqgRwshQNa5PIeq3ADdE8tZlrmybgZBhoS2M3LiTHhBvgfpOOR6H63BDQINKPZv2BBNxS0tTb6KMu8FmOoeLZtyAqAtQYeJhIQDYlZW29MH2y0FQ==
/yZbzSJ6iOPxJqSvXZXNoHM1mRjFp93noeDaZE02kZyGhEg/f/eJC6qevwaHPwDEy7LEWmB9AfUsh/dWcHt+oPQd7CSXlgCcge9qYpFoNtwuZj2bTUV3RhNqtBc=
pITnkQOc9DCPnMssCJpTY41ZJSxj31pC5NoHNLGFyF/ZbZxRNnLU8uc07CJbfE5jJ9jVpOneuaNHWm6+z9l7N/4oiaHusLRgQXpsS2mGlZD9JBzw14VQHlz5KYEE2ctoBTezRtR2EjpAzh96isDwUlN20tI5Ll27zeCRZWYEjXnPmtR1B9Pse3M2kCHOcwZt11Z6bYwU33lHhLO7ajpBByFKq2x7ldBz5KNZ+Z+05A==
PDf3bfZwiP3k7fXPI8vPsx5hpJQnE6jvXt87ajVlP4YeKiey9ikh7+/oJFluRv0NpHTbATv037MOemWPDfoXVP+1FKv4M7Uxe7QA
/tidFymnRLlJ3MZflarmXjT2+FW7pmre2fVRTaACL1wk9Cthy7Qv0x95da89uqf0TzWEC6jz5dELtHA=
zoHmp0IPbWKvroVshtQfEoYgOMJxdxrhIlhu8h+NTGC/inBoGUKpRpkU5kiWql2fJZnH8ssGtHM=
/tidFymnRLlJ3MZflarmXjT2+FW7pmre2fVRTaACL1wk9Cthy7Qv0x95da89uqf0TzWEC6jz5dELtHA=
zoHmp0IPbWKvroVshtQfEoYgOMJxdxrhIlhu8h+NTGC/inBoGUKpRpkU5kiWql2fJZnH8ssGtHM=
Od4EzqsLGZmJVwqYYAH39lFGMdc+5mDc+eRQFIbhfjcMhdtOU70ePEZFLHynjmBEMXbp+iGwVsQePv3D/d0XniNytA8=
amnXAOqxyHnNbKVib/NsNR+uc/tIdCC7oi1e1YGxc7/9P09szyysZLHlSTydZ6XZzxuPcuUwFeXe78oblyVxtAo=
/tidFymnRLlJ3MZflarmXjT2+FW7pmre2fVRTaACL1wk9Cthy7Qv0x95da89uqf0TzWEC6jz5dELtHA=
zoHmp0IPbWKvroVshtQfEoYgOMJxdxrhIlhu8h+NTGC/inBoGUKpRpkU5kiWql2fJZnH8ssGtHM=
f7MdS8DbqWY3Dkfg7dgcsFqx+kifPJNZyHKlMnTwpCs591BZNwyE/dZyuDP8LnOgWH4dVYkYRU4+LgIozfHJ0w+EL3S0DQ==
Jj0J1gCfLep3gvPcvBeho7X8rfSWZVDxZAJEtDM55JJlOSfJza/342zFu/eD09NFyZlJcA4U61z0kV4B9Pm6WGBngJvEkprtkKy2noWkpAaPW3SWvz4mm2ciG18VKiJ3m0PTzZv2GuXPeSy8J85ghLEz6bqhcFaEnv79g30dF96jsrTP
jTa/6x5wXeyHvqSi2WOslXM1mRjFp93noeDaZE02kZyGhEg/f/eJC6qevwaHPwDAybzEWmB9AfUsh/dWcHt+oPQd7CSXlgCcgetpYpFoNtwuZj2bTUV3RhNqtBc=
U4WZ41Ra9p3fDVm/WSQBmQNa5PIeq3ADdE8tZlrmybgZBhoS2M3LiTHhBvgfpOOR6Hq1CjQINKPZv2BBNxS0tTb6KMu8FmOoeLZtzQmAtQYeJhIQDYlZW29MH2y0FQ==
6Dt0LIXVv9HuEu2NCyNX+yppy9cvmVEZQ08tZlrmybgZBhoS2M3LiTHhBvgfpOOR6Hq1CjQINKPZv2BBNxS0tTb6KMu8FmOoeLZtzQmAtQYeJhIQDYlZW29MH2y0FQ==
s5Yu81UM3a0ePjari2mUvRd+YCxRRiViWuLBrAkSMvb4qeNdYbXOPF9gK8W4rh1ulOycN0kr6MW3kDwhpm6ALxxyy3wo4qUJSUR9Uk7yOnQtbXFPf1gXaLQR
NhvxnPQ2UgWTP4f5lliaYvaEJ1eNrSoBhh6IHc/VDwesVF1eWt65kPkuSkoYFZvhkQm2gJ9cU/lIkmVSdNDki7mXkHk3LESdVtL4E/xOs0DY3t01ifgF7r5OQsjN0Qlzj2RvVLQt
oxU6/rgz7Vov44yxRDiHaTfV4vL36NM2V8nVOpp5U2epHx8aHX/Ntemwg0BOVRSlRuRRb28l1JRFTytcOzqu3ahyWBdPYmB6teI6BHXdVcwx70SZ6xPjwnlI0cXaN3aLe21VtC4=
xSbU0IiXkSWFD8GiVOVpYMLF+4FWTZC1LVMqZWAW9RSvG2IaX1VwKW+d873ET5PVRMJFHIUp2jgv+0CHcB9U88Y6shN2aSAfaMf2ebnsn18JsvZmEA46BsUeOEBCNom+qOY7Pn9Pd4gL4RSkfz2Vcu4BJQOuz4m+CsV8MzSJzV6AWc7EfQ39bOn/nBkzAzsikZjZBVLHnmuDna201g==
bMZT0j52iNyMHiL+IG5kAO3Gqw31jDM+uon+BXMQWs7wtWUvJQdpky/bDlCkP+wtk6yVAxsnDAn68zVKXpu4hRL0S6FrNI+T+nlVb106xzRvNWRLSHNFEWu0EA==
ptrmc3eEZ68iZQZJvsjHci/O4PUwNKDVFRghuAix0xWynNv7vPYjCPjWre0JoPXmnobScA2pGbvv7N8MtHU=
ptrmc3eEZ68iZQZJvsjHci/O4PUwNKDVFRghuAix0xWynNv7vPYjCPjWre0JoPXmnobScA2pGbvv7N8MtHU=
acDcQ+cygWIuiY2p/mSgaLM3oMTIMbe/ACmJ2j+mtobjgkOljdqks5gLgJ5kKUtE4QmP5zxwso/MFgVqFtCO0tCs3r7c6o/i81DxKUqKqipjv1p1eU8EOXBng10lWS9AvEl7i/d++g3nV2PzUDQk+IsYAGNSO5bw4wkXCuZJ
